[31m[1m16:55:08.23 <error> TypeError: User.find(...).exec is not a function
    at module.exports (C:\Users\171120001\Documents\myweb\sever\middlewares\initAdmin.js:12:10)
    at dispatch (C:\Users\171120001\Documents\myweb\sever\node_modules\koa-compose\index.js:42:32)
    at next (C:\Users\171120001\Documents\myweb\sever\node_modules\koa-compose\index.js:43:18)
    at module.exports (C:\Users\171120001\Documents\myweb\sever\middlewares\errorHandle.js:20:15)
    at dispatch (C:\Users\171120001\Documents\myweb\sever\node_modules\koa-compose\index.js:42:32)
    at next (C:\Users\171120001\Documents\myweb\sever\node_modules\koa-compose\index.js:43:18)
    at module.exports (C:\Users\171120001\Documents\myweb\sever\middlewares\response.js:11:11)
    at dispatch (C:\Users\171120001\Documents\myweb\sever\node_modules\koa-compose\index.js:42:32)
    at next (C:\Users\171120001\Documents\myweb\sever\node_modules\koa-compose\index.js:43:18)
    at bodyParser (C:\Users\171120001\Documents\myweb\sever\node_modules\koa-bodyparser\index.js:86:11)
    at <anonymous>
    at process._tickCallback (internal/process/next_tick.js:188:7) (in errorHandle.js:24)[22m[39m
[31m[1m16:55:08.32 <error> TypeError: User.find(...).exec is not a function
    at module.exports (C:\Users\171120001\Documents\myweb\sever\middlewares\initAdmin.js:12:10)
    at dispatch (C:\Users\171120001\Documents\myweb\sever\node_modules\koa-compose\index.js:42:32)
    at next (C:\Users\171120001\Documents\myweb\sever\node_modules\koa-compose\index.js:43:18)
    at module.exports (C:\Users\171120001\Documents\myweb\sever\middlewares\errorHandle.js:20:15)
    at dispatch (C:\Users\171120001\Documents\myweb\sever\node_modules\koa-compose\index.js:42:32)
    at next (C:\Users\171120001\Documents\myweb\sever\node_modules\koa-compose\index.js:43:18)
    at module.exports (C:\Users\171120001\Documents\myweb\sever\middlewares\response.js:11:11)
    at dispatch (C:\Users\171120001\Documents\myweb\sever\node_modules\koa-compose\index.js:42:32)
    at next (C:\Users\171120001\Documents\myweb\sever\node_modules\koa-compose\index.js:43:18)
    at bodyParser (C:\Users\171120001\Documents\myweb\sever\node_modules\koa-bodyparser\index.js:86:11)
    at <anonymous>
    at process._tickCallback (internal/process/next_tick.js:188:7) (in errorHandle.js:24)[22m[39m
[31m[1m16:57:36.86 <error> TypeError: User.find(...).exec is not a function
    at module.exports (C:\Users\171120001\Documents\myweb\sever\middlewares\initAdmin.js:12:10)
    at dispatch (C:\Users\171120001\Documents\myweb\sever\node_modules\koa-compose\index.js:42:32)
    at next (C:\Users\171120001\Documents\myweb\sever\node_modules\koa-compose\index.js:43:18)
    at module.exports (C:\Users\171120001\Documents\myweb\sever\middlewares\errorHandle.js:20:15)
    at dispatch (C:\Users\171120001\Documents\myweb\sever\node_modules\koa-compose\index.js:42:32)
    at next (C:\Users\171120001\Documents\myweb\sever\node_modules\koa-compose\index.js:43:18)
    at module.exports (C:\Users\171120001\Documents\myweb\sever\middlewares\response.js:11:11)
    at dispatch (C:\Users\171120001\Documents\myweb\sever\node_modules\koa-compose\index.js:42:32)
    at next (C:\Users\171120001\Documents\myweb\sever\node_modules\koa-compose\index.js:43:18)
    at bodyParser (C:\Users\171120001\Documents\myweb\sever\node_modules\koa-bodyparser\index.js:86:11)
    at <anonymous>
    at process._tickCallback (internal/process/next_tick.js:188:7) (in errorHandle.js:24)[22m[39m
[31m[1m16:57:36.91 <error> TypeError: User.find(...).exec is not a function
    at module.exports (C:\Users\171120001\Documents\myweb\sever\middlewares\initAdmin.js:12:10)
    at dispatch (C:\Users\171120001\Documents\myweb\sever\node_modules\koa-compose\index.js:42:32)
    at next (C:\Users\171120001\Documents\myweb\sever\node_modules\koa-compose\index.js:43:18)
    at module.exports (C:\Users\171120001\Documents\myweb\sever\middlewares\errorHandle.js:20:15)
    at dispatch (C:\Users\171120001\Documents\myweb\sever\node_modules\koa-compose\index.js:42:32)
    at next (C:\Users\171120001\Documents\myweb\sever\node_modules\koa-compose\index.js:43:18)
    at module.exports (C:\Users\171120001\Documents\myweb\sever\middlewares\response.js:11:11)
    at dispatch (C:\Users\171120001\Documents\myweb\sever\node_modules\koa-compose\index.js:42:32)
    at next (C:\Users\171120001\Documents\myweb\sever\node_modules\koa-compose\index.js:43:18)
    at bodyParser (C:\Users\171120001\Documents\myweb\sever\node_modules\koa-bodyparser\index.js:86:11)
    at <anonymous>
    at process._tickCallback (internal/process/next_tick.js:188:7) (in errorHandle.js:24)[22m[39m
[31m[1m16:59:30.96 <error> TypeError: User.find(...).exec is not a function
    at module.exports (C:\Users\171120001\Documents\myweb\sever\middlewares\initAdmin.js:12:10)
    at dispatch (C:\Users\171120001\Documents\myweb\sever\node_modules\koa-compose\index.js:42:32)
    at next (C:\Users\171120001\Documents\myweb\sever\node_modules\koa-compose\index.js:43:18)
    at module.exports (C:\Users\171120001\Documents\myweb\sever\middlewares\errorHandle.js:20:15)
    at dispatch (C:\Users\171120001\Documents\myweb\sever\node_modules\koa-compose\index.js:42:32)
    at next (C:\Users\171120001\Documents\myweb\sever\node_modules\koa-compose\index.js:43:18)
    at module.exports (C:\Users\171120001\Documents\myweb\sever\middlewares\response.js:11:11)
    at dispatch (C:\Users\171120001\Documents\myweb\sever\node_modules\koa-compose\index.js:42:32)
    at next (C:\Users\171120001\Documents\myweb\sever\node_modules\koa-compose\index.js:43:18)
    at bodyParser (C:\Users\171120001\Documents\myweb\sever\node_modules\koa-bodyparser\index.js:86:11)
    at <anonymous>
    at process._tickCallback (internal/process/next_tick.js:188:7) (in errorHandle.js:24)[22m[39m
[31m[1m16:59:31.02 <error> TypeError: User.find(...).exec is not a function
    at module.exports (C:\Users\171120001\Documents\myweb\sever\middlewares\initAdmin.js:12:10)
    at dispatch (C:\Users\171120001\Documents\myweb\sever\node_modules\koa-compose\index.js:42:32)
    at next (C:\Users\171120001\Documents\myweb\sever\node_modules\koa-compose\index.js:43:18)
    at module.exports (C:\Users\171120001\Documents\myweb\sever\middlewares\errorHandle.js:20:15)
    at dispatch (C:\Users\171120001\Documents\myweb\sever\node_modules\koa-compose\index.js:42:32)
    at next (C:\Users\171120001\Documents\myweb\sever\node_modules\koa-compose\index.js:43:18)
    at module.exports (C:\Users\171120001\Documents\myweb\sever\middlewares\response.js:11:11)
    at dispatch (C:\Users\171120001\Documents\myweb\sever\node_modules\koa-compose\index.js:42:32)
    at next (C:\Users\171120001\Documents\myweb\sever\node_modules\koa-compose\index.js:43:18)
    at bodyParser (C:\Users\171120001\Documents\myweb\sever\node_modules\koa-bodyparser\index.js:86:11)
    at <anonymous>
    at process._tickCallback (internal/process/next_tick.js:188:7) (in errorHandle.js:24)[22m[39m
[31m[1m17:04:45.01 <error> TypeError: User.find(...).exec is not a function
    at module.exports (C:\Users\171120001\Documents\myweb\sever\middlewares\initAdmin.js:12:10)
    at dispatch (C:\Users\171120001\Documents\myweb\sever\node_modules\koa-compose\index.js:42:32)
    at next (C:\Users\171120001\Documents\myweb\sever\node_modules\koa-compose\index.js:43:18)
    at module.exports (C:\Users\171120001\Documents\myweb\sever\middlewares\errorHandle.js:20:15)
    at dispatch (C:\Users\171120001\Documents\myweb\sever\node_modules\koa-compose\index.js:42:32)
    at next (C:\Users\171120001\Documents\myweb\sever\node_modules\koa-compose\index.js:43:18)
    at module.exports (C:\Users\171120001\Documents\myweb\sever\middlewares\response.js:11:11)
    at dispatch (C:\Users\171120001\Documents\myweb\sever\node_modules\koa-compose\index.js:42:32)
    at next (C:\Users\171120001\Documents\myweb\sever\node_modules\koa-compose\index.js:43:18)
    at bodyParser (C:\Users\171120001\Documents\myweb\sever\node_modules\koa-bodyparser\index.js:86:11)
    at <anonymous>
    at process._tickCallback (internal/process/next_tick.js:188:7) (in errorHandle.js:24)[22m[39m
[31m[1m17:04:45.06 <error> TypeError: User.find(...).exec is not a function
    at module.exports (C:\Users\171120001\Documents\myweb\sever\middlewares\initAdmin.js:12:10)
    at dispatch (C:\Users\171120001\Documents\myweb\sever\node_modules\koa-compose\index.js:42:32)
    at next (C:\Users\171120001\Documents\myweb\sever\node_modules\koa-compose\index.js:43:18)
    at module.exports (C:\Users\171120001\Documents\myweb\sever\middlewares\errorHandle.js:20:15)
    at dispatch (C:\Users\171120001\Documents\myweb\sever\node_modules\koa-compose\index.js:42:32)
    at next (C:\Users\171120001\Documents\myweb\sever\node_modules\koa-compose\index.js:43:18)
    at module.exports (C:\Users\171120001\Documents\myweb\sever\middlewares\response.js:11:11)
    at dispatch (C:\Users\171120001\Documents\myweb\sever\node_modules\koa-compose\index.js:42:32)
    at next (C:\Users\171120001\Documents\myweb\sever\node_modules\koa-compose\index.js:43:18)
    at bodyParser (C:\Users\171120001\Documents\myweb\sever\node_modules\koa-bodyparser\index.js:86:11)
    at <anonymous>
    at process._tickCallback (internal/process/next_tick.js:188:7) (in errorHandle.js:24)[22m[39m
[31m[1m17:09:25.68 <error> TypeError: User.find(...).exec is not a function
    at module.exports (C:\Users\171120001\Documents\myweb\sever\middlewares\initAdmin.js:12:10)
    at dispatch (C:\Users\171120001\Documents\myweb\sever\node_modules\koa-compose\index.js:42:32)
    at next (C:\Users\171120001\Documents\myweb\sever\node_modules\koa-compose\index.js:43:18)
    at module.exports (C:\Users\171120001\Documents\myweb\sever\middlewares\errorHandle.js:20:15)
    at dispatch (C:\Users\171120001\Documents\myweb\sever\node_modules\koa-compose\index.js:42:32)
    at next (C:\Users\171120001\Documents\myweb\sever\node_modules\koa-compose\index.js:43:18)
    at module.exports (C:\Users\171120001\Documents\myweb\sever\middlewares\response.js:11:11)
    at dispatch (C:\Users\171120001\Documents\myweb\sever\node_modules\koa-compose\index.js:42:32)
    at next (C:\Users\171120001\Documents\myweb\sever\node_modules\koa-compose\index.js:43:18)
    at bodyParser (C:\Users\171120001\Documents\myweb\sever\node_modules\koa-bodyparser\index.js:86:11)
    at <anonymous>
    at process._tickCallback (internal/process/next_tick.js:188:7) (in errorHandle.js:24)[22m[39m
[31m[1m17:09:25.73 <error> TypeError: User.find(...).exec is not a function
    at module.exports (C:\Users\171120001\Documents\myweb\sever\middlewares\initAdmin.js:12:10)
    at dispatch (C:\Users\171120001\Documents\myweb\sever\node_modules\koa-compose\index.js:42:32)
    at next (C:\Users\171120001\Documents\myweb\sever\node_modules\koa-compose\index.js:43:18)
    at module.exports (C:\Users\171120001\Documents\myweb\sever\middlewares\errorHandle.js:20:15)
    at dispatch (C:\Users\171120001\Documents\myweb\sever\node_modules\koa-compose\index.js:42:32)
    at next (C:\Users\171120001\Documents\myweb\sever\node_modules\koa-compose\index.js:43:18)
    at module.exports (C:\Users\171120001\Documents\myweb\sever\middlewares\response.js:11:11)
    at dispatch (C:\Users\171120001\Documents\myweb\sever\node_modules\koa-compose\index.js:42:32)
    at next (C:\Users\171120001\Documents\myweb\sever\node_modules\koa-compose\index.js:43:18)
    at bodyParser (C:\Users\171120001\Documents\myweb\sever\node_modules\koa-bodyparser\index.js:86:11)
    at <anonymous>
    at process._tickCallback (internal/process/next_tick.js:188:7) (in errorHandle.js:24)[22m[39m
[31m[1m17:09:58.14 <error> TypeError: User.find(...).exec is not a function
    at module.exports (C:\Users\171120001\Documents\myweb\sever\middlewares\initAdmin.js:12:10)
    at dispatch (C:\Users\171120001\Documents\myweb\sever\node_modules\koa-compose\index.js:42:32)
    at next (C:\Users\171120001\Documents\myweb\sever\node_modules\koa-compose\index.js:43:18)
    at module.exports (C:\Users\171120001\Documents\myweb\sever\middlewares\errorHandle.js:20:15)
    at dispatch (C:\Users\171120001\Documents\myweb\sever\node_modules\koa-compose\index.js:42:32)
    at next (C:\Users\171120001\Documents\myweb\sever\node_modules\koa-compose\index.js:43:18)
    at module.exports (C:\Users\171120001\Documents\myweb\sever\middlewares\response.js:11:11)
    at dispatch (C:\Users\171120001\Documents\myweb\sever\node_modules\koa-compose\index.js:42:32)
    at next (C:\Users\171120001\Documents\myweb\sever\node_modules\koa-compose\index.js:43:18)
    at bodyParser (C:\Users\171120001\Documents\myweb\sever\node_modules\koa-bodyparser\index.js:86:11)
    at <anonymous>
    at process._tickCallback (internal/process/next_tick.js:188:7) (in errorHandle.js:24)[22m[39m
[31m[1m17:09:58.19 <error> TypeError: User.find(...).exec is not a function
    at module.exports (C:\Users\171120001\Documents\myweb\sever\middlewares\initAdmin.js:12:10)
    at dispatch (C:\Users\171120001\Documents\myweb\sever\node_modules\koa-compose\index.js:42:32)
    at next (C:\Users\171120001\Documents\myweb\sever\node_modules\koa-compose\index.js:43:18)
    at module.exports (C:\Users\171120001\Documents\myweb\sever\middlewares\errorHandle.js:20:15)
    at dispatch (C:\Users\171120001\Documents\myweb\sever\node_modules\koa-compose\index.js:42:32)
    at next (C:\Users\171120001\Documents\myweb\sever\node_modules\koa-compose\index.js:43:18)
    at module.exports (C:\Users\171120001\Documents\myweb\sever\middlewares\response.js:11:11)
    at dispatch (C:\Users\171120001\Documents\myweb\sever\node_modules\koa-compose\index.js:42:32)
    at next (C:\Users\171120001\Documents\myweb\sever\node_modules\koa-compose\index.js:43:18)
    at bodyParser (C:\Users\171120001\Documents\myweb\sever\node_modules\koa-bodyparser\index.js:86:11)
    at <anonymous>
    at process._tickCallback (internal/process/next_tick.js:188:7) (in errorHandle.js:24)[22m[39m
[31m[1m17:32:01.09 <error> TypeError: Article.find(...).sort is not a function
    at getAllPublishedArticles (C:\Users\171120001\Documents\myweb\sever\controllers\article.js:217:18)
    at dispatch (C:\Users\171120001\Documents\myweb\sever\node_modules\koa-router\node_modules\koa-compose\index.js:44:32)
    at next (C:\Users\171120001\Documents\myweb\sever\node_modules\koa-router\node_modules\koa-compose\index.js:45:18)
    at C:\Users\171120001\Documents\myweb\sever\node_modules\koa-router\lib\router.js:346:16
    at dispatch (C:\Users\171120001\Documents\myweb\sever\node_modules\koa-router\node_modules\koa-compose\index.js:44:32)
    at C:\Users\171120001\Documents\myweb\sever\node_modules\koa-router\node_modules\koa-compose\index.js:36:12
    at dispatch (C:\Users\171120001\Documents\myweb\sever\node_modules\koa-router\lib\router.js:351:31)
    at dispatch (C:\Users\171120001\Documents\myweb\sever\node_modules\koa-compose\index.js:42:32)
    at next (C:\Users\171120001\Documents\myweb\sever\node_modules\koa-compose\index.js:43:18)
    at module.exports (C:\Users\171120001\Documents\myweb\sever\middlewares\errorHandle.js:20:15)
    at dispatch (C:\Users\171120001\Documents\myweb\sever\node_modules\koa-compose\index.js:42:32)
    at next (C:\Users\171120001\Documents\myweb\sever\node_modules\koa-compose\index.js:43:18)
    at bodyParser (C:\Users\171120001\Documents\myweb\sever\node_modules\koa-bodyparser\index.js:86:11)
    at <anonymous>
    at process._tickCallback (internal/process/next_tick.js:188:7) (in errorHandle.js:24)[22m[39m
[31m[1m10:34:44.33 <error> SequelizeDatabaseError: Unknown column 'createdAt' in 'field list'
    at Query.formatError (D:\A\sever\node_modules\sequelize\lib\dialects\mysql\query.js:247:16)
    at Query.handler [as onResult] (D:\A\sever\node_modules\sequelize\lib\dialects\mysql\query.js:68:23)
    at Query.Command.execute (D:\A\sever\node_modules\mysql2\lib\commands\command.js:30:12)
    at Connection.handlePacket (D:\A\sever\node_modules\mysql2\lib\connection.js:502:28)
    at PacketParser.onPacket (D:\A\sever\node_modules\mysql2\lib\connection.js:81:16)
    at PacketParser.executeStart (D:\A\sever\node_modules\mysql2\lib\packet_parser.js:77:14)
    at Socket.<anonymous> (D:\A\sever\node_modules\mysql2\lib\connection.js:89:29)
    at emitOne (events.js:116:13)
    at Socket.emit (events.js:211:7)
    at addChunk (_stream_readable.js:263:12)
    at readableAddChunk (_stream_readable.js:250:11)
    at Socket.Readable.push (_stream_readable.js:208:10)
    at TCP.onread (net.js:594:20) (in errorHandle.js:24)[22m[39m
[31m[1m10:35:50.14 <error> SequelizeDatabaseError: Table 'blog.articles' doesn't exist
    at Query.formatError (D:\A\sever\node_modules\sequelize\lib\dialects\mysql\query.js:247:16)
    at Query.handler [as onResult] (D:\A\sever\node_modules\sequelize\lib\dialects\mysql\query.js:68:23)
    at Query.Command.execute (D:\A\sever\node_modules\mysql2\lib\commands\command.js:30:12)
    at Connection.handlePacket (D:\A\sever\node_modules\mysql2\lib\connection.js:502:28)
    at PacketParser.onPacket (D:\A\sever\node_modules\mysql2\lib\connection.js:81:16)
    at PacketParser.executeStart (D:\A\sever\node_modules\mysql2\lib\packet_parser.js:77:14)
    at Socket.<anonymous> (D:\A\sever\node_modules\mysql2\lib\connection.js:89:29)
    at emitOne (events.js:116:13)
    at Socket.emit (events.js:211:7)
    at addChunk (_stream_readable.js:263:12)
    at readableAddChunk (_stream_readable.js:250:11)
    at Socket.Readable.push (_stream_readable.js:208:10)
    at TCP.onread (net.js:594:20) (in errorHandle.js:24)[22m[39m
[31m[1m10:45:40.40 <error> ReferenceError: user is not defined
    at showIndex (D:\A\sever\controllers\homepage.js:7:19)
    at dispatch (D:\A\sever\node_modules\koa-router\node_modules\koa-compose\index.js:44:32)
    at next (D:\A\sever\node_modules\koa-router\node_modules\koa-compose\index.js:45:18)
    at D:\A\sever\node_modules\koa-router\lib\router.js:346:16
    at dispatch (D:\A\sever\node_modules\koa-router\node_modules\koa-compose\index.js:44:32)
    at D:\A\sever\node_modules\koa-router\node_modules\koa-compose\index.js:36:12
    at dispatch (D:\A\sever\node_modules\koa-router\lib\router.js:351:31)
    at dispatch (D:\A\sever\node_modules\koa-compose\index.js:42:32)
    at next (D:\A\sever\node_modules\koa-compose\index.js:43:18)
    at module.exports (D:\A\sever\middlewares\errorHandle.js:20:15)
    at dispatch (D:\A\sever\node_modules\koa-compose\index.js:42:32)
    at next (D:\A\sever\node_modules\koa-compose\index.js:43:18)
    at bodyParser (D:\A\sever\node_modules\koa-bodyparser\index.js:86:11)
    at <anonymous>
    at process._tickCallback (internal/process/next_tick.js:188:7) (in errorHandle.js:24)[22m[39m
[31m[1m10:46:05.73 <error> ReferenceError: now is not defined
    at showIndex (D:\A\sever\controllers\homepage.js:15:24)
    at dispatch (D:\A\sever\node_modules\koa-router\node_modules\koa-compose\index.js:44:32)
    at next (D:\A\sever\node_modules\koa-router\node_modules\koa-compose\index.js:45:18)
    at D:\A\sever\node_modules\koa-router\lib\router.js:346:16
    at dispatch (D:\A\sever\node_modules\koa-router\node_modules\koa-compose\index.js:44:32)
    at D:\A\sever\node_modules\koa-router\node_modules\koa-compose\index.js:36:12
    at dispatch (D:\A\sever\node_modules\koa-router\lib\router.js:351:31)
    at dispatch (D:\A\sever\node_modules\koa-compose\index.js:42:32)
    at next (D:\A\sever\node_modules\koa-compose\index.js:43:18)
    at module.exports (D:\A\sever\middlewares\errorHandle.js:20:15)
    at dispatch (D:\A\sever\node_modules\koa-compose\index.js:42:32)
    at next (D:\A\sever\node_modules\koa-compose\index.js:43:18)
    at bodyParser (D:\A\sever\node_modules\koa-bodyparser\index.js:86:11)
    at <anonymous>
    at process._tickCallback (internal/process/next_tick.js:188:7) (in errorHandle.js:24)[22m[39m
[31m[1m10:46:35.95 <error> SequelizeValidationError: notNull Violation: article.savetime cannot be null
    at Promise.all.then (D:\A\sever\node_modules\sequelize\lib\instance-validator.js:77:15)
    at tryCatcher (D:\A\sever\node_modules\bluebird\js\release\util.js:16:23)
    at Promise._settlePromiseFromHandler (D:\A\sever\node_modules\bluebird\js\release\promise.js:512:31)
    at Promise._settlePromise (D:\A\sever\node_modules\bluebird\js\release\promise.js:569:18)
    at Promise._settlePromise0 (D:\A\sever\node_modules\bluebird\js\release\promise.js:614:10)
    at Promise._settlePromises (D:\A\sever\node_modules\bluebird\js\release\promise.js:693:18)
    at Promise._fulfill (D:\A\sever\node_modules\bluebird\js\release\promise.js:638:18)
    at PromiseArray._resolve (D:\A\sever\node_modules\bluebird\js\release\promise_array.js:126:19)
    at PromiseArray._promiseFulfilled (D:\A\sever\node_modules\bluebird\js\release\promise_array.js:144:14)
    at Promise._settlePromise (D:\A\sever\node_modules\bluebird\js\release\promise.js:574:26)
    at Promise._settlePromise0 (D:\A\sever\node_modules\bluebird\js\release\promise.js:614:10)
    at Promise._settlePromises (D:\A\sever\node_modules\bluebird\js\release\promise.js:693:18)
    at Async._drainQueue (D:\A\sever\node_modules\bluebird\js\release\async.js:133:16)
    at Async._drainQueues (D:\A\sever\node_modules\bluebird\js\release\async.js:143:10)
    at Immediate.Async.drainQueues (D:\A\sever\node_modules\bluebird\js\release\async.js:17:14)
    at runCallback (timers.js:789:20)
    at tryOnImmediate (timers.js:751:5)
    at processImmediate [as _immediateCallback] (timers.js:722:5) (in errorHandle.js:24)[22m[39m
[31m[1m10:47:16.68 <error> SequelizeDatabaseError: Table 'blog.articles' doesn't exist
    at Query.formatError (D:\A\sever\node_modules\sequelize\lib\dialects\mysql\query.js:247:16)
    at Query.handler [as onResult] (D:\A\sever\node_modules\sequelize\lib\dialects\mysql\query.js:68:23)
    at Query.Command.execute (D:\A\sever\node_modules\mysql2\lib\commands\command.js:30:12)
    at Connection.handlePacket (D:\A\sever\node_modules\mysql2\lib\connection.js:502:28)
    at PacketParser.onPacket (D:\A\sever\node_modules\mysql2\lib\connection.js:81:16)
    at PacketParser.executeStart (D:\A\sever\node_modules\mysql2\lib\packet_parser.js:77:14)
    at Socket.<anonymous> (D:\A\sever\node_modules\mysql2\lib\connection.js:89:29)
    at emitOne (events.js:116:13)
    at Socket.emit (events.js:211:7)
    at addChunk (_stream_readable.js:263:12)
    at readableAddChunk (_stream_readable.js:250:11)
    at Socket.Readable.push (_stream_readable.js:208:10)
    at TCP.onread (net.js:594:20) (in errorHandle.js:24)[22m[39m
[31m[1m11:02:38.25 <error> TypeError: ctx.body is not a function
    at showIndex (D:\A\sever\controllers\homepage.js:30:17)
    at <anonymous> (in errorHandle.js:24)[22m[39m
[31m[1m13:59:01.74 <error> ReferenceError: D:\A\sever\views\index.ejs:27
    25|                             <div class="info fl">
    26|                                 <a class="blur" href="#"><div class="class">ÈöèÁ¨î</div></a>
 >> 27|                                 <div class="publish"><% moment(article.savetime).format('l')%></div>
    28|                             </div>
    29|                             <div class="article fl">
    30|                                 <%if(article.intro_img){%>

moment is not defined
    at eval (eval at compile (D:\A\sever\node_modules\ejs\lib\ejs.js:549:12), <anonymous>:17:8)
    at returnedFn (D:\A\sever\node_modules\ejs\lib\ejs.js:580:17)
    at D:\A\sever\node_modules\consolidate\lib\consolidate.js:651:16
    at D:\A\sever\node_modules\consolidate\lib\consolidate.js:162:5
    at Promise._execute (D:\A\sever\node_modules\bluebird\js\release\debuggability.js:303:9)
    at Promise._resolveFromExecutor (D:\A\sever\node_modules\bluebird\js\release\promise.js:483:18)
    at new Promise (D:\A\sever\node_modules\bluebird\js\release\promise.js:79:10)
    at promisify (D:\A\sever\node_modules\consolidate\lib\consolidate.js:155:10)
    at Function.exports.ejs.render (D:\A\sever\node_modules\consolidate\lib\consolidate.js:647:10)
    at D:\A\sever\node_modules\consolidate\lib\consolidate.js:183:27
    at D:\A\sever\node_modules\consolidate\lib\consolidate.js:101:5
    at FSReqWrap.readFileAfterClose [as oncomplete] (fs.js:511:3) (in errorHandle.js:24)[22m[39m
[31m[1m13:59:25.14 <error> ReferenceError: D:\A\sever\views\index.ejs:27
    25|                             <div class="info fl">
    26|                                 <a class="blur" href="#"><div class="class">ÈöèÁ¨î</div></a>
 >> 27|                                 <div class="publish"><%= moment(article.savetime).format('l')%></div>
    28|                             </div>
    29|                             <div class="article fl">
    30|                                 <%if(article.intro_img){%>

moment is not defined
    at eval (eval at compile (D:\A\sever\node_modules\ejs\lib\ejs.js:549:12), <anonymous>:17:7)
    at returnedFn (D:\A\sever\node_modules\ejs\lib\ejs.js:580:17)
    at D:\A\sever\node_modules\consolidate\lib\consolidate.js:651:16
    at D:\A\sever\node_modules\consolidate\lib\consolidate.js:162:5
    at Promise._execute (D:\A\sever\node_modules\bluebird\js\release\debuggability.js:303:9)
    at Promise._resolveFromExecutor (D:\A\sever\node_modules\bluebird\js\release\promise.js:483:18)
    at new Promise (D:\A\sever\node_modules\bluebird\js\release\promise.js:79:10)
    at promisify (D:\A\sever\node_modules\consolidate\lib\consolidate.js:155:10)
    at Function.exports.ejs.render (D:\A\sever\node_modules\consolidate\lib\consolidate.js:647:10)
    at D:\A\sever\node_modules\consolidate\lib\consolidate.js:183:27
    at D:\A\sever\node_modules\consolidate\lib\consolidate.js:101:5
    at FSReqWrap.readFileAfterClose [as oncomplete] (fs.js:511:3) (in errorHandle.js:24)[22m[39m
[31m[1m13:59:59.45 <error> ReferenceError: D:\A\sever\views\index.ejs:27
    25|                             <div class="info fl">
    26|                                 <a class="blur" href="#"><div class="class">ÈöèÁ¨î</div></a>
 >> 27|                                 <div class="publish"><%= moment(article.savetime).format('l')%></div>
    28|                             </div>
    29|                             <div class="article fl">
    30|                                 <%if(article.intro_img){%>

moment is not defined
    at eval (eval at compile (D:\A\sever\node_modules\ejs\lib\ejs.js:549:12), <anonymous>:17:7)
    at returnedFn (D:\A\sever\node_modules\ejs\lib\ejs.js:580:17)
    at D:\A\sever\node_modules\consolidate\lib\consolidate.js:651:16
    at D:\A\sever\node_modules\consolidate\lib\consolidate.js:162:5
    at Promise._execute (D:\A\sever\node_modules\bluebird\js\release\debuggability.js:303:9)
    at Promise._resolveFromExecutor (D:\A\sever\node_modules\bluebird\js\release\promise.js:483:18)
    at new Promise (D:\A\sever\node_modules\bluebird\js\release\promise.js:79:10)
    at promisify (D:\A\sever\node_modules\consolidate\lib\consolidate.js:155:10)
    at Function.exports.ejs.render (D:\A\sever\node_modules\consolidate\lib\consolidate.js:647:10)
    at D:\A\sever\node_modules\consolidate\lib\consolidate.js:183:27
    at D:\A\sever\node_modules\consolidate\lib\consolidate.js:101:5
    at FSReqWrap.readFileAfterClose [as oncomplete] (fs.js:511:3) (in errorHandle.js:24)[22m[39m
[31m[1m14:00:49.45 <error> ReferenceError: D:\A\sever\views\index.ejs:27
    25|                             <div class="info fl">
    26|                                 <a class="blur" href="#"><div class="class">ÈöèÁ¨î</div></a>
 >> 27|                                 <div class="publish"><% moment().format('l')%></div>
    28|                             </div>
    29|                             <div class="article fl">
    30|                                 <%if(article.intro_img){%>

moment is not defined
    at eval (eval at compile (D:\A\sever\node_modules\ejs\lib\ejs.js:549:12), <anonymous>:17:8)
    at returnedFn (D:\A\sever\node_modules\ejs\lib\ejs.js:580:17)
    at D:\A\sever\node_modules\consolidate\lib\consolidate.js:651:16
    at D:\A\sever\node_modules\consolidate\lib\consolidate.js:162:5
    at Promise._execute (D:\A\sever\node_modules\bluebird\js\release\debuggability.js:303:9)
    at Promise._resolveFromExecutor (D:\A\sever\node_modules\bluebird\js\release\promise.js:483:18)
    at new Promise (D:\A\sever\node_modules\bluebird\js\release\promise.js:79:10)
    at promisify (D:\A\sever\node_modules\consolidate\lib\consolidate.js:155:10)
    at Function.exports.ejs.render (D:\A\sever\node_modules\consolidate\lib\consolidate.js:647:10)
    at D:\A\sever\node_modules\consolidate\lib\consolidate.js:183:27
    at D:\A\sever\node_modules\consolidate\lib\consolidate.js:101:5
    at FSReqWrap.readFileAfterClose [as oncomplete] (fs.js:511:3) (in errorHandle.js:24)[22m[39m
[31m[1m14:48:26.92 <error> SequelizeValidationError: notNull Violation: article.savetime cannot be null
    at Promise.all.then (D:\A\sever\node_modules\sequelize\lib\instance-validator.js:77:15)
    at tryCatcher (D:\A\sever\node_modules\bluebird\js\release\util.js:16:23)
    at Promise._settlePromiseFromHandler (D:\A\sever\node_modules\bluebird\js\release\promise.js:512:31)
    at Promise._settlePromise (D:\A\sever\node_modules\bluebird\js\release\promise.js:569:18)
    at Promise._settlePromise0 (D:\A\sever\node_modules\bluebird\js\release\promise.js:614:10)
    at Promise._settlePromises (D:\A\sever\node_modules\bluebird\js\release\promise.js:693:18)
    at Promise._fulfill (D:\A\sever\node_modules\bluebird\js\release\promise.js:638:18)
    at PromiseArray._resolve (D:\A\sever\node_modules\bluebird\js\release\promise_array.js:126:19)
    at PromiseArray._promiseFulfilled (D:\A\sever\node_modules\bluebird\js\release\promise_array.js:144:14)
    at Promise._settlePromise (D:\A\sever\node_modules\bluebird\js\release\promise.js:574:26)
    at Promise._settlePromise0 (D:\A\sever\node_modules\bluebird\js\release\promise.js:614:10)
    at Promise._settlePromises (D:\A\sever\node_modules\bluebird\js\release\promise.js:693:18)
    at Async._drainQueue (D:\A\sever\node_modules\bluebird\js\release\async.js:133:16)
    at Async._drainQueues (D:\A\sever\node_modules\bluebird\js\release\async.js:143:10)
    at Immediate.Async.drainQueues (D:\A\sever\node_modules\bluebird\js\release\async.js:17:14)
    at runCallback (timers.js:789:20)
    at tryOnImmediate (timers.js:751:5)
    at processImmediate [as _immediateCallback] (timers.js:722:5) (in errorHandle.js:24)[22m[39m
[31m[1m15:02:08.89 <error> ReferenceError: ÂàõÂª∫Êï∞ÊçÆ is not defined
    at showIndex (D:\A\sever\controllers\homepage.js:9:9)
    at dispatch (D:\A\sever\node_modules\koa-router\node_modules\koa-compose\index.js:44:32)
    at next (D:\A\sever\node_modules\koa-router\node_modules\koa-compose\index.js:45:18)
    at D:\A\sever\node_modules\koa-router\lib\router.js:346:16
    at dispatch (D:\A\sever\node_modules\koa-router\node_modules\koa-compose\index.js:44:32)
    at D:\A\sever\node_modules\koa-router\node_modules\koa-compose\index.js:36:12
    at dispatch (D:\A\sever\node_modules\koa-router\lib\router.js:351:31)
    at dispatch (D:\A\sever\node_modules\koa-compose\index.js:42:32)
    at next (D:\A\sever\node_modules\koa-compose\index.js:43:18)
    at module.exports (D:\A\sever\middlewares\errorHandle.js:20:15)
    at dispatch (D:\A\sever\node_modules\koa-compose\index.js:42:32)
    at next (D:\A\sever\node_modules\koa-compose\index.js:43:18)
    at module.exports (D:\A\sever\middlewares\response.js:13:11)
    at dispatch (D:\A\sever\node_modules\koa-compose\index.js:42:32)
    at next (D:\A\sever\node_modules\koa-compose\index.js:43:18)
    at bodyParser (D:\A\sever\node_modules\koa-bodyparser\index.js:86:11)
    at <anonymous>
    at process._tickCallback (internal/process/next_tick.js:188:7) (in errorHandle.js:24)[22m[39m
[31m[1m15:29:21.56 <error> SequelizeValidationError: string violation: save_time cannot be an array or an object
    at Promise.all.then (D:\A\sever\node_modules\sequelize\lib\instance-validator.js:77:15)
    at tryCatcher (D:\A\sever\node_modules\bluebird\js\release\util.js:16:23)
    at Promise._settlePromiseFromHandler (D:\A\sever\node_modules\bluebird\js\release\promise.js:512:31)
    at Promise._settlePromise (D:\A\sever\node_modules\bluebird\js\release\promise.js:569:18)
    at Promise._settlePromise0 (D:\A\sever\node_modules\bluebird\js\release\promise.js:614:10)
    at Promise._settlePromises (D:\A\sever\node_modules\bluebird\js\release\promise.js:693:18)
    at Promise._fulfill (D:\A\sever\node_modules\bluebird\js\release\promise.js:638:18)
    at PromiseArray._resolve (D:\A\sever\node_modules\bluebird\js\release\promise_array.js:126:19)
    at PromiseArray._promiseFulfilled (D:\A\sever\node_modules\bluebird\js\release\promise_array.js:144:14)
    at Promise._settlePromise (D:\A\sever\node_modules\bluebird\js\release\promise.js:574:26)
    at Promise._settlePromise0 (D:\A\sever\node_modules\bluebird\js\release\promise.js:614:10)
    at Promise._settlePromises (D:\A\sever\node_modules\bluebird\js\release\promise.js:693:18)
    at Async._drainQueue (D:\A\sever\node_modules\bluebird\js\release\async.js:133:16)
    at Async._drainQueues (D:\A\sever\node_modules\bluebird\js\release\async.js:143:10)
    at Immediate.Async.drainQueues (D:\A\sever\node_modules\bluebird\js\release\async.js:17:14)
    at runCallback (timers.js:789:20)
    at tryOnImmediate (timers.js:751:5)
    at processImmediate [as _immediateCallback] (timers.js:722:5) (in errorHandle.js:24)[22m[39m
[31m[1m17:09:22.49 <error> ReferenceError: Article is not defined
    at showIndex (D:\A\sever\controllers\homepage.js:23:24)
    at dispatch (D:\A\sever\node_modules\koa-router\node_modules\koa-compose\index.js:44:32)
    at next (D:\A\sever\node_modules\koa-router\node_modules\koa-compose\index.js:45:18)
    at D:\A\sever\node_modules\koa-router\lib\router.js:346:16
    at dispatch (D:\A\sever\node_modules\koa-router\node_modules\koa-compose\index.js:44:32)
    at D:\A\sever\node_modules\koa-router\node_modules\koa-compose\index.js:36:12
    at dispatch (D:\A\sever\node_modules\koa-router\lib\router.js:351:31)
    at dispatch (D:\A\sever\node_modules\koa-compose\index.js:42:32)
    at next (D:\A\sever\node_modules\koa-compose\index.js:43:18)
    at module.exports (D:\A\sever\middlewares\errorHandle.js:20:15)
    at dispatch (D:\A\sever\node_modules\koa-compose\index.js:42:32)
    at next (D:\A\sever\node_modules\koa-compose\index.js:43:18)
    at module.exports (D:\A\sever\middlewares\response.js:13:11)
    at dispatch (D:\A\sever\node_modules\koa-compose\index.js:42:32)
    at next (D:\A\sever\node_modules\koa-compose\index.js:43:18)
    at bodyParser (D:\A\sever\node_modules\koa-bodyparser\index.js:86:11)
    at <anonymous>
    at process._tickCallback (internal/process/next_tick.js:188:7) (in errorHandle.js:24)[22m[39m
[31m[1m09:57:49.10 <error> ReferenceError: Article is not defined
    at showIndex (D:\A\sever\controllers\homepage.js:23:24)
    at dispatch (D:\A\sever\node_modules\koa-router\node_modules\koa-compose\index.js:44:32)
    at next (D:\A\sever\node_modules\koa-router\node_modules\koa-compose\index.js:45:18)
    at D:\A\sever\node_modules\koa-router\lib\router.js:346:16
    at dispatch (D:\A\sever\node_modules\koa-router\node_modules\koa-compose\index.js:44:32)
    at D:\A\sever\node_modules\koa-router\node_modules\koa-compose\index.js:36:12
    at dispatch (D:\A\sever\node_modules\koa-router\lib\router.js:351:31)
    at dispatch (D:\A\sever\node_modules\koa-compose\index.js:42:32)
    at next (D:\A\sever\node_modules\koa-compose\index.js:43:18)
    at module.exports (D:\A\sever\middlewares\errorHandle.js:20:15)
    at dispatch (D:\A\sever\node_modules\koa-compose\index.js:42:32)
    at next (D:\A\sever\node_modules\koa-compose\index.js:43:18)
    at module.exports (D:\A\sever\middlewares\response.js:13:11)
    at dispatch (D:\A\sever\node_modules\koa-compose\index.js:42:32)
    at next (D:\A\sever\node_modules\koa-compose\index.js:43:18)
    at bodyParser (D:\A\sever\node_modules\koa-bodyparser\index.js:86:11)
    at <anonymous>
    at process._tickCallback (internal/process/next_tick.js:188:7) (in errorHandle.js:24)[22m[39m
[31m[1m10:05:38.62 <error> SequelizeForeignKeyConstraintError: Cannot add or update a child row: a foreign key constraint fails (`blog`.`articles`, CONSTRAINT `articles_ibfk_1` FOREIGN KEY (`category`) REFERENCES `categories` (`id`) ON DELETE SET NULL ON UPDATE CASCADE)
    at Query.formatError (D:\A\sever\node_modules\sequelize\lib\dialects\mysql\query.js:236:16)
    at Query.handler [as onResult] (D:\A\sever\node_modules\sequelize\lib\dialects\mysql\query.js:68:23)
    at Query.Command.execute (D:\A\sever\node_modules\mysql2\lib\commands\command.js:30:12)
    at Connection.handlePacket (D:\A\sever\node_modules\mysql2\lib\connection.js:502:28)
    at PacketParser.onPacket (D:\A\sever\node_modules\mysql2\lib\connection.js:81:16)
    at PacketParser.executeStart (D:\A\sever\node_modules\mysql2\lib\packet_parser.js:77:14)
    at Socket.<anonymous> (D:\A\sever\node_modules\mysql2\lib\connection.js:89:29)
    at emitOne (events.js:116:13)
    at Socket.emit (events.js:211:7)
    at addChunk (_stream_readable.js:263:12)
    at readableAddChunk (_stream_readable.js:250:11)
    at Socket.Readable.push (_stream_readable.js:208:10)
    at TCP.onread (net.js:594:20) (in errorHandle.js:24)[22m[39m
[31m[1m10:18:40.62 <error> SequelizeForeignKeyConstraintError: Cannot add or update a child row: a foreign key constraint fails (`blog`.`articles`, CONSTRAINT `articles_ibfk_1` FOREIGN KEY (`category`) REFERENCES `categories` (`id`) ON DELETE SET NULL ON UPDATE CASCADE)
    at Query.formatError (D:\A\sever\node_modules\sequelize\lib\dialects\mysql\query.js:236:16)
    at Query.handler [as onResult] (D:\A\sever\node_modules\sequelize\lib\dialects\mysql\query.js:68:23)
    at Query.Command.execute (D:\A\sever\node_modules\mysql2\lib\commands\command.js:30:12)
    at Connection.handlePacket (D:\A\sever\node_modules\mysql2\lib\connection.js:502:28)
    at PacketParser.onPacket (D:\A\sever\node_modules\mysql2\lib\connection.js:81:16)
    at PacketParser.executeStart (D:\A\sever\node_modules\mysql2\lib\packet_parser.js:77:14)
    at Socket.<anonymous> (D:\A\sever\node_modules\mysql2\lib\connection.js:89:29)
    at emitOne (events.js:116:13)
    at Socket.emit (events.js:211:7)
    at addChunk (_stream_readable.js:263:12)
    at readableAddChunk (_stream_readable.js:250:11)
    at Socket.Readable.push (_stream_readable.js:208:10)
    at TCP.onread (net.js:594:20) (in errorHandle.js:24)[22m[39m
[31m[1m10:44:37.86 <error> ReferenceError: Category is not defined
    at showIndex (D:\A\sever\controllers\homepage.js:85:24)
    at <anonymous> (in errorHandle.js:24)[22m[39m
[31m[1m11:00:09.29 <error> ReferenceError: sequelize is not defined
    at showIndex (D:\A\sever\controllers\homepage.js:84:44)
    at <anonymous> (in errorHandle.js:24)[22m[39m
[31m[1m11:00:46.39 <error> TypeError: S.col is not a function
    at showIndex (D:\A\sever\controllers\homepage.js:84:60)
    at <anonymous> (in errorHandle.js:24)[22m[39m
[31m[1m11:02:12.20 <error> SequelizeDatabaseError: Column 'id' in field list is ambiguous
    at Query.formatError (D:\A\sever\node_modules\sequelize\lib\dialects\mysql\query.js:247:16)
    at Query.handler [as onResult] (D:\A\sever\node_modules\sequelize\lib\dialects\mysql\query.js:68:23)
    at Query.Command.execute (D:\A\sever\node_modules\mysql2\lib\commands\command.js:30:12)
    at Connection.handlePacket (D:\A\sever\node_modules\mysql2\lib\connection.js:502:28)
    at PacketParser.onPacket (D:\A\sever\node_modules\mysql2\lib\connection.js:81:16)
    at PacketParser.executeStart (D:\A\sever\node_modules\mysql2\lib\packet_parser.js:77:14)
    at Socket.<anonymous> (D:\A\sever\node_modules\mysql2\lib\connection.js:89:29)
    at emitOne (events.js:116:13)
    at Socket.emit (events.js:211:7)
    at addChunk (_stream_readable.js:263:12)
    at readableAddChunk (_stream_readable.js:250:11)
    at Socket.Readable.push (_stream_readable.js:208:10)
    at TCP.onread (net.js:594:20) (in errorHandle.js:24)[22m[39m
[31m[1m11:06:57.60 <error> TypeError: S.Article.getCategory is not a function
    at showIndex (D:\A\sever\controllers\homepage.js:83:42)
    at <anonymous> (in errorHandle.js:24)[22m[39m
[31m[1m11:08:46.94 <error> TypeError: S.Article.getCategory is not a function
    at showIndex (D:\A\sever\controllers\homepage.js:83:42)
    at <anonymous> (in errorHandle.js:24)[22m[39m
[31m[1m11:09:23.44 <error> TypeError: S.Category.getArticle is not a function
    at showIndex (D:\A\sever\controllers\homepage.js:83:43)
    at <anonymous> (in errorHandle.js:24)[22m[39m
[31m[1m13:13:32.19 <error> ReferenceError: sequelize is not defined
    at showIndex (D:\A\sever\controllers\homepage.js:85:21)
    at <anonymous> (in errorHandle.js:24)[22m[39m
[31m[1m13:44:03.03 <error> SequelizeDatabaseError: You have an error in your SQL syntax; check the manual that corresponds to your MySQL server version for the right syntax to use near '.category_name, count(articles.category) count FROM articles INNER JOIN categori' at line 1
    at Query.formatError (D:\A\sever\node_modules\sequelize\lib\dialects\mysql\query.js:247:16)
    at Query.handler [as onResult] (D:\A\sever\node_modules\sequelize\lib\dialects\mysql\query.js:68:23)
    at Query.Command.execute (D:\A\sever\node_modules\mysql2\lib\commands\command.js:30:12)
    at Connection.handlePacket (D:\A\sever\node_modules\mysql2\lib\connection.js:502:28)
    at PacketParser.onPacket (D:\A\sever\node_modules\mysql2\lib\connection.js:81:16)
    at PacketParser.executeStart (D:\A\sever\node_modules\mysql2\lib\packet_parser.js:77:14)
    at Socket.<anonymous> (D:\A\sever\node_modules\mysql2\lib\connection.js:89:29)
    at emitOne (events.js:116:13)
    at Socket.emit (events.js:211:7)
    at addChunk (_stream_readable.js:263:12)
    at readableAddChunk (_stream_readable.js:250:11)
    at Socket.Readable.push (_stream_readable.js:208:10)
    at TCP.onread (net.js:594:20) (in errorHandle.js:24)[22m[39m
[31m[1m13:44:43.64 <error> TypeError: Article.findById is not a function
    at getArticleById (D:\A\sever\controllers\article.js:46:36)
    at dispatch (D:\A\sever\node_modules\koa-router\node_modules\koa-compose\index.js:44:32)
    at next (D:\A\sever\node_modules\koa-router\node_modules\koa-compose\index.js:45:18)
    at D:\A\sever\node_modules\koa-router\lib\router.js:346:16
    at dispatch (D:\A\sever\node_modules\koa-router\node_modules\koa-compose\index.js:44:32)
    at D:\A\sever\node_modules\koa-router\node_modules\koa-compose\index.js:36:12
    at dispatch (D:\A\sever\node_modules\koa-router\lib\router.js:351:31)
    at dispatch (D:\A\sever\node_modules\koa-compose\index.js:42:32)
    at next (D:\A\sever\node_modules\koa-compose\index.js:43:18)
    at module.exports (D:\A\sever\middlewares\errorHandle.js:20:15)
    at dispatch (D:\A\sever\node_modules\koa-compose\index.js:42:32)
    at next (D:\A\sever\node_modules\koa-compose\index.js:43:18)
    at module.exports (D:\A\sever\middlewares\response.js:13:11)
    at dispatch (D:\A\sever\node_modules\koa-compose\index.js:42:32)
    at next (D:\A\sever\node_modules\koa-compose\index.js:43:18)
    at bodyParser (D:\A\sever\node_modules\koa-bodyparser\index.js:86:11)
    at <anonymous>
    at process._tickCallback (internal/process/next_tick.js:188:7) (in errorHandle.js:24)[22m[39m
[31m[1m13:45:08.87 <error> TypeError: Article.findById is not a function
    at getArticleById (D:\A\sever\controllers\article.js:46:36)
    at dispatch (D:\A\sever\node_modules\koa-router\node_modules\koa-compose\index.js:44:32)
    at next (D:\A\sever\node_modules\koa-router\node_modules\koa-compose\index.js:45:18)
    at D:\A\sever\node_modules\koa-router\lib\router.js:346:16
    at dispatch (D:\A\sever\node_modules\koa-router\node_modules\koa-compose\index.js:44:32)
    at D:\A\sever\node_modules\koa-router\node_modules\koa-compose\index.js:36:12
    at dispatch (D:\A\sever\node_modules\koa-router\lib\router.js:351:31)
    at dispatch (D:\A\sever\node_modules\koa-compose\index.js:42:32)
    at next (D:\A\sever\node_modules\koa-compose\index.js:43:18)
    at module.exports (D:\A\sever\middlewares\errorHandle.js:20:15)
    at dispatch (D:\A\sever\node_modules\koa-compose\index.js:42:32)
    at next (D:\A\sever\node_modules\koa-compose\index.js:43:18)
    at module.exports (D:\A\sever\middlewares\response.js:13:11)
    at dispatch (D:\A\sever\node_modules\koa-compose\index.js:42:32)
    at next (D:\A\sever\node_modules\koa-compose\index.js:43:18)
    at bodyParser (D:\A\sever\node_modules\koa-bodyparser\index.js:86:11)
    at <anonymous>
    at process._tickCallback (internal/process/next_tick.js:188:7) (in errorHandle.js:24)[22m[39m
[31m[1m13:55:26.32 <error> TypeError: Cannot read property 'findAll' of undefined
    at showIndex (D:\A\sever\controllers\homepage.js:61:40)
    at dispatch (D:\A\sever\node_modules\koa-router\node_modules\koa-compose\index.js:44:32)
    at next (D:\A\sever\node_modules\koa-router\node_modules\koa-compose\index.js:45:18)
    at D:\A\sever\node_modules\koa-router\lib\router.js:346:16
    at dispatch (D:\A\sever\node_modules\koa-router\node_modules\koa-compose\index.js:44:32)
    at D:\A\sever\node_modules\koa-router\node_modules\koa-compose\index.js:36:12
    at dispatch (D:\A\sever\node_modules\koa-router\lib\router.js:351:31)
    at dispatch (D:\A\sever\node_modules\koa-compose\index.js:42:32)
    at next (D:\A\sever\node_modules\koa-compose\index.js:43:18)
    at module.exports (D:\A\sever\middlewares\errorHandle.js:20:15)
    at dispatch (D:\A\sever\node_modules\koa-compose\index.js:42:32)
    at next (D:\A\sever\node_modules\koa-compose\index.js:43:18)
    at module.exports (D:\A\sever\middlewares\response.js:13:11)
    at dispatch (D:\A\sever\node_modules\koa-compose\index.js:42:32)
    at next (D:\A\sever\node_modules\koa-compose\index.js:43:18)
    at bodyParser (D:\A\sever\node_modules\koa-bodyparser\index.js:86:11)
    at <anonymous>
    at process._tickCallback (internal/process/next_tick.js:188:7) (in errorHandle.js:24)[22m[39m
[31m[1m13:59:57.15 <error> TypeError: Article.findById is not a function
    at getArticleById (D:\A\sever\controllers\article.js:46:36)
    at dispatch (D:\A\sever\node_modules\koa-router\node_modules\koa-compose\index.js:44:32)
    at next (D:\A\sever\node_modules\koa-router\node_modules\koa-compose\index.js:45:18)
    at D:\A\sever\node_modules\koa-router\lib\router.js:346:16
    at dispatch (D:\A\sever\node_modules\koa-router\node_modules\koa-compose\index.js:44:32)
    at D:\A\sever\node_modules\koa-router\node_modules\koa-compose\index.js:36:12
    at dispatch (D:\A\sever\node_modules\koa-router\lib\router.js:351:31)
    at dispatch (D:\A\sever\node_modules\koa-compose\index.js:42:32)
    at next (D:\A\sever\node_modules\koa-compose\index.js:43:18)
    at module.exports (D:\A\sever\middlewares\errorHandle.js:20:15)
    at dispatch (D:\A\sever\node_modules\koa-compose\index.js:42:32)
    at next (D:\A\sever\node_modules\koa-compose\index.js:43:18)
    at module.exports (D:\A\sever\middlewares\response.js:13:11)
    at dispatch (D:\A\sever\node_modules\koa-compose\index.js:42:32)
    at next (D:\A\sever\node_modules\koa-compose\index.js:43:18)
    at bodyParser (D:\A\sever\node_modules\koa-bodyparser\index.js:86:11)
    at <anonymous>
    at process._tickCallback (internal/process/next_tick.js:188:7) (in errorHandle.js:24)[22m[39m
[31m[1m13:59:59.76 <error> TypeError: Article.findById is not a function
    at getArticleById (D:\A\sever\controllers\article.js:46:36)
    at dispatch (D:\A\sever\node_modules\koa-router\node_modules\koa-compose\index.js:44:32)
    at next (D:\A\sever\node_modules\koa-router\node_modules\koa-compose\index.js:45:18)
    at D:\A\sever\node_modules\koa-router\lib\router.js:346:16
    at dispatch (D:\A\sever\node_modules\koa-router\node_modules\koa-compose\index.js:44:32)
    at D:\A\sever\node_modules\koa-router\node_modules\koa-compose\index.js:36:12
    at dispatch (D:\A\sever\node_modules\koa-router\lib\router.js:351:31)
    at dispatch (D:\A\sever\node_modules\koa-compose\index.js:42:32)
    at next (D:\A\sever\node_modules\koa-compose\index.js:43:18)
    at module.exports (D:\A\sever\middlewares\errorHandle.js:20:15)
    at dispatch (D:\A\sever\node_modules\koa-compose\index.js:42:32)
    at next (D:\A\sever\node_modules\koa-compose\index.js:43:18)
    at module.exports (D:\A\sever\middlewares\response.js:13:11)
    at dispatch (D:\A\sever\node_modules\koa-compose\index.js:42:32)
    at next (D:\A\sever\node_modules\koa-compose\index.js:43:18)
    at bodyParser (D:\A\sever\node_modules\koa-bodyparser\index.js:86:11)
    at <anonymous>
    at process._tickCallback (internal/process/next_tick.js:188:7) (in errorHandle.js:24)[22m[39m
[31m[1m14:11:20.30 <error> ReferenceError: ÂàõÂª∫Êï∞ÊçÆ is not defined
    at showIndex (D:\A\sever\controllers\homepage.js:45:9)
    at dispatch (D:\A\sever\node_modules\koa-router\node_modules\koa-compose\index.js:44:32)
    at next (D:\A\sever\node_modules\koa-router\node_modules\koa-compose\index.js:45:18)
    at D:\A\sever\node_modules\koa-router\lib\router.js:346:16
    at dispatch (D:\A\sever\node_modules\koa-router\node_modules\koa-compose\index.js:44:32)
    at D:\A\sever\node_modules\koa-router\node_modules\koa-compose\index.js:36:12
    at dispatch (D:\A\sever\node_modules\koa-router\lib\router.js:351:31)
    at dispatch (D:\A\sever\node_modules\koa-compose\index.js:42:32)
    at next (D:\A\sever\node_modules\koa-compose\index.js:43:18)
    at module.exports (D:\A\sever\middlewares\errorHandle.js:20:15)
    at dispatch (D:\A\sever\node_modules\koa-compose\index.js:42:32)
    at next (D:\A\sever\node_modules\koa-compose\index.js:43:18)
    at module.exports (D:\A\sever\middlewares\response.js:13:11)
    at dispatch (D:\A\sever\node_modules\koa-compose\index.js:42:32)
    at next (D:\A\sever\node_modules\koa-compose\index.js:43:18)
    at bodyParser (D:\A\sever\node_modules\koa-bodyparser\index.js:86:11)
    at <anonymous>
    at process._tickCallback (internal/process/next_tick.js:188:7) (in errorHandle.js:24)[22m[39m
[31m[1m14:12:56.26 <error> TypeError: Article.findById is not a function
    at getArticleById (D:\A\sever\controllers\article.js:46:36)
    at dispatch (D:\A\sever\node_modules\koa-router\node_modules\koa-compose\index.js:44:32)
    at next (D:\A\sever\node_modules\koa-router\node_modules\koa-compose\index.js:45:18)
    at D:\A\sever\node_modules\koa-router\lib\router.js:346:16
    at dispatch (D:\A\sever\node_modules\koa-router\node_modules\koa-compose\index.js:44:32)
    at D:\A\sever\node_modules\koa-router\node_modules\koa-compose\index.js:36:12
    at dispatch (D:\A\sever\node_modules\koa-router\lib\router.js:351:31)
    at dispatch (D:\A\sever\node_modules\koa-compose\index.js:42:32)
    at next (D:\A\sever\node_modules\koa-compose\index.js:43:18)
    at module.exports (D:\A\sever\middlewares\errorHandle.js:20:15)
    at dispatch (D:\A\sever\node_modules\koa-compose\index.js:42:32)
    at next (D:\A\sever\node_modules\koa-compose\index.js:43:18)
    at module.exports (D:\A\sever\middlewares\response.js:13:11)
    at dispatch (D:\A\sever\node_modules\koa-compose\index.js:42:32)
    at next (D:\A\sever\node_modules\koa-compose\index.js:43:18)
    at bodyParser (D:\A\sever\node_modules\koa-bodyparser\index.js:86:11)
    at <anonymous>
    at process._tickCallback (internal/process/next_tick.js:188:7) (in errorHandle.js:24)[22m[39m
[31m[1m14:12:58.48 <error> TypeError: Article.findById is not a function
    at getArticleById (D:\A\sever\controllers\article.js:46:36)
    at dispatch (D:\A\sever\node_modules\koa-router\node_modules\koa-compose\index.js:44:32)
    at next (D:\A\sever\node_modules\koa-router\node_modules\koa-compose\index.js:45:18)
    at D:\A\sever\node_modules\koa-router\lib\router.js:346:16
    at dispatch (D:\A\sever\node_modules\koa-router\node_modules\koa-compose\index.js:44:32)
    at D:\A\sever\node_modules\koa-router\node_modules\koa-compose\index.js:36:12
    at dispatch (D:\A\sever\node_modules\koa-router\lib\router.js:351:31)
    at dispatch (D:\A\sever\node_modules\koa-compose\index.js:42:32)
    at next (D:\A\sever\node_modules\koa-compose\index.js:43:18)
    at module.exports (D:\A\sever\middlewares\errorHandle.js:20:15)
    at dispatch (D:\A\sever\node_modules\koa-compose\index.js:42:32)
    at next (D:\A\sever\node_modules\koa-compose\index.js:43:18)
    at module.exports (D:\A\sever\middlewares\response.js:13:11)
    at dispatch (D:\A\sever\node_modules\koa-compose\index.js:42:32)
    at next (D:\A\sever\node_modules\koa-compose\index.js:43:18)
    at bodyParser (D:\A\sever\node_modules\koa-bodyparser\index.js:86:11)
    at <anonymous>
    at process._tickCallback (internal/process/next_tick.js:188:7) (in errorHandle.js:24)[22m[39m
[31m[1m14:13:00.87 <error> TypeError: Article.findById is not a function
    at getArticleById (D:\A\sever\controllers\article.js:46:36)
    at dispatch (D:\A\sever\node_modules\koa-router\node_modules\koa-compose\index.js:44:32)
    at next (D:\A\sever\node_modules\koa-router\node_modules\koa-compose\index.js:45:18)
    at D:\A\sever\node_modules\koa-router\lib\router.js:346:16
    at dispatch (D:\A\sever\node_modules\koa-router\node_modules\koa-compose\index.js:44:32)
    at D:\A\sever\node_modules\koa-router\node_modules\koa-compose\index.js:36:12
    at dispatch (D:\A\sever\node_modules\koa-router\lib\router.js:351:31)
    at dispatch (D:\A\sever\node_modules\koa-compose\index.js:42:32)
    at next (D:\A\sever\node_modules\koa-compose\index.js:43:18)
    at module.exports (D:\A\sever\middlewares\errorHandle.js:20:15)
    at dispatch (D:\A\sever\node_modules\koa-compose\index.js:42:32)
    at next (D:\A\sever\node_modules\koa-compose\index.js:43:18)
    at module.exports (D:\A\sever\middlewares\response.js:13:11)
    at dispatch (D:\A\sever\node_modules\koa-compose\index.js:42:32)
    at next (D:\A\sever\node_modules\koa-compose\index.js:43:18)
    at bodyParser (D:\A\sever\node_modules\koa-bodyparser\index.js:86:11)
    at <anonymous>
    at process._tickCallback (internal/process/next_tick.js:188:7) (in errorHandle.js:24)[22m[39m
[31m[1m14:14:32.35 <error> TypeError: Article.findById is not a function
    at getArticleById (D:\A\sever\controllers\article.js:46:36)
    at dispatch (D:\A\sever\node_modules\koa-router\node_modules\koa-compose\index.js:44:32)
    at next (D:\A\sever\node_modules\koa-router\node_modules\koa-compose\index.js:45:18)
    at D:\A\sever\node_modules\koa-router\lib\router.js:346:16
    at dispatch (D:\A\sever\node_modules\koa-router\node_modules\koa-compose\index.js:44:32)
    at D:\A\sever\node_modules\koa-router\node_modules\koa-compose\index.js:36:12
    at dispatch (D:\A\sever\node_modules\koa-router\lib\router.js:351:31)
    at dispatch (D:\A\sever\node_modules\koa-compose\index.js:42:32)
    at next (D:\A\sever\node_modules\koa-compose\index.js:43:18)
    at module.exports (D:\A\sever\middlewares\errorHandle.js:20:15)
    at dispatch (D:\A\sever\node_modules\koa-compose\index.js:42:32)
    at next (D:\A\sever\node_modules\koa-compose\index.js:43:18)
    at module.exports (D:\A\sever\middlewares\response.js:13:11)
    at dispatch (D:\A\sever\node_modules\koa-compose\index.js:42:32)
    at next (D:\A\sever\node_modules\koa-compose\index.js:43:18)
    at bodyParser (D:\A\sever\node_modules\koa-bodyparser\index.js:86:11)
    at <anonymous>
    at process._tickCallback (internal/process/next_tick.js:188:7) (in errorHandle.js:24)[22m[39m
[31m[1m14:31:57.69 <error> ReferenceError: Sequelize is not defined
    at showIndex (D:\A\sever\controllers\homepage.js:65:30)
    at dispatch (D:\A\sever\node_modules\koa-router\node_modules\koa-compose\index.js:44:32)
    at next (D:\A\sever\node_modules\koa-router\node_modules\koa-compose\index.js:45:18)
    at D:\A\sever\node_modules\koa-router\lib\router.js:346:16
    at dispatch (D:\A\sever\node_modules\koa-router\node_modules\koa-compose\index.js:44:32)
    at D:\A\sever\node_modules\koa-router\node_modules\koa-compose\index.js:36:12
    at dispatch (D:\A\sever\node_modules\koa-router\lib\router.js:351:31)
    at dispatch (D:\A\sever\node_modules\koa-compose\index.js:42:32)
    at next (D:\A\sever\node_modules\koa-compose\index.js:43:18)
    at module.exports (D:\A\sever\middlewares\errorHandle.js:20:15)
    at dispatch (D:\A\sever\node_modules\koa-compose\index.js:42:32)
    at next (D:\A\sever\node_modules\koa-compose\index.js:43:18)
    at module.exports (D:\A\sever\middlewares\response.js:13:11)
    at dispatch (D:\A\sever\node_modules\koa-compose\index.js:42:32)
    at next (D:\A\sever\node_modules\koa-compose\index.js:43:18)
    at bodyParser (D:\A\sever\node_modules\koa-bodyparser\index.js:86:11)
    at <anonymous>
    at process._tickCallback (internal/process/next_tick.js:188:7) (in errorHandle.js:24)[22m[39m
[31m[1m14:32:13.47 <error> SequelizeDatabaseError: Unknown column 'articles.category' in 'on clause'
    at Query.formatError (D:\A\sever\node_modules\sequelize\lib\dialects\mysql\query.js:247:16)
    at Query.handler [as onResult] (D:\A\sever\node_modules\sequelize\lib\dialects\mysql\query.js:68:23)
    at Query.Command.execute (D:\A\sever\node_modules\mysql2\lib\commands\command.js:30:12)
    at Connection.handlePacket (D:\A\sever\node_modules\mysql2\lib\connection.js:502:28)
    at PacketParser.onPacket (D:\A\sever\node_modules\mysql2\lib\connection.js:81:16)
    at PacketParser.executeStart (D:\A\sever\node_modules\mysql2\lib\packet_parser.js:77:14)
    at Socket.<anonymous> (D:\A\sever\node_modules\mysql2\lib\connection.js:89:29)
    at emitOne (events.js:116:13)
    at Socket.emit (events.js:211:7)
    at addChunk (_stream_readable.js:263:12)
    at readableAddChunk (_stream_readable.js:250:11)
    at Socket.Readable.push (_stream_readable.js:208:10)
    at TCP.onread (net.js:594:20) (in errorHandle.js:24)[22m[39m
[31m[1m14:32:48.41 <error> TypeError: Cannot read property 'indexOf' of undefined
    at Object.handleSequelizeMethod (D:\A\sever\node_modules\sequelize\lib\dialects\abstract\query-generator.js:1918:27)
    at Object.handleSequelizeMethod (D:\A\sever\node_modules\sequelize\lib\dialects\mysql\query-generator.js:220:18)
    at Object.whereItemQuery (D:\A\sever\node_modules\sequelize\lib\dialects\abstract\query-generator.js:2054:19)
    at Utils.getComplexKeys.forEach.prop (D:\A\sever\node_modules\sequelize\lib\dialects\abstract\query-generator.js:1959:25)
    at Array.forEach (<anonymous>)
    at Object.whereItemsQuery (D:\A\sever\node_modules\sequelize\lib\dialects\abstract\query-generator.js:1957:35)
    at Object.generateJoin (D:\A\sever\node_modules\sequelize\lib\dialects\abstract\query-generator.js:1486:24)
    at Object.generateInclude (D:\A\sever\node_modules\sequelize\lib\dialects\abstract\query-generator.js:1363:24)
    at Object.selectQuery (D:\A\sever\node_modules\sequelize\lib\dialects\abstract\query-generator.js:1004:34)
    at QueryInterface.select (D:\A\sever\node_modules\sequelize\lib\query-interface.js:1100:27)
    at Promise.try.then.then.then (D:\A\sever\node_modules\sequelize\lib\model.js:1603:34)
    at tryCatcher (D:\A\sever\node_modules\bluebird\js\release\util.js:16:23)
    at Promise._settlePromiseFromHandler (D:\A\sever\node_modules\bluebird\js\release\promise.js:512:31)
    at Promise._settlePromise (D:\A\sever\node_modules\bluebird\js\release\promise.js:569:18)
    at Promise._settlePromise0 (D:\A\sever\node_modules\bluebird\js\release\promise.js:614:10)
    at Promise._settlePromises (D:\A\sever\node_modules\bluebird\js\release\promise.js:693:18)
    at Async._drainQueue (D:\A\sever\node_modules\bluebird\js\release\async.js:133:16)
    at Async._drainQueues (D:\A\sever\node_modules\bluebird\js\release\async.js:143:10)
    at Immediate.Async.drainQueues (D:\A\sever\node_modules\bluebird\js\release\async.js:17:14)
    at runCallback (timers.js:789:20)
    at tryOnImmediate (timers.js:751:5)
    at processImmediate [as _immediateCallback] (timers.js:722:5) (in errorHandle.js:24)[22m[39m
[31m[1m14:38:49.51 <error> TypeError: D:\A\sever\views\index.ejs:26
    24|                         <div class="article-body">
    25|                             <div class="info fl">
 >> 26|                                 <a class="blur" href="/categories/<%= article.category_id%>"><div class="class"><%= article.category.category_name%></div></a>
    27|                                 <div class="publish"><%= article.save_time%></div>
    28|                             </div>
    29|                             <div class="article fl">

Cannot read property 'category_name' of undefined
    at eval (eval at compile (D:\A\sever\node_modules\ejs\lib\ejs.js:549:12), <anonymous>:21:43)
    at returnedFn (D:\A\sever\node_modules\ejs\lib\ejs.js:580:17)
    at D:\A\sever\node_modules\consolidate\lib\consolidate.js:651:16
    at D:\A\sever\node_modules\consolidate\lib\consolidate.js:162:5
    at Promise._execute (D:\A\sever\node_modules\bluebird\js\release\debuggability.js:303:9)
    at Promise._resolveFromExecutor (D:\A\sever\node_modules\bluebird\js\release\promise.js:483:18)
    at new Promise (D:\A\sever\node_modules\bluebird\js\release\promise.js:79:10)
    at promisify (D:\A\sever\node_modules\consolidate\lib\consolidate.js:155:10)
    at Function.exports.ejs.render (D:\A\sever\node_modules\consolidate\lib\consolidate.js:647:10)
    at D:\A\sever\node_modules\consolidate\lib\consolidate.js:183:27
    at D:\A\sever\node_modules\consolidate\lib\consolidate.js:101:5
    at FSReqWrap.readFileAfterClose [as oncomplete] (fs.js:511:3) (in errorHandle.js:24)[22m[39m
[31m[1m14:40:21.64 <error> TypeError: Article.findById is not a function
    at getArticleById (D:\A\sever\controllers\article.js:46:36)
    at dispatch (D:\A\sever\node_modules\koa-router\node_modules\koa-compose\index.js:44:32)
    at next (D:\A\sever\node_modules\koa-router\node_modules\koa-compose\index.js:45:18)
    at D:\A\sever\node_modules\koa-router\lib\router.js:346:16
    at dispatch (D:\A\sever\node_modules\koa-router\node_modules\koa-compose\index.js:44:32)
    at D:\A\sever\node_modules\koa-router\node_modules\koa-compose\index.js:36:12
    at dispatch (D:\A\sever\node_modules\koa-router\lib\router.js:351:31)
    at dispatch (D:\A\sever\node_modules\koa-compose\index.js:42:32)
    at next (D:\A\sever\node_modules\koa-compose\index.js:43:18)
    at module.exports (D:\A\sever\middlewares\errorHandle.js:20:15)
    at dispatch (D:\A\sever\node_modules\koa-compose\index.js:42:32)
    at next (D:\A\sever\node_modules\koa-compose\index.js:43:18)
    at module.exports (D:\A\sever\middlewares\response.js:13:11)
    at dispatch (D:\A\sever\node_modules\koa-compose\index.js:42:32)
    at next (D:\A\sever\node_modules\koa-compose\index.js:43:18)
    at bodyParser (D:\A\sever\node_modules\koa-bodyparser\index.js:86:11)
    at <anonymous>
    at process._tickCallback (internal/process/next_tick.js:188:7) (in errorHandle.js:24)[22m[39m
[31m[1m14:41:14.63 <error> TypeError: Article.findById is not a function
    at getArticleById (D:\A\sever\controllers\article.js:46:36)
    at dispatch (D:\A\sever\node_modules\koa-router\node_modules\koa-compose\index.js:44:32)
    at next (D:\A\sever\node_modules\koa-router\node_modules\koa-compose\index.js:45:18)
    at D:\A\sever\node_modules\koa-router\lib\router.js:346:16
    at dispatch (D:\A\sever\node_modules\koa-router\node_modules\koa-compose\index.js:44:32)
    at D:\A\sever\node_modules\koa-router\node_modules\koa-compose\index.js:36:12
    at dispatch (D:\A\sever\node_modules\koa-router\lib\router.js:351:31)
    at dispatch (D:\A\sever\node_modules\koa-compose\index.js:42:32)
    at next (D:\A\sever\node_modules\koa-compose\index.js:43:18)
    at module.exports (D:\A\sever\middlewares\errorHandle.js:20:15)
    at dispatch (D:\A\sever\node_modules\koa-compose\index.js:42:32)
    at next (D:\A\sever\node_modules\koa-compose\index.js:43:18)
    at module.exports (D:\A\sever\middlewares\response.js:13:11)
    at dispatch (D:\A\sever\node_modules\koa-compose\index.js:42:32)
    at next (D:\A\sever\node_modules\koa-compose\index.js:43:18)
    at bodyParser (D:\A\sever\node_modules\koa-bodyparser\index.js:86:11)
    at <anonymous>
    at process._tickCallback (internal/process/next_tick.js:188:7) (in errorHandle.js:24)[22m[39m
[31m[1m14:41:21.22 <error> TypeError: Article.findById is not a function
    at getArticleById (D:\A\sever\controllers\article.js:46:36)
    at dispatch (D:\A\sever\node_modules\koa-router\node_modules\koa-compose\index.js:44:32)
    at next (D:\A\sever\node_modules\koa-router\node_modules\koa-compose\index.js:45:18)
    at D:\A\sever\node_modules\koa-router\lib\router.js:346:16
    at dispatch (D:\A\sever\node_modules\koa-router\node_modules\koa-compose\index.js:44:32)
    at D:\A\sever\node_modules\koa-router\node_modules\koa-compose\index.js:36:12
    at dispatch (D:\A\sever\node_modules\koa-router\lib\router.js:351:31)
    at dispatch (D:\A\sever\node_modules\koa-compose\index.js:42:32)
    at next (D:\A\sever\node_modules\koa-compose\index.js:43:18)
    at module.exports (D:\A\sever\middlewares\errorHandle.js:20:15)
    at dispatch (D:\A\sever\node_modules\koa-compose\index.js:42:32)
    at next (D:\A\sever\node_modules\koa-compose\index.js:43:18)
    at module.exports (D:\A\sever\middlewares\response.js:13:11)
    at dispatch (D:\A\sever\node_modules\koa-compose\index.js:42:32)
    at next (D:\A\sever\node_modules\koa-compose\index.js:43:18)
    at bodyParser (D:\A\sever\node_modules\koa-bodyparser\index.js:86:11)
    at <anonymous>
    at process._tickCallback (internal/process/next_tick.js:188:7) (in errorHandle.js:24)[22m[39m
[31m[1m14:48:16.29 <error> TypeError: Article.findById is not a function
    at getArticleById (D:\A\sever\controllers\article.js:46:36)
    at dispatch (D:\A\sever\node_modules\koa-router\node_modules\koa-compose\index.js:44:32)
    at next (D:\A\sever\node_modules\koa-router\node_modules\koa-compose\index.js:45:18)
    at D:\A\sever\node_modules\koa-router\lib\router.js:346:16
    at dispatch (D:\A\sever\node_modules\koa-router\node_modules\koa-compose\index.js:44:32)
    at D:\A\sever\node_modules\koa-router\node_modules\koa-compose\index.js:36:12
    at dispatch (D:\A\sever\node_modules\koa-router\lib\router.js:351:31)
    at dispatch (D:\A\sever\node_modules\koa-compose\index.js:42:32)
    at next (D:\A\sever\node_modules\koa-compose\index.js:43:18)
    at module.exports (D:\A\sever\middlewares\errorHandle.js:20:15)
    at dispatch (D:\A\sever\node_modules\koa-compose\index.js:42:32)
    at next (D:\A\sever\node_modules\koa-compose\index.js:43:18)
    at module.exports (D:\A\sever\middlewares\response.js:13:11)
    at dispatch (D:\A\sever\node_modules\koa-compose\index.js:42:32)
    at next (D:\A\sever\node_modules\koa-compose\index.js:43:18)
    at bodyParser (D:\A\sever\node_modules\koa-bodyparser\index.js:86:11)
    at <anonymous>
    at process._tickCallback (internal/process/next_tick.js:188:7) (in errorHandle.js:24)[22m[39m
[31m[1m15:32:36.81 <error> ReferenceError: Op is not defined
    at getArticleById (D:\A\sever\controllers\article.js:32:18)
    at dispatch (D:\A\sever\node_modules\koa-router\node_modules\koa-compose\index.js:44:32)
    at next (D:\A\sever\node_modules\koa-router\node_modules\koa-compose\index.js:45:18)
    at D:\A\sever\node_modules\koa-router\lib\router.js:346:16
    at dispatch (D:\A\sever\node_modules\koa-router\node_modules\koa-compose\index.js:44:32)
    at D:\A\sever\node_modules\koa-router\node_modules\koa-compose\index.js:36:12
    at dispatch (D:\A\sever\node_modules\koa-router\lib\router.js:351:31)
    at dispatch (D:\A\sever\node_modules\koa-compose\index.js:42:32)
    at next (D:\A\sever\node_modules\koa-compose\index.js:43:18)
    at module.exports (D:\A\sever\middlewares\errorHandle.js:20:15)
    at dispatch (D:\A\sever\node_modules\koa-compose\index.js:42:32)
    at next (D:\A\sever\node_modules\koa-compose\index.js:43:18)
    at module.exports (D:\A\sever\middlewares\response.js:13:11)
    at dispatch (D:\A\sever\node_modules\koa-compose\index.js:42:32)
    at next (D:\A\sever\node_modules\koa-compose\index.js:43:18)
    at bodyParser (D:\A\sever\node_modules\koa-bodyparser\index.js:86:11)
    at <anonymous>
    at process._tickCallback (internal/process/next_tick.js:188:7) (in errorHandle.js:24)[22m[39m
[31m[1m15:44:13.78 <error> TypeError: Cannot read property 'split' of undefined
    at getArticleById (D:\A\sever\controllers\article.js:40:45)
    at <anonymous> (in errorHandle.js:24)[22m[39m
[31m[1m15:45:17.10 <error> TypeError: Cannot read property 'split' of undefined
    at getArticleById (D:\A\sever\controllers\article.js:40:41)
    at <anonymous> (in errorHandle.js:24)[22m[39m
[31m[1m15:46:04.32 <error> ReferenceError: D:\A\sever\views\index.ejs:19
    17|     <div id="main" class="w">
    18|         <div class="left fl">
 >> 19|             <% for(let article of articles){%>
    20|                 <div class="list clearfix">
    21|                         <div class="title">
    22|                             <a href="/articles/<%= article.id%>"><h1><%= article.title%></h1></a>

articles is not defined
    at eval (eval at compile (D:\A\sever\node_modules\ejs\lib\ejs.js:549:12), <anonymous>:11:27)
    at returnedFn (D:\A\sever\node_modules\ejs\lib\ejs.js:580:17)
    at D:\A\sever\node_modules\consolidate\lib\consolidate.js:651:16
    at D:\A\sever\node_modules\consolidate\lib\consolidate.js:162:5
    at Promise._execute (D:\A\sever\node_modules\bluebird\js\release\debuggability.js:303:9)
    at Promise._resolveFromExecutor (D:\A\sever\node_modules\bluebird\js\release\promise.js:483:18)
    at new Promise (D:\A\sever\node_modules\bluebird\js\release\promise.js:79:10)
    at promisify (D:\A\sever\node_modules\consolidate\lib\consolidate.js:155:10)
    at Function.exports.ejs.render (D:\A\sever\node_modules\consolidate\lib\consolidate.js:647:10)
    at D:\A\sever\node_modules\consolidate\lib\consolidate.js:183:27
    at D:\A\sever\node_modules\consolidate\lib\consolidate.js:101:5
    at FSReqWrap.readFileAfterClose [as oncomplete] (fs.js:511:3) (in errorHandle.js:24)[22m[39m
[31m[1m15:46:41.21 <error> TypeError: Cannot read property 'keyword' of undefined
    at getArticleById (D:\A\sever\controllers\article.js:40:44)
    at <anonymous> (in errorHandle.js:24)[22m[39m
[31m[1m15:48:25.22 <error> TypeError: Cannot read property 'keyword' of undefined
    at getArticleById (D:\A\sever\controllers\article.js:43:49)
    at <anonymous> (in errorHandle.js:24)[22m[39m
[31m[1m15:53:03.17 <error> ReferenceError: D:\A\sever\views\index.ejs:19
    17|     <div id="main" class="w">
    18|         <div class="left fl">
 >> 19|             <% for(let article of articles){%>
    20|                 <div class="list clearfix">
    21|                         <div class="title">
    22|                             <a href="/articles/<%= article.id%>"><h1><%= article.title%></h1></a>

articles is not defined
    at eval (eval at compile (D:\A\sever\node_modules\ejs\lib\ejs.js:549:12), <anonymous>:11:27)
    at returnedFn (D:\A\sever\node_modules\ejs\lib\ejs.js:580:17)
    at D:\A\sever\node_modules\consolidate\lib\consolidate.js:651:16
    at D:\A\sever\node_modules\consolidate\lib\consolidate.js:162:5
    at Promise._execute (D:\A\sever\node_modules\bluebird\js\release\debuggability.js:303:9)
    at Promise._resolveFromExecutor (D:\A\sever\node_modules\bluebird\js\release\promise.js:483:18)
    at new Promise (D:\A\sever\node_modules\bluebird\js\release\promise.js:79:10)
    at promisify (D:\A\sever\node_modules\consolidate\lib\consolidate.js:155:10)
    at Function.exports.ejs.render (D:\A\sever\node_modules\consolidate\lib\consolidate.js:647:10)
    at D:\A\sever\node_modules\consolidate\lib\consolidate.js:183:27
    at D:\A\sever\node_modules\consolidate\lib\consolidate.js:101:5
    at FSReqWrap.readFileAfterClose [as oncomplete] (fs.js:511:3) (in errorHandle.js:24)[22m[39m
[31m[1m15:54:31.37 <error> TypeError: D:\A\sever\views\article.ejs:35
    33|             <div class="info">
    34|                 <span class="pubtime"><%= article.save_time%></span>
 >> 35|                 <a href="/categories/<%= article.category_id%>"><%= article.Category.category_name%></a>
    36|             </div>
    37|             <div class="content">
    38|                 <%= article.article_formd%>

Cannot read property 'category_name' of undefined
    at eval (eval at compile (D:\A\sever\node_modules\ejs\lib\ejs.js:549:12), <anonymous>:19:43)
    at returnedFn (D:\A\sever\node_modules\ejs\lib\ejs.js:580:17)
    at D:\A\sever\node_modules\consolidate\lib\consolidate.js:651:16
    at D:\A\sever\node_modules\consolidate\lib\consolidate.js:162:5
    at Promise._execute (D:\A\sever\node_modules\bluebird\js\release\debuggability.js:303:9)
    at Promise._resolveFromExecutor (D:\A\sever\node_modules\bluebird\js\release\promise.js:483:18)
    at new Promise (D:\A\sever\node_modules\bluebird\js\release\promise.js:79:10)
    at promisify (D:\A\sever\node_modules\consolidate\lib\consolidate.js:155:10)
    at Function.exports.ejs.render (D:\A\sever\node_modules\consolidate\lib\consolidate.js:647:10)
    at D:\A\sever\node_modules\consolidate\lib\consolidate.js:183:27
    at D:\A\sever\node_modules\consolidate\lib\consolidate.js:101:5
    at FSReqWrap.readFileAfterClose [as oncomplete] (fs.js:511:3) (in errorHandle.js:24)[22m[39m
[31m[1m15:55:39.76 <error> TypeError: D:\A\sever\views\article.ejs:35
    33|             <div class="info">
    34|                 <span class="pubtime"><%= article.save_time%></span>
 >> 35|                 <a href="/categories/<%= article.category_id%>"><%= article.Category.category_name%></a>
    36|             </div>
    37|             <div class="content">
    38|                 <%= article.article_formd%>

Cannot read property 'category_name' of undefined
    at eval (eval at compile (D:\A\sever\node_modules\ejs\lib\ejs.js:549:12), <anonymous>:19:43)
    at returnedFn (D:\A\sever\node_modules\ejs\lib\ejs.js:580:17)
    at D:\A\sever\node_modules\consolidate\lib\consolidate.js:651:16
    at D:\A\sever\node_modules\consolidate\lib\consolidate.js:162:5
    at Promise._execute (D:\A\sever\node_modules\bluebird\js\release\debuggability.js:303:9)
    at Promise._resolveFromExecutor (D:\A\sever\node_modules\bluebird\js\release\promise.js:483:18)
    at new Promise (D:\A\sever\node_modules\bluebird\js\release\promise.js:79:10)
    at promisify (D:\A\sever\node_modules\consolidate\lib\consolidate.js:155:10)
    at Function.exports.ejs.render (D:\A\sever\node_modules\consolidate\lib\consolidate.js:647:10)
    at D:\A\sever\node_modules\consolidate\lib\consolidate.js:183:27
    at D:\A\sever\node_modules\consolidate\lib\consolidate.js:101:5
    at FSReqWrap.readFileAfterClose [as oncomplete] (fs.js:511:3) (in errorHandle.js:24)[22m[39m
[31m[1m15:58:42.95 <error> TypeError: D:\A\sever\views\article.ejs:35
    33|             <div class="info">
    34|                 <span class="pubtime"><%= article.save_time%></span>
 >> 35|                 <a href="/categories/<%= article.category_id%>"><%= article.Category.category_name%></a>
    36|             </div>
    37|             <div class="content">
    38|                 <%= article.article_formd%>

Cannot read property 'category_name' of undefined
    at eval (eval at compile (D:\A\sever\node_modules\ejs\lib\ejs.js:549:12), <anonymous>:19:43)
    at returnedFn (D:\A\sever\node_modules\ejs\lib\ejs.js:580:17)
    at D:\A\sever\node_modules\consolidate\lib\consolidate.js:651:16
    at D:\A\sever\node_modules\consolidate\lib\consolidate.js:162:5
    at Promise._execute (D:\A\sever\node_modules\bluebird\js\release\debuggability.js:303:9)
    at Promise._resolveFromExecutor (D:\A\sever\node_modules\bluebird\js\release\promise.js:483:18)
    at new Promise (D:\A\sever\node_modules\bluebird\js\release\promise.js:79:10)
    at promisify (D:\A\sever\node_modules\consolidate\lib\consolidate.js:155:10)
    at Function.exports.ejs.render (D:\A\sever\node_modules\consolidate\lib\consolidate.js:647:10)
    at D:\A\sever\node_modules\consolidate\lib\consolidate.js:183:27
    at D:\A\sever\node_modules\consolidate\lib\consolidate.js:101:5
    at FSReqWrap.readFileAfterClose [as oncomplete] (fs.js:511:3) (in errorHandle.js:24)[22m[39m
[31m[1m16:08:08.31 <error> TypeError: D:\A\sever\views\article.ejs:32
    30|     <div id="main" class="w">
    31|         <div class="article">
 >> 32|             <h1><%= article[0].title%></h1>
    33|             <div class="info">
    34|                 <span class="pubtime"><%= article[0].save_time%></span>
    35|                 <a href="/categories/<%= article[0].category_id%>"><%= article[0].Category.category_name%></a>

Cannot read property 'title' of undefined
    at eval (eval at compile (D:\A\sever\node_modules\ejs\lib\ejs.js:549:12), <anonymous>:11:37)
    at returnedFn (D:\A\sever\node_modules\ejs\lib\ejs.js:580:17)
    at D:\A\sever\node_modules\consolidate\lib\consolidate.js:651:16
    at D:\A\sever\node_modules\consolidate\lib\consolidate.js:162:5
    at Promise._execute (D:\A\sever\node_modules\bluebird\js\release\debuggability.js:303:9)
    at Promise._resolveFromExecutor (D:\A\sever\node_modules\bluebird\js\release\promise.js:483:18)
    at new Promise (D:\A\sever\node_modules\bluebird\js\release\promise.js:79:10)
    at promisify (D:\A\sever\node_modules\consolidate\lib\consolidate.js:155:10)
    at Function.exports.ejs.render (D:\A\sever\node_modules\consolidate\lib\consolidate.js:647:10)
    at D:\A\sever\node_modules\consolidate\lib\consolidate.js:183:27
    at D:\A\sever\node_modules\consolidate\lib\consolidate.js:101:5
    at FSReqWrap.readFileAfterClose [as oncomplete] (fs.js:511:3) (in errorHandle.js:24)[22m[39m
[31m[1m16:32:59.01 <error> SyntaxError: Invalid regular expression flags in D:\A\sever\views\article.ejs while compiling ejs

If the above error is not helpful, you may want to try EJS-Lint:
https://github.com/RyanZim/EJS-Lint
    at new Function (<anonymous>)
    at Template.compile (D:\A\sever\node_modules\ejs\lib\ejs.js:549:12)
    at Object.compile (D:\A\sever\node_modules\ejs\lib\ejs.js:358:16)
    at D:\A\sever\node_modules\consolidate\lib\consolidate.js:650:58
    at D:\A\sever\node_modules\consolidate\lib\consolidate.js:162:5
    at Promise._execute (D:\A\sever\node_modules\bluebird\js\release\debuggability.js:303:9)
    at Promise._resolveFromExecutor (D:\A\sever\node_modules\bluebird\js\release\promise.js:483:18)
    at new Promise (D:\A\sever\node_modules\bluebird\js\release\promise.js:79:10)
    at promisify (D:\A\sever\node_modules\consolidate\lib\consolidate.js:155:10)
    at Function.exports.ejs.render (D:\A\sever\node_modules\consolidate\lib\consolidate.js:647:10)
    at D:\A\sever\node_modules\consolidate\lib\consolidate.js:183:27
    at D:\A\sever\node_modules\consolidate\lib\consolidate.js:101:5
    at FSReqWrap.readFileAfterClose [as oncomplete] (fs.js:511:3) (in errorHandle.js:24)[22m[39m
[31m[1m16:34:11.32 <error> SyntaxError: Invalid regular expression flags in D:\A\sever\views\article.ejs while compiling ejs

If the above error is not helpful, you may want to try EJS-Lint:
https://github.com/RyanZim/EJS-Lint
    at new Function (<anonymous>)
    at Template.compile (D:\A\sever\node_modules\ejs\lib\ejs.js:549:12)
    at Object.compile (D:\A\sever\node_modules\ejs\lib\ejs.js:358:16)
    at D:\A\sever\node_modules\consolidate\lib\consolidate.js:650:58
    at D:\A\sever\node_modules\consolidate\lib\consolidate.js:162:5
    at Promise._execute (D:\A\sever\node_modules\bluebird\js\release\debuggability.js:303:9)
    at Promise._resolveFromExecutor (D:\A\sever\node_modules\bluebird\js\release\promise.js:483:18)
    at new Promise (D:\A\sever\node_modules\bluebird\js\release\promise.js:79:10)
    at promisify (D:\A\sever\node_modules\consolidate\lib\consolidate.js:155:10)
    at Function.exports.ejs.render (D:\A\sever\node_modules\consolidate\lib\consolidate.js:647:10)
    at D:\A\sever\node_modules\consolidate\lib\consolidate.js:183:27
    at D:\A\sever\node_modules\consolidate\lib\consolidate.js:101:5
    at FSReqWrap.readFileAfterClose [as oncomplete] (fs.js:511:3) (in errorHandle.js:24)[22m[39m
[31m[1m16:35:38.37 <error> TypeError: D:\A\sever\views\article.ejs:49
    47|             <div class="line"></div>
    48|             <div class="next-prev">
 >> 49|                 <a href="/articles/<%= article[0].prev.id%>" class="prev fl">
    50|                     <i class="icon-prev"></i>
    51|                     <span><%= article[0].prev.title%></span>
    52|                 </a>

Cannot read property 'id' of undefined
    at eval (eval at compile (D:\A\sever\node_modules\ejs\lib\ejs.js:549:12), <anonymous>:36:42)
    at returnedFn (D:\A\sever\node_modules\ejs\lib\ejs.js:580:17)
    at D:\A\sever\node_modules\consolidate\lib\consolidate.js:651:16
    at D:\A\sever\node_modules\consolidate\lib\consolidate.js:162:5
    at Promise._execute (D:\A\sever\node_modules\bluebird\js\release\debuggability.js:303:9)
    at Promise._resolveFromExecutor (D:\A\sever\node_modules\bluebird\js\release\promise.js:483:18)
    at new Promise (D:\A\sever\node_modules\bluebird\js\release\promise.js:79:10)
    at promisify (D:\A\sever\node_modules\consolidate\lib\consolidate.js:155:10)
    at Function.exports.ejs.render (D:\A\sever\node_modules\consolidate\lib\consolidate.js:647:10)
    at D:\A\sever\node_modules\consolidate\lib\consolidate.js:183:27
    at D:\A\sever\node_modules\consolidate\lib\consolidate.js:101:5
    at FSReqWrap.readFileAfterClose [as oncomplete] (fs.js:511:3) (in errorHandle.js:24)[22m[39m
[31m[1m16:36:32.57 <error> TypeError: D:\A\sever\views\article.ejs:49
    47|             <div class="line"></div>
    48|             <div class="next-prev">
 >> 49|                 <a href="/articles/<%= article[0].prev.id%>" class="prev fl">
    50|                     <i class="icon-prev"></i>
    51|                     <span><%= article[0].prev.title%></span>
    52|                 </a>

Cannot read property 'id' of undefined
    at eval (eval at compile (D:\A\sever\node_modules\ejs\lib\ejs.js:549:12), <anonymous>:36:42)
    at returnedFn (D:\A\sever\node_modules\ejs\lib\ejs.js:580:17)
    at D:\A\sever\node_modules\consolidate\lib\consolidate.js:651:16
    at D:\A\sever\node_modules\consolidate\lib\consolidate.js:162:5
    at Promise._execute (D:\A\sever\node_modules\bluebird\js\release\debuggability.js:303:9)
    at Promise._resolveFromExecutor (D:\A\sever\node_modules\bluebird\js\release\promise.js:483:18)
    at new Promise (D:\A\sever\node_modules\bluebird\js\release\promise.js:79:10)
    at promisify (D:\A\sever\node_modules\consolidate\lib\consolidate.js:155:10)
    at Function.exports.ejs.render (D:\A\sever\node_modules\consolidate\lib\consolidate.js:647:10)
    at D:\A\sever\node_modules\consolidate\lib\consolidate.js:183:27
    at D:\A\sever\node_modules\consolidate\lib\consolidate.js:101:5
    at FSReqWrap.readFileAfterClose [as oncomplete] (fs.js:511:3) (in errorHandle.js:24)[22m[39m
[31m[1m16:38:06.94 <error> TypeError: D:\A\sever\views\article.ejs:49
    47|             <div class="line"></div>
    48|             <div class="next-prev">
 >> 49|                 <a href="/articles/<%= article[0].prev[0].id%>" class="prev fl">
    50|                     <i class="icon-prev"></i>
    51|                     <span><%= article[0].prev[0].title%></span>
    52|                 </a>

Cannot read property '0' of undefined
    at eval (eval at compile (D:\A\sever\node_modules\ejs\lib\ejs.js:549:12), <anonymous>:36:41)
    at returnedFn (D:\A\sever\node_modules\ejs\lib\ejs.js:580:17)
    at D:\A\sever\node_modules\consolidate\lib\consolidate.js:651:16
    at D:\A\sever\node_modules\consolidate\lib\consolidate.js:162:5
    at Promise._execute (D:\A\sever\node_modules\bluebird\js\release\debuggability.js:303:9)
    at Promise._resolveFromExecutor (D:\A\sever\node_modules\bluebird\js\release\promise.js:483:18)
    at new Promise (D:\A\sever\node_modules\bluebird\js\release\promise.js:79:10)
    at promisify (D:\A\sever\node_modules\consolidate\lib\consolidate.js:155:10)
    at Function.exports.ejs.render (D:\A\sever\node_modules\consolidate\lib\consolidate.js:647:10)
    at D:\A\sever\node_modules\consolidate\lib\consolidate.js:183:27
    at D:\A\sever\node_modules\consolidate\lib\consolidate.js:101:5
    at FSReqWrap.readFileAfterClose [as oncomplete] (fs.js:511:3) (in errorHandle.js:24)[22m[39m
[31m[1m16:40:17.37 <error> TypeError: D:\A\sever\views\article.ejs:49
    47|             <div class="line"></div>
    48|             <div class="next-prev">
 >> 49|                 <a href="/articles/<%= article.prev.id%>" class="prev fl">
    50|                     <i class="icon-prev"></i>
    51|                     <span><%= article.prev.title%></span>
    52|                 </a>

Cannot read property 'id' of undefined
    at eval (eval at compile (D:\A\sever\node_modules\ejs\lib\ejs.js:549:12), <anonymous>:36:39)
    at returnedFn (D:\A\sever\node_modules\ejs\lib\ejs.js:580:17)
    at D:\A\sever\node_modules\consolidate\lib\consolidate.js:651:16
    at D:\A\sever\node_modules\consolidate\lib\consolidate.js:162:5
    at Promise._execute (D:\A\sever\node_modules\bluebird\js\release\debuggability.js:303:9)
    at Promise._resolveFromExecutor (D:\A\sever\node_modules\bluebird\js\release\promise.js:483:18)
    at new Promise (D:\A\sever\node_modules\bluebird\js\release\promise.js:79:10)
    at promisify (D:\A\sever\node_modules\consolidate\lib\consolidate.js:155:10)
    at Function.exports.ejs.render (D:\A\sever\node_modules\consolidate\lib\consolidate.js:647:10)
    at D:\A\sever\node_modules\consolidate\lib\consolidate.js:183:27
    at D:\A\sever\node_modules\consolidate\lib\consolidate.js:101:5
    at FSReqWrap.readFileAfterClose [as oncomplete] (fs.js:511:3) (in errorHandle.js:24)[22m[39m
[31m[1m16:42:29.17 <error> TypeError: D:\A\sever\views\article.ejs:49
    47|             <div class="line"></div>
    48|             <div class="next-prev">
 >> 49|                 <a href="/articles/<%= article.prev.id%>" class="prev fl">
    50|                     <i class="icon-prev"></i>
    51|                     <span><%= article.prev.title%></span>
    52|                 </a>

Cannot read property 'id' of undefined
    at eval (eval at compile (D:\A\sever\node_modules\ejs\lib\ejs.js:549:12), <anonymous>:36:39)
    at returnedFn (D:\A\sever\node_modules\ejs\lib\ejs.js:580:17)
    at D:\A\sever\node_modules\consolidate\lib\consolidate.js:651:16
    at D:\A\sever\node_modules\consolidate\lib\consolidate.js:162:5
    at Promise._execute (D:\A\sever\node_modules\bluebird\js\release\debuggability.js:303:9)
    at Promise._resolveFromExecutor (D:\A\sever\node_modules\bluebird\js\release\promise.js:483:18)
    at new Promise (D:\A\sever\node_modules\bluebird\js\release\promise.js:79:10)
    at promisify (D:\A\sever\node_modules\consolidate\lib\consolidate.js:155:10)
    at Function.exports.ejs.render (D:\A\sever\node_modules\consolidate\lib\consolidate.js:647:10)
    at D:\A\sever\node_modules\consolidate\lib\consolidate.js:183:27
    at D:\A\sever\node_modules\consolidate\lib\consolidate.js:101:5
    at FSReqWrap.readFileAfterClose [as oncomplete] (fs.js:511:3) (in errorHandle.js:24)[22m[39m
[31m[1m16:46:24.28 <error> TypeError: D:\A\sever\views\article.ejs:51
    49|                 <a href="/articles/<%= article.prev%>" class="prev fl">
    50|                     <i class="icon-prev"></i>
 >> 51|                     <span><%= article.prev.title%></span>
    52|                 </a>
    53|                
    54|             </div>

Cannot read property 'title' of undefined
    at eval (eval at compile (D:\A\sever\node_modules\ejs\lib\ejs.js:549:12), <anonymous>:39:39)
    at returnedFn (D:\A\sever\node_modules\ejs\lib\ejs.js:580:17)
    at D:\A\sever\node_modules\consolidate\lib\consolidate.js:651:16
    at D:\A\sever\node_modules\consolidate\lib\consolidate.js:162:5
    at Promise._execute (D:\A\sever\node_modules\bluebird\js\release\debuggability.js:303:9)
    at Promise._resolveFromExecutor (D:\A\sever\node_modules\bluebird\js\release\promise.js:483:18)
    at new Promise (D:\A\sever\node_modules\bluebird\js\release\promise.js:79:10)
    at promisify (D:\A\sever\node_modules\consolidate\lib\consolidate.js:155:10)
    at Function.exports.ejs.render (D:\A\sever\node_modules\consolidate\lib\consolidate.js:647:10)
    at D:\A\sever\node_modules\consolidate\lib\consolidate.js:183:27
    at D:\A\sever\node_modules\consolidate\lib\consolidate.js:101:5
    at FSReqWrap.readFileAfterClose [as oncomplete] (fs.js:511:3) (in errorHandle.js:24)[22m[39m
[31m[1m16:51:34.13 <error> TypeError: D:\A\sever\views\article.ejs:49
    47|             <div class="line"></div>
    48|             <div class="next-prev">
 >> 49|                 <a href="/articles/<%= article.prev.id%>" class="prev fl">
    50|                     <i class="icon-prev"></i>
    51|                     <span><%= article.prev.title%></span>
    52|                 </a>

Cannot read property 'id' of undefined
    at eval (eval at compile (D:\A\sever\node_modules\ejs\lib\ejs.js:549:12), <anonymous>:36:39)
    at returnedFn (D:\A\sever\node_modules\ejs\lib\ejs.js:580:17)
    at D:\A\sever\node_modules\consolidate\lib\consolidate.js:651:16
    at D:\A\sever\node_modules\consolidate\lib\consolidate.js:162:5
    at Promise._execute (D:\A\sever\node_modules\bluebird\js\release\debuggability.js:303:9)
    at Promise._resolveFromExecutor (D:\A\sever\node_modules\bluebird\js\release\promise.js:483:18)
    at new Promise (D:\A\sever\node_modules\bluebird\js\release\promise.js:79:10)
    at promisify (D:\A\sever\node_modules\consolidate\lib\consolidate.js:155:10)
    at Function.exports.ejs.render (D:\A\sever\node_modules\consolidate\lib\consolidate.js:647:10)
    at D:\A\sever\node_modules\consolidate\lib\consolidate.js:183:27
    at D:\A\sever\node_modules\consolidate\lib\consolidate.js:101:5
    at FSReqWrap.readFileAfterClose [as oncomplete] (fs.js:511:3) (in errorHandle.js:24)[22m[39m
[31m[1m17:06:01.06 <error> TypeError: D:\A\sever\views\article.ejs:49
    47|             <div class="line"></div>
    48|             <div class="next-prev">
 >> 49|                 <a href="/articles/<%= article.Prev.id%>" class="prev fl">
    50|                     <i class="icon-prev"></i>
    51|                     <span><%= article.Prev.title%></span>
    52|                 </a>

Cannot read property 'id' of undefined
    at eval (eval at compile (D:\A\sever\node_modules\ejs\lib\ejs.js:549:12), <anonymous>:36:39)
    at returnedFn (D:\A\sever\node_modules\ejs\lib\ejs.js:580:17)
    at D:\A\sever\node_modules\consolidate\lib\consolidate.js:651:16
    at D:\A\sever\node_modules\consolidate\lib\consolidate.js:162:5
    at Promise._execute (D:\A\sever\node_modules\bluebird\js\release\debuggability.js:303:9)
    at Promise._resolveFromExecutor (D:\A\sever\node_modules\bluebird\js\release\promise.js:483:18)
    at new Promise (D:\A\sever\node_modules\bluebird\js\release\promise.js:79:10)
    at promisify (D:\A\sever\node_modules\consolidate\lib\consolidate.js:155:10)
    at Function.exports.ejs.render (D:\A\sever\node_modules\consolidate\lib\consolidate.js:647:10)
    at D:\A\sever\node_modules\consolidate\lib\consolidate.js:183:27
    at D:\A\sever\node_modules\consolidate\lib\consolidate.js:101:5
    at FSReqWrap.readFileAfterClose [as oncomplete] (fs.js:511:3) (in errorHandle.js:24)[22m[39m
[31m[1m17:34:03.80 <error> TypeError: Cannot set property 'prev' of undefined
    at getArticleById (D:\A\sever\controllers\article.js:70:21)
    at <anonymous> (in errorHandle.js:24)[22m[39m
[31m[1m17:35:02.96 <error> TypeError: Cannot set property 'prev' of undefined
    at getArticleById (D:\A\sever\controllers\article.js:70:21)
    at <anonymous> (in errorHandle.js:24)[22m[39m
[31m[1m17:38:38.81 <error> TypeError: D:\A\sever\views\article.ejs:49
    47|             <div class="line"></div>
    48|             <div class="next-prev">
 >> 49|                 <a href="/articles/<%= relate.prev.id%>" class="prev fl">
    50|                     <i class="icon-prev"></i>
    51|                     <span><%= relate.prev.title%></span>
    52|                 </a>

Cannot read property 'id' of undefined
    at eval (eval at compile (D:\A\sever\node_modules\ejs\lib\ejs.js:549:12), <anonymous>:36:38)
    at returnedFn (D:\A\sever\node_modules\ejs\lib\ejs.js:580:17)
    at D:\A\sever\node_modules\consolidate\lib\consolidate.js:651:16
    at D:\A\sever\node_modules\consolidate\lib\consolidate.js:162:5
    at Promise._execute (D:\A\sever\node_modules\bluebird\js\release\debuggability.js:303:9)
    at Promise._resolveFromExecutor (D:\A\sever\node_modules\bluebird\js\release\promise.js:483:18)
    at new Promise (D:\A\sever\node_modules\bluebird\js\release\promise.js:79:10)
    at promisify (D:\A\sever\node_modules\consolidate\lib\consolidate.js:155:10)
    at Function.exports.ejs.render (D:\A\sever\node_modules\consolidate\lib\consolidate.js:647:10)
    at D:\A\sever\node_modules\consolidate\lib\consolidate.js:183:27
    at D:\A\sever\node_modules\consolidate\lib\consolidate.js:101:5
    at FSReqWrap.readFileAfterClose [as oncomplete] (fs.js:511:3) (in errorHandle.js:24)[22m[39m
[31m[1m17:38:41.10 <error> TypeError: D:\A\sever\views\article.ejs:35
    33|             <div class="info">
    34|                 <span class="pubtime"><%= article.save_time%></span>
 >> 35|                 <a href="/categories/<%= article.category_id%>"><%= article.Category.category_name%></a>
    36|             </div>
    37|             <div class="content">
    38|                 <%= article.article_formd%>

Cannot read property 'category_name' of null
    at eval (eval at compile (D:\A\sever\node_modules\ejs\lib\ejs.js:549:12), <anonymous>:19:43)
    at returnedFn (D:\A\sever\node_modules\ejs\lib\ejs.js:580:17)
    at D:\A\sever\node_modules\consolidate\lib\consolidate.js:651:16
    at D:\A\sever\node_modules\consolidate\lib\consolidate.js:162:5
    at Promise._execute (D:\A\sever\node_modules\bluebird\js\release\debuggability.js:303:9)
    at Promise._resolveFromExecutor (D:\A\sever\node_modules\bluebird\js\release\promise.js:483:18)
    at new Promise (D:\A\sever\node_modules\bluebird\js\release\promise.js:79:10)
    at promisify (D:\A\sever\node_modules\consolidate\lib\consolidate.js:155:10)
    at Function.exports.ejs.render (D:\A\sever\node_modules\consolidate\lib\consolidate.js:647:10)
    at D:\A\sever\node_modules\consolidate\lib\consolidate.js:183:27
    at D:\A\sever\node_modules\consolidate\lib\consolidate.js:101:5
    at FSReqWrap.readFileAfterClose [as oncomplete] (fs.js:511:3) (in errorHandle.js:24)[22m[39m
[31m[1m17:38:49.75 <error> TypeError: D:\A\sever\views\article.ejs:49
    47|             <div class="line"></div>
    48|             <div class="next-prev">
 >> 49|                 <a href="/articles/<%= relate.prev.id%>" class="prev fl">
    50|                     <i class="icon-prev"></i>
    51|                     <span><%= relate.prev.title%></span>
    52|                 </a>

Cannot read property 'id' of undefined
    at eval (eval at compile (D:\A\sever\node_modules\ejs\lib\ejs.js:549:12), <anonymous>:36:38)
    at returnedFn (D:\A\sever\node_modules\ejs\lib\ejs.js:580:17)
    at D:\A\sever\node_modules\consolidate\lib\consolidate.js:651:16
    at D:\A\sever\node_modules\consolidate\lib\consolidate.js:162:5
    at Promise._execute (D:\A\sever\node_modules\bluebird\js\release\debuggability.js:303:9)
    at Promise._resolveFromExecutor (D:\A\sever\node_modules\bluebird\js\release\promise.js:483:18)
    at new Promise (D:\A\sever\node_modules\bluebird\js\release\promise.js:79:10)
    at promisify (D:\A\sever\node_modules\consolidate\lib\consolidate.js:155:10)
    at Function.exports.ejs.render (D:\A\sever\node_modules\consolidate\lib\consolidate.js:647:10)
    at D:\A\sever\node_modules\consolidate\lib\consolidate.js:183:27
    at D:\A\sever\node_modules\consolidate\lib\consolidate.js:101:5
    at FSReqWrap.readFileAfterClose [as oncomplete] (fs.js:511:3) (in errorHandle.js:24)[22m[39m
[31m[1m17:44:47.29 <error> TypeError: D:\A\sever\views\article.ejs:35
    33|             <div class="info">
    34|                 <span class="pubtime"><%= article.save_time%></span>
 >> 35|                 <a href="/categories/<%= article.category_id%>"><%= article.Category.category_name%></a>
    36|             </div>
    37|             <div class="content">
    38|                 <%= article.article_formd%>

Cannot read property 'category_name' of null
    at eval (eval at compile (D:\A\sever\node_modules\ejs\lib\ejs.js:549:12), <anonymous>:19:43)
    at returnedFn (D:\A\sever\node_modules\ejs\lib\ejs.js:580:17)
    at D:\A\sever\node_modules\consolidate\lib\consolidate.js:651:16
    at D:\A\sever\node_modules\consolidate\lib\consolidate.js:162:5
    at Promise._execute (D:\A\sever\node_modules\bluebird\js\release\debuggability.js:303:9)
    at Promise._resolveFromExecutor (D:\A\sever\node_modules\bluebird\js\release\promise.js:483:18)
    at new Promise (D:\A\sever\node_modules\bluebird\js\release\promise.js:79:10)
    at promisify (D:\A\sever\node_modules\consolidate\lib\consolidate.js:155:10)
    at Function.exports.ejs.render (D:\A\sever\node_modules\consolidate\lib\consolidate.js:647:10)
    at D:\A\sever\node_modules\consolidate\lib\consolidate.js:183:27
    at D:\A\sever\node_modules\consolidate\lib\consolidate.js:101:5
    at FSReqWrap.readFileAfterClose [as oncomplete] (fs.js:511:3) (in errorHandle.js:24)[22m[39m
[31m[1m17:47:58.04 <error> TypeError: D:\A\sever\views\article.ejs:35
    33|             <div class="info">
    34|                 <span class="pubtime"><%= article.save_time%></span>
 >> 35|                 <a href="/categories/<%= article.category_id%>"><%= article.Category.category_name%></a>
    36|             </div>
    37|             <div class="content">
    38|                 <%= article.article_formd%>

Cannot read property 'category_name' of null
    at eval (eval at compile (D:\A\sever\node_modules\ejs\lib\ejs.js:549:12), <anonymous>:19:43)
    at returnedFn (D:\A\sever\node_modules\ejs\lib\ejs.js:580:17)
    at D:\A\sever\node_modules\consolidate\lib\consolidate.js:651:16
    at D:\A\sever\node_modules\consolidate\lib\consolidate.js:162:5
    at Promise._execute (D:\A\sever\node_modules\bluebird\js\release\debuggability.js:303:9)
    at Promise._resolveFromExecutor (D:\A\sever\node_modules\bluebird\js\release\promise.js:483:18)
    at new Promise (D:\A\sever\node_modules\bluebird\js\release\promise.js:79:10)
    at promisify (D:\A\sever\node_modules\consolidate\lib\consolidate.js:155:10)
    at Function.exports.ejs.render (D:\A\sever\node_modules\consolidate\lib\consolidate.js:647:10)
    at D:\A\sever\node_modules\consolidate\lib\consolidate.js:183:27
    at D:\A\sever\node_modules\consolidate\lib\consolidate.js:101:5
    at FSReqWrap.readFileAfterClose [as oncomplete] (fs.js:511:3) (in errorHandle.js:24)[22m[39m
[31m[1m08:57:54.66 <error> TypeError: D:\A\sever\views\article.ejs:32
    30|     <div id="main" class="w">
    31|         <div class="article">
 >> 32|             <h1><%= article.title%></h1>
    33|             <div class="info">
    34|                 <span class="pubtime"><%= article.save_time%></span>
    35|                 <a href="/categories/<%= article.category_id%>"><%= article.Category.category_name%></a>

Cannot read property 'title' of undefined
    at eval (eval at compile (D:\A\sever\node_modules\ejs\lib\ejs.js:549:12), <anonymous>:11:34)
    at returnedFn (D:\A\sever\node_modules\ejs\lib\ejs.js:580:17)
    at D:\A\sever\node_modules\consolidate\lib\consolidate.js:651:16
    at D:\A\sever\node_modules\consolidate\lib\consolidate.js:162:5
    at Promise._execute (D:\A\sever\node_modules\bluebird\js\release\debuggability.js:303:9)
    at Promise._resolveFromExecutor (D:\A\sever\node_modules\bluebird\js\release\promise.js:483:18)
    at new Promise (D:\A\sever\node_modules\bluebird\js\release\promise.js:79:10)
    at promisify (D:\A\sever\node_modules\consolidate\lib\consolidate.js:155:10)
    at Function.exports.ejs.render (D:\A\sever\node_modules\consolidate\lib\consolidate.js:647:10)
    at D:\A\sever\node_modules\consolidate\lib\consolidate.js:183:27
    at D:\A\sever\node_modules\consolidate\lib\consolidate.js:101:5
    at FSReqWrap.readFileAfterClose [as oncomplete] (fs.js:511:3) (in errorHandle.js:24)[22m[39m
[31m[1m09:00:52.02 <error> TypeError: D:\A\sever\views\article.ejs:32
    30|     <div id="main" class="w">
    31|         <div class="article">
 >> 32|             <h1><%= article.title%></h1>
    33|             <div class="info">
    34|                 <span class="pubtime"><%= article.save_time%></span>
    35|                 <a href="/categories/<%= article.category_id%>"><%= article.Category.category_name%></a>

Cannot read property 'title' of undefined
    at eval (eval at compile (D:\A\sever\node_modules\ejs\lib\ejs.js:549:12), <anonymous>:11:34)
    at returnedFn (D:\A\sever\node_modules\ejs\lib\ejs.js:580:17)
    at D:\A\sever\node_modules\consolidate\lib\consolidate.js:651:16
    at D:\A\sever\node_modules\consolidate\lib\consolidate.js:162:5
    at Promise._execute (D:\A\sever\node_modules\bluebird\js\release\debuggability.js:303:9)
    at Promise._resolveFromExecutor (D:\A\sever\node_modules\bluebird\js\release\promise.js:483:18)
    at new Promise (D:\A\sever\node_modules\bluebird\js\release\promise.js:79:10)
    at promisify (D:\A\sever\node_modules\consolidate\lib\consolidate.js:155:10)
    at Function.exports.ejs.render (D:\A\sever\node_modules\consolidate\lib\consolidate.js:647:10)
    at D:\A\sever\node_modules\consolidate\lib\consolidate.js:183:27
    at D:\A\sever\node_modules\consolidate\lib\consolidate.js:101:5
    at FSReqWrap.readFileAfterClose [as oncomplete] (fs.js:511:3) (in errorHandle.js:24)[22m[39m
[31m[1m09:03:46.96 <error> ReferenceError: Op is not defined
    at showIndex (D:\A\sever\controllers\homepage.js:81:18)
    at <anonymous> (in errorHandle.js:24)[22m[39m
[31m[1m09:52:09.63 <error> TypeError: Cannot read property 'findAll' of undefined
    at getArticleById (D:\A\sever\controllers\article.js:76:40)
    at <anonymous> (in errorHandle.js:24)[22m[39m
[31m[1m10:23:19.80 <error> TypeError: messages is not iterable
    at getReplyMsg (D:\A\sever\controllers\article.js:97:26)
    at getReplyMsg (D:\A\sever\controllers\article.js:107:17)
    at getArticleById (D:\A\sever\controllers\article.js:85:9)
    at <anonymous> (in errorHandle.js:24)[22m[39m
[31m[1m13:34:51.08 <error> SyntaxError: Unexpected token { in D:\A\sever\views\article.ejs while compiling ejs

If the above error is not helpful, you may want to try EJS-Lint:
https://github.com/RyanZim/EJS-Lint
    at new Function (<anonymous>)
    at Template.compile (D:\A\sever\node_modules\ejs\lib\ejs.js:549:12)
    at Object.compile (D:\A\sever\node_modules\ejs\lib\ejs.js:358:16)
    at D:\A\sever\node_modules\consolidate\lib\consolidate.js:650:58
    at D:\A\sever\node_modules\consolidate\lib\consolidate.js:162:5
    at Promise._execute (D:\A\sever\node_modules\bluebird\js\release\debuggability.js:303:9)
    at Promise._resolveFromExecutor (D:\A\sever\node_modules\bluebird\js\release\promise.js:483:18)
    at new Promise (D:\A\sever\node_modules\bluebird\js\release\promise.js:79:10)
    at promisify (D:\A\sever\node_modules\consolidate\lib\consolidate.js:155:10)
    at Function.exports.ejs.render (D:\A\sever\node_modules\consolidate\lib\consolidate.js:647:10)
    at D:\A\sever\node_modules\consolidate\lib\consolidate.js:183:27
    at D:\A\sever\node_modules\consolidate\lib\consolidate.js:101:5
    at FSReqWrap.readFileAfterClose [as oncomplete] (fs.js:511:3) (in errorHandle.js:24)[22m[39m
[31m[1m13:36:41.14 <error> SyntaxError: Unexpected token { in D:\A\sever\views\article.ejs while compiling ejs

If the above error is not helpful, you may want to try EJS-Lint:
https://github.com/RyanZim/EJS-Lint
    at new Function (<anonymous>)
    at Template.compile (D:\A\sever\node_modules\ejs\lib\ejs.js:549:12)
    at Object.compile (D:\A\sever\node_modules\ejs\lib\ejs.js:358:16)
    at D:\A\sever\node_modules\consolidate\lib\consolidate.js:650:58
    at D:\A\sever\node_modules\consolidate\lib\consolidate.js:162:5
    at Promise._execute (D:\A\sever\node_modules\bluebird\js\release\debuggability.js:303:9)
    at Promise._resolveFromExecutor (D:\A\sever\node_modules\bluebird\js\release\promise.js:483:18)
    at new Promise (D:\A\sever\node_modules\bluebird\js\release\promise.js:79:10)
    at promisify (D:\A\sever\node_modules\consolidate\lib\consolidate.js:155:10)
    at Function.exports.ejs.render (D:\A\sever\node_modules\consolidate\lib\consolidate.js:647:10)
    at D:\A\sever\node_modules\consolidate\lib\consolidate.js:183:27
    at D:\A\sever\node_modules\consolidate\lib\consolidate.js:101:5
    at FSReqWrap.readFileAfterClose [as oncomplete] (fs.js:511:3) (in errorHandle.js:24)[22m[39m
[31m[1m13:45:07.91 <error> SyntaxError: Unexpected token { in D:\A\sever\views\article.ejs while compiling ejs

If the above error is not helpful, you may want to try EJS-Lint:
https://github.com/RyanZim/EJS-Lint
    at new Function (<anonymous>)
    at Template.compile (D:\A\sever\node_modules\ejs\lib\ejs.js:549:12)
    at Object.compile (D:\A\sever\node_modules\ejs\lib\ejs.js:358:16)
    at D:\A\sever\node_modules\consolidate\lib\consolidate.js:650:58
    at D:\A\sever\node_modules\consolidate\lib\consolidate.js:162:5
    at Promise._execute (D:\A\sever\node_modules\bluebird\js\release\debuggability.js:303:9)
    at Promise._resolveFromExecutor (D:\A\sever\node_modules\bluebird\js\release\promise.js:483:18)
    at new Promise (D:\A\sever\node_modules\bluebird\js\release\promise.js:79:10)
    at promisify (D:\A\sever\node_modules\consolidate\lib\consolidate.js:155:10)
    at Function.exports.ejs.render (D:\A\sever\node_modules\consolidate\lib\consolidate.js:647:10)
    at D:\A\sever\node_modules\consolidate\lib\consolidate.js:183:27
    at D:\A\sever\node_modules\consolidate\lib\consolidate.js:101:5
    at FSReqWrap.readFileAfterClose [as oncomplete] (fs.js:511:3) (in errorHandle.js:24)[22m[39m
[31m[1m13:45:47.52 <error> SyntaxError: Unexpected token { in D:\A\sever\views\article.ejs while compiling ejs

If the above error is not helpful, you may want to try EJS-Lint:
https://github.com/RyanZim/EJS-Lint
    at new Function (<anonymous>)
    at Template.compile (D:\A\sever\node_modules\ejs\lib\ejs.js:549:12)
    at Object.compile (D:\A\sever\node_modules\ejs\lib\ejs.js:358:16)
    at D:\A\sever\node_modules\consolidate\lib\consolidate.js:650:58
    at D:\A\sever\node_modules\consolidate\lib\consolidate.js:162:5
    at Promise._execute (D:\A\sever\node_modules\bluebird\js\release\debuggability.js:303:9)
    at Promise._resolveFromExecutor (D:\A\sever\node_modules\bluebird\js\release\promise.js:483:18)
    at new Promise (D:\A\sever\node_modules\bluebird\js\release\promise.js:79:10)
    at promisify (D:\A\sever\node_modules\consolidate\lib\consolidate.js:155:10)
    at Function.exports.ejs.render (D:\A\sever\node_modules\consolidate\lib\consolidate.js:647:10)
    at D:\A\sever\node_modules\consolidate\lib\consolidate.js:183:27
    at D:\A\sever\node_modules\consolidate\lib\consolidate.js:101:5
    at FSReqWrap.readFileAfterClose [as oncomplete] (fs.js:511:3) (in errorHandle.js:24)[22m[39m
[31m[1m13:45:49.15 <error> SyntaxError: Unexpected token { in D:\A\sever\views\article.ejs while compiling ejs

If the above error is not helpful, you may want to try EJS-Lint:
https://github.com/RyanZim/EJS-Lint
    at new Function (<anonymous>)
    at Template.compile (D:\A\sever\node_modules\ejs\lib\ejs.js:549:12)
    at Object.compile (D:\A\sever\node_modules\ejs\lib\ejs.js:358:16)
    at D:\A\sever\node_modules\consolidate\lib\consolidate.js:650:58
    at D:\A\sever\node_modules\consolidate\lib\consolidate.js:162:5
    at Promise._execute (D:\A\sever\node_modules\bluebird\js\release\debuggability.js:303:9)
    at Promise._resolveFromExecutor (D:\A\sever\node_modules\bluebird\js\release\promise.js:483:18)
    at new Promise (D:\A\sever\node_modules\bluebird\js\release\promise.js:79:10)
    at promisify (D:\A\sever\node_modules\consolidate\lib\consolidate.js:155:10)
    at Function.exports.ejs.render (D:\A\sever\node_modules\consolidate\lib\consolidate.js:647:10)
    at D:\A\sever\node_modules\consolidate\lib\consolidate.js:183:27
    at D:\A\sever\node_modules\consolidate\lib\consolidate.js:101:5
    at FSReqWrap.readFileAfterClose [as oncomplete] (fs.js:511:3) (in errorHandle.js:24)[22m[39m
[31m[1m13:46:13.11 <error> ReferenceError: D:\A\sever\views\article.ejs:92
    90|                         <div class="main-msg clearfix">
    91|                             <div class="avatar fl">
 >> 92|                                     <img src="<%= message.msg_avatar%>" alt="">
    93|                             </div>
    94|                             <div class="message fl">
    95|                                 <div class="msg-title">

message is not defined
    at eval (eval at compile (D:\A\sever\node_modules\ejs\lib\ejs.js:549:12), <anonymous>:69:26)
    at returnedFn (D:\A\sever\node_modules\ejs\lib\ejs.js:580:17)
    at D:\A\sever\node_modules\consolidate\lib\consolidate.js:651:16
    at D:\A\sever\node_modules\consolidate\lib\consolidate.js:162:5
    at Promise._execute (D:\A\sever\node_modules\bluebird\js\release\debuggability.js:303:9)
    at Promise._resolveFromExecutor (D:\A\sever\node_modules\bluebird\js\release\promise.js:483:18)
    at new Promise (D:\A\sever\node_modules\bluebird\js\release\promise.js:79:10)
    at promisify (D:\A\sever\node_modules\consolidate\lib\consolidate.js:155:10)
    at Function.exports.ejs.render (D:\A\sever\node_modules\consolidate\lib\consolidate.js:647:10)
    at D:\A\sever\node_modules\consolidate\lib\consolidate.js:183:27
    at D:\A\sever\node_modules\consolidate\lib\consolidate.js:101:5
    at FSReqWrap.readFileAfterClose [as oncomplete] (fs.js:511:3) (in errorHandle.js:24)[22m[39m
[31m[1m13:52:25.73 <error> SyntaxError: Unexpected token o in JSON at position 1
    at JSON.parse (<anonymous>)
    at getArticleById (D:\A\sever\controllers\article.js:108:29)
    at <anonymous> (in errorHandle.js:24)[22m[39m
[31m[1m13:52:59.63 <error> SyntaxError: Unexpected token o in JSON at position 1
    at JSON.parse (<anonymous>)
    at getArticleById (D:\A\sever\controllers\article.js:102:26)
    at <anonymous> (in errorHandle.js:24)[22m[39m
[31m[1m09:18:21.11 <error> Error: ENOENT: no such file or directory, stat 'D:\A\sever\views\article.ejs' (in errorHandle.js:24)[22m[39m
[31m[1m11:30:47.53 <error> Error: ENOENT: no such file or directory, stat 'D:\A\sever\views\admin\index.ejs' (in errorHandle.js:24)[22m[39m
[31m[1m11:41:33.39 <error> ReferenceError: Article is not defined
    at getAllPublishedArticles (D:\A\sever\controllers\article.js:272:13)
    at dispatch (D:\A\sever\node_modules\koa-router\node_modules\koa-compose\index.js:44:32)
    at next (D:\A\sever\node_modules\koa-router\node_modules\koa-compose\index.js:45:18)
    at D:\A\sever\node_modules\koa-router\lib\router.js:346:16
    at dispatch (D:\A\sever\node_modules\koa-router\node_modules\koa-compose\index.js:44:32)
    at D:\A\sever\node_modules\koa-router\node_modules\koa-compose\index.js:36:12
    at dispatch (D:\A\sever\node_modules\koa-router\lib\router.js:351:31)
    at dispatch (D:\A\sever\node_modules\koa-compose\index.js:42:32)
    at next (D:\A\sever\node_modules\koa-compose\index.js:43:18)
    at module.exports (D:\A\sever\middlewares\errorHandle.js:20:15)
    at dispatch (D:\A\sever\node_modules\koa-compose\index.js:42:32)
    at next (D:\A\sever\node_modules\koa-compose\index.js:43:18)
    at module.exports (D:\A\sever\middlewares\response.js:13:11)
    at dispatch (D:\A\sever\node_modules\koa-compose\index.js:42:32)
    at next (D:\A\sever\node_modules\koa-compose\index.js:43:18)
    at bodyParser (D:\A\sever\node_modules\koa-bodyparser\index.js:86:11)
    at <anonymous>
    at process._tickCallback (internal/process/next_tick.js:188:7) (in errorHandle.js:24)[22m[39m
[31m[1m11:42:29.03 <error> UnauthorizedError: no token detected in http header Authorization
    at Object.throw (D:\A\sever\node_modules\koa\lib\context.js:93:11)
    at module.exports (D:\A\sever\middlewares\checkToken.js:26:18)
    at dispatch (D:\A\sever\node_modules\koa-router\node_modules\koa-compose\index.js:44:32)
    at next (D:\A\sever\node_modules\koa-router\node_modules\koa-compose\index.js:45:18)
    at D:\A\sever\node_modules\koa-router\lib\router.js:346:16
    at dispatch (D:\A\sever\node_modules\koa-router\node_modules\koa-compose\index.js:44:32)
    at D:\A\sever\node_modules\koa-router\node_modules\koa-compose\index.js:36:12
    at dispatch (D:\A\sever\node_modules\koa-router\lib\router.js:351:31)
    at dispatch (D:\A\sever\node_modules\koa-compose\index.js:42:32)
    at next (D:\A\sever\node_modules\koa-compose\index.js:43:18)
    at module.exports (D:\A\sever\middlewares\errorHandle.js:20:15)
    at dispatch (D:\A\sever\node_modules\koa-compose\index.js:42:32)
    at next (D:\A\sever\node_modules\koa-compose\index.js:43:18)
    at module.exports (D:\A\sever\middlewares\response.js:13:11)
    at dispatch (D:\A\sever\node_modules\koa-compose\index.js:42:32)
    at next (D:\A\sever\node_modules\koa-compose\index.js:43:18)
    at bodyParser (D:\A\sever\node_modules\koa-bodyparser\index.js:86:11)
    at <anonymous>
    at process._tickCallback (internal/process/next_tick.js:188:7) (in errorHandle.js:24)[22m[39m
[31m[1m11:51:40.10 <error> UnauthorizedError: no token detected in http header Authorization
    at Object.throw (D:\A\sever\node_modules\koa\lib\context.js:93:11)
    at module.exports (D:\A\sever\middlewares\checkToken.js:26:18)
    at dispatch (D:\A\sever\node_modules\koa-router\node_modules\koa-compose\index.js:44:32)
    at next (D:\A\sever\node_modules\koa-router\node_modules\koa-compose\index.js:45:18)
    at D:\A\sever\node_modules\koa-router\lib\router.js:346:16
    at dispatch (D:\A\sever\node_modules\koa-router\node_modules\koa-compose\index.js:44:32)
    at D:\A\sever\node_modules\koa-router\node_modules\koa-compose\index.js:36:12
    at dispatch (D:\A\sever\node_modules\koa-router\lib\router.js:351:31)
    at dispatch (D:\A\sever\node_modules\koa-compose\index.js:42:32)
    at next (D:\A\sever\node_modules\koa-compose\index.js:43:18)
    at module.exports (D:\A\sever\middlewares\errorHandle.js:20:15)
    at dispatch (D:\A\sever\node_modules\koa-compose\index.js:42:32)
    at next (D:\A\sever\node_modules\koa-compose\index.js:43:18)
    at module.exports (D:\A\sever\middlewares\response.js:13:11)
    at dispatch (D:\A\sever\node_modules\koa-compose\index.js:42:32)
    at next (D:\A\sever\node_modules\koa-compose\index.js:43:18)
    at bodyParser (D:\A\sever\node_modules\koa-bodyparser\index.js:86:11)
    at <anonymous>
    at process._tickCallback (internal/process/next_tick.js:188:7) (in errorHandle.js:24)[22m[39m
[31m[1m14:01:02.53 <error> BadRequestError: Áî®Êà∑Âêç‰∏çËÉΩ‰∏∫Á©∫!
    at Object.throw (D:\A\sever\node_modules\koa\lib\context.js:93:11)
    at login (D:\A\sever\controllers\user.js:54:22)
    at dispatch (D:\A\sever\node_modules\koa-router\node_modules\koa-compose\index.js:44:32)
    at next (D:\A\sever\node_modules\koa-router\node_modules\koa-compose\index.js:45:18)
    at D:\A\sever\node_modules\koa-router\lib\router.js:346:16
    at dispatch (D:\A\sever\node_modules\koa-router\node_modules\koa-compose\index.js:44:32)
    at D:\A\sever\node_modules\koa-router\node_modules\koa-compose\index.js:36:12
    at dispatch (D:\A\sever\node_modules\koa-router\lib\router.js:351:31)
    at dispatch (D:\A\sever\node_modules\koa-compose\index.js:42:32)
    at next (D:\A\sever\node_modules\koa-compose\index.js:43:18)
    at module.exports (D:\A\sever\middlewares\errorHandle.js:20:15)
    at dispatch (D:\A\sever\node_modules\koa-compose\index.js:42:32)
    at next (D:\A\sever\node_modules\koa-compose\index.js:43:18)
    at module.exports (D:\A\sever\middlewares\response.js:13:11)
    at dispatch (D:\A\sever\node_modules\koa-compose\index.js:42:32)
    at next (D:\A\sever\node_modules\koa-compose\index.js:43:18)
    at bodyParser (D:\A\sever\node_modules\koa-bodyparser\index.js:86:11)
    at <anonymous>
    at process._tickCallback (internal/process/next_tick.js:188:7) (in errorHandle.js:24)[22m[39m
[31m[1m14:01:12.54 <error> BadRequestError: Áî®Êà∑Âêç‰∏çËÉΩ‰∏∫Á©∫!
    at Object.throw (D:\A\sever\node_modules\koa\lib\context.js:93:11)
    at login (D:\A\sever\controllers\user.js:54:22)
    at dispatch (D:\A\sever\node_modules\koa-router\node_modules\koa-compose\index.js:44:32)
    at next (D:\A\sever\node_modules\koa-router\node_modules\koa-compose\index.js:45:18)
    at D:\A\sever\node_modules\koa-router\lib\router.js:346:16
    at dispatch (D:\A\sever\node_modules\koa-router\node_modules\koa-compose\index.js:44:32)
    at D:\A\sever\node_modules\koa-router\node_modules\koa-compose\index.js:36:12
    at dispatch (D:\A\sever\node_modules\koa-router\lib\router.js:351:31)
    at dispatch (D:\A\sever\node_modules\koa-compose\index.js:42:32)
    at next (D:\A\sever\node_modules\koa-compose\index.js:43:18)
    at module.exports (D:\A\sever\middlewares\errorHandle.js:20:15)
    at dispatch (D:\A\sever\node_modules\koa-compose\index.js:42:32)
    at next (D:\A\sever\node_modules\koa-compose\index.js:43:18)
    at module.exports (D:\A\sever\middlewares\response.js:13:11)
    at dispatch (D:\A\sever\node_modules\koa-compose\index.js:42:32)
    at next (D:\A\sever\node_modules\koa-compose\index.js:43:18)
    at bodyParser (D:\A\sever\node_modules\koa-bodyparser\index.js:86:11)
    at <anonymous>
    at process._tickCallback (internal/process/next_tick.js:188:7) (in errorHandle.js:24)[22m[39m
[31m[1m14:02:12.71 <error> BadRequestError: Áî®Êà∑Âêç‰∏çËÉΩ‰∏∫Á©∫!
    at Object.throw (D:\A\sever\node_modules\koa\lib\context.js:93:11)
    at login (D:\A\sever\controllers\user.js:54:22)
    at dispatch (D:\A\sever\node_modules\koa-router\node_modules\koa-compose\index.js:44:32)
    at next (D:\A\sever\node_modules\koa-router\node_modules\koa-compose\index.js:45:18)
    at D:\A\sever\node_modules\koa-router\lib\router.js:346:16
    at dispatch (D:\A\sever\node_modules\koa-router\node_modules\koa-compose\index.js:44:32)
    at D:\A\sever\node_modules\koa-router\node_modules\koa-compose\index.js:36:12
    at dispatch (D:\A\sever\node_modules\koa-router\lib\router.js:351:31)
    at dispatch (D:\A\sever\node_modules\koa-compose\index.js:42:32)
    at next (D:\A\sever\node_modules\koa-compose\index.js:43:18)
    at module.exports (D:\A\sever\middlewares\errorHandle.js:20:15)
    at dispatch (D:\A\sever\node_modules\koa-compose\index.js:42:32)
    at next (D:\A\sever\node_modules\koa-compose\index.js:43:18)
    at module.exports (D:\A\sever\middlewares\response.js:13:11)
    at dispatch (D:\A\sever\node_modules\koa-compose\index.js:42:32)
    at next (D:\A\sever\node_modules\koa-compose\index.js:43:18)
    at bodyParser (D:\A\sever\node_modules\koa-bodyparser\index.js:86:11)
    at <anonymous>
    at process._tickCallback (internal/process/next_tick.js:188:7) (in errorHandle.js:24)[22m[39m
[31m[1m14:05:23.66 <error> BadRequestError: Áî®Êà∑Âêç‰∏çËÉΩ‰∏∫Á©∫!
    at Object.throw (D:\A\sever\node_modules\koa\lib\context.js:93:11)
    at login (D:\A\sever\controllers\user.js:57:22)
    at dispatch (D:\A\sever\node_modules\koa-router\node_modules\koa-compose\index.js:44:32)
    at next (D:\A\sever\node_modules\koa-router\node_modules\koa-compose\index.js:45:18)
    at D:\A\sever\node_modules\koa-router\lib\router.js:346:16
    at dispatch (D:\A\sever\node_modules\koa-router\node_modules\koa-compose\index.js:44:32)
    at D:\A\sever\node_modules\koa-router\node_modules\koa-compose\index.js:36:12
    at dispatch (D:\A\sever\node_modules\koa-router\lib\router.js:351:31)
    at dispatch (D:\A\sever\node_modules\koa-compose\index.js:42:32)
    at next (D:\A\sever\node_modules\koa-compose\index.js:43:18)
    at module.exports (D:\A\sever\middlewares\errorHandle.js:20:15)
    at dispatch (D:\A\sever\node_modules\koa-compose\index.js:42:32)
    at next (D:\A\sever\node_modules\koa-compose\index.js:43:18)
    at module.exports (D:\A\sever\middlewares\response.js:13:11)
    at dispatch (D:\A\sever\node_modules\koa-compose\index.js:42:32)
    at next (D:\A\sever\node_modules\koa-compose\index.js:43:18)
    at bodyParser (D:\A\sever\node_modules\koa-bodyparser\index.js:86:11)
    at <anonymous>
    at process._tickCallback (internal/process/next_tick.js:188:7) (in errorHandle.js:24)[22m[39m
[31m[1m14:05:44.60 <error> BadRequestError: Áî®Êà∑Âêç‰∏çËÉΩ‰∏∫Á©∫!
    at Object.throw (D:\A\sever\node_modules\koa\lib\context.js:93:11)
    at login (D:\A\sever\controllers\user.js:54:22)
    at dispatch (D:\A\sever\node_modules\koa-router\node_modules\koa-compose\index.js:44:32)
    at next (D:\A\sever\node_modules\koa-router\node_modules\koa-compose\index.js:45:18)
    at D:\A\sever\node_modules\koa-router\lib\router.js:346:16
    at dispatch (D:\A\sever\node_modules\koa-router\node_modules\koa-compose\index.js:44:32)
    at D:\A\sever\node_modules\koa-router\node_modules\koa-compose\index.js:36:12
    at dispatch (D:\A\sever\node_modules\koa-router\lib\router.js:351:31)
    at dispatch (D:\A\sever\node_modules\koa-compose\index.js:42:32)
    at next (D:\A\sever\node_modules\koa-compose\index.js:43:18)
    at module.exports (D:\A\sever\middlewares\errorHandle.js:20:15)
    at dispatch (D:\A\sever\node_modules\koa-compose\index.js:42:32)
    at next (D:\A\sever\node_modules\koa-compose\index.js:43:18)
    at module.exports (D:\A\sever\middlewares\response.js:13:11)
    at dispatch (D:\A\sever\node_modules\koa-compose\index.js:42:32)
    at next (D:\A\sever\node_modules\koa-compose\index.js:43:18)
    at bodyParser (D:\A\sever\node_modules\koa-bodyparser\index.js:86:11)
    at <anonymous>
    at process._tickCallback (internal/process/next_tick.js:188:7) (in errorHandle.js:24)[22m[39m
[31m[1m14:34:34.55 <error> BadRequestError: Áî®Êà∑Âêç‰∏çËÉΩ‰∏∫Á©∫!
    at Object.throw (D:\A\sever\node_modules\koa\lib\context.js:93:11)
    at login (D:\A\sever\controllers\user.js:58:22)
    at dispatch (D:\A\sever\node_modules\koa-router\node_modules\koa-compose\index.js:44:32)
    at next (D:\A\sever\node_modules\koa-router\node_modules\koa-compose\index.js:45:18)
    at D:\A\sever\node_modules\koa-router\lib\router.js:346:16
    at dispatch (D:\A\sever\node_modules\koa-router\node_modules\koa-compose\index.js:44:32)
    at D:\A\sever\node_modules\koa-router\node_modules\koa-compose\index.js:36:12
    at dispatch (D:\A\sever\node_modules\koa-router\lib\router.js:351:31)
    at dispatch (D:\A\sever\node_modules\koa-compose\index.js:42:32)
    at next (D:\A\sever\node_modules\koa-compose\index.js:43:18)
    at module.exports (D:\A\sever\middlewares\errorHandle.js:20:15)
    at dispatch (D:\A\sever\node_modules\koa-compose\index.js:42:32)
    at next (D:\A\sever\node_modules\koa-compose\index.js:43:18)
    at module.exports (D:\A\sever\middlewares\response.js:25:11)
    at dispatch (D:\A\sever\node_modules\koa-compose\index.js:42:32)
    at next (D:\A\sever\node_modules\koa-compose\index.js:43:18)
    at bodyParser (D:\A\sever\node_modules\koa-bodyparser\index.js:86:11)
    at <anonymous>
    at process._tickCallback (internal/process/next_tick.js:188:7) (in errorHandle.js:24)[22m[39m
[31m[1m14:40:31.43 <error> BadRequestError: Áî®Êà∑Âêç‰∏çËÉΩ‰∏∫Á©∫ÔºÅ
    at Object.throw (D:\A\sever\node_modules\koa\lib\context.js:93:11)
    at login (D:\A\sever\controllers\user.js:54:22)
    at dispatch (D:\A\sever\node_modules\koa-router\node_modules\koa-compose\index.js:44:32)
    at next (D:\A\sever\node_modules\koa-router\node_modules\koa-compose\index.js:45:18)
    at D:\A\sever\node_modules\koa-router\lib\router.js:346:16
    at dispatch (D:\A\sever\node_modules\koa-router\node_modules\koa-compose\index.js:44:32)
    at D:\A\sever\node_modules\koa-router\node_modules\koa-compose\index.js:36:12
    at dispatch (D:\A\sever\node_modules\koa-router\lib\router.js:351:31)
    at dispatch (D:\A\sever\node_modules\koa-compose\index.js:42:32)
    at next (D:\A\sever\node_modules\koa-compose\index.js:43:18)
    at module.exports (D:\A\sever\middlewares\errorHandle.js:20:15)
    at dispatch (D:\A\sever\node_modules\koa-compose\index.js:42:32)
    at next (D:\A\sever\node_modules\koa-compose\index.js:43:18)
    at module.exports (D:\A\sever\middlewares\response.js:28:11)
    at dispatch (D:\A\sever\node_modules\koa-compose\index.js:42:32)
    at next (D:\A\sever\node_modules\koa-compose\index.js:43:18)
    at bodyParser (D:\A\sever\node_modules\koa-bodyparser\index.js:86:11)
    at <anonymous>
    at process._tickCallback (internal/process/next_tick.js:188:7) (in errorHandle.js:24)[22m[39m
[31m[1m15:38:20.43 <error> ValidationError: "expiresTime" is not allowed
    at Object.exports.process (D:\A\sever\node_modules\joi\lib\errors.js:140:17)
    at internals.Object.internals.Any.validate (D:\A\sever\node_modules\joi\lib\any.js:667:25)
    at Object.module.exports [as sign] (D:\A\sever\node_modules\jsonwebtoken\sign.js:101:47)
    at module.exports (D:\A\sever\utils\createToken.js:15:23)
    at login (D:\A\sever\controllers\user.js:78:29)
    at <anonymous> (in errorHandle.js:24)[22m[39m
[31m[1m15:56:02.79 <error> TypeError: ctx.fail is not a function
    at login (D:\A\sever\controllers\user.js:56:24)
    at dispatch (D:\A\sever\node_modules\koa-router\node_modules\koa-compose\index.js:44:32)
    at next (D:\A\sever\node_modules\koa-router\node_modules\koa-compose\index.js:45:18)
    at D:\A\sever\node_modules\koa-router\lib\router.js:346:16
    at dispatch (D:\A\sever\node_modules\koa-router\node_modules\koa-compose\index.js:44:32)
    at D:\A\sever\node_modules\koa-router\node_modules\koa-compose\index.js:36:12
    at dispatch (D:\A\sever\node_modules\koa-router\lib\router.js:351:31)
    at dispatch (D:\A\sever\node_modules\koa-compose\index.js:42:32)
    at next (D:\A\sever\node_modules\koa-compose\index.js:43:18)
    at module.exports (D:\A\sever\middlewares\errorHandle.js:20:15)
    at dispatch (D:\A\sever\node_modules\koa-compose\index.js:42:32)
    at next (D:\A\sever\node_modules\koa-compose\index.js:43:18)
    at module.exports (D:\A\sever\middlewares\response.js:22:11)
    at dispatch (D:\A\sever\node_modules\koa-compose\index.js:42:32)
    at next (D:\A\sever\node_modules\koa-compose\index.js:43:18)
    at bodyParser (D:\A\sever\node_modules\koa-bodyparser\index.js:86:11)
    at <anonymous>
    at process._tickCallback (internal/process/next_tick.js:188:7) (in errorHandle.js:24)[22m[39m
[31m[1m16:11:17.67 <error> ReferenceError: authorization is not defined
    at module.exports (D:\A\sever\middlewares\checkToken.js:7:5)
    at dispatch (D:\A\sever\node_modules\koa-router\node_modules\koa-compose\index.js:44:32)
    at next (D:\A\sever\node_modules\koa-router\node_modules\koa-compose\index.js:45:18)
    at D:\A\sever\node_modules\koa-router\lib\router.js:346:16
    at dispatch (D:\A\sever\node_modules\koa-router\node_modules\koa-compose\index.js:44:32)
    at D:\A\sever\node_modules\koa-router\node_modules\koa-compose\index.js:36:12
    at dispatch (D:\A\sever\node_modules\koa-router\lib\router.js:351:31)
    at dispatch (D:\A\sever\node_modules\koa-compose\index.js:42:32)
    at next (D:\A\sever\node_modules\koa-compose\index.js:43:18)
    at module.exports (D:\A\sever\middlewares\errorHandle.js:20:15)
    at dispatch (D:\A\sever\node_modules\koa-compose\index.js:42:32)
    at next (D:\A\sever\node_modules\koa-compose\index.js:43:18)
    at module.exports (D:\A\sever\middlewares\response.js:25:11)
    at dispatch (D:\A\sever\node_modules\koa-compose\index.js:42:32)
    at next (D:\A\sever\node_modules\koa-compose\index.js:43:18)
    at bodyParser (D:\A\sever\node_modules\koa-bodyparser\index.js:86:11)
    at <anonymous>
    at process._tickCallback (internal/process/next_tick.js:188:7) (in errorHandle.js:24)[22m[39m
[31m[1m16:12:40.94 <error> UnauthorizedError: no token detected in http header Authorization
    at Object.throw (D:\A\sever\node_modules\koa\lib\context.js:93:11)
    at module.exports (D:\A\sever\middlewares\checkToken.js:29:18)
    at dispatch (D:\A\sever\node_modules\koa-router\node_modules\koa-compose\index.js:44:32)
    at next (D:\A\sever\node_modules\koa-router\node_modules\koa-compose\index.js:45:18)
    at D:\A\sever\node_modules\koa-router\lib\router.js:346:16
    at dispatch (D:\A\sever\node_modules\koa-router\node_modules\koa-compose\index.js:44:32)
    at D:\A\sever\node_modules\koa-router\node_modules\koa-compose\index.js:36:12
    at dispatch (D:\A\sever\node_modules\koa-router\lib\router.js:351:31)
    at dispatch (D:\A\sever\node_modules\koa-compose\index.js:42:32)
    at next (D:\A\sever\node_modules\koa-compose\index.js:43:18)
    at module.exports (D:\A\sever\middlewares\errorHandle.js:20:15)
    at dispatch (D:\A\sever\node_modules\koa-compose\index.js:42:32)
    at next (D:\A\sever\node_modules\koa-compose\index.js:43:18)
    at module.exports (D:\A\sever\middlewares\response.js:25:11)
    at dispatch (D:\A\sever\node_modules\koa-compose\index.js:42:32)
    at next (D:\A\sever\node_modules\koa-compose\index.js:43:18)
    at bodyParser (D:\A\sever\node_modules\koa-bodyparser\index.js:86:11)
    at <anonymous>
    at process._tickCallback (internal/process/next_tick.js:188:7) (in errorHandle.js:24)[22m[39m
[31m[1m16:15:09.89 <error> UnauthorizedError: no token detected in http header Authorization
    at Object.throw (D:\A\sever\node_modules\koa\lib\context.js:93:11)
    at module.exports (D:\A\sever\middlewares\checkToken.js:29:18)
    at dispatch (D:\A\sever\node_modules\koa-router\node_modules\koa-compose\index.js:44:32)
    at next (D:\A\sever\node_modules\koa-router\node_modules\koa-compose\index.js:45:18)
    at D:\A\sever\node_modules\koa-router\lib\router.js:346:16
    at dispatch (D:\A\sever\node_modules\koa-router\node_modules\koa-compose\index.js:44:32)
    at D:\A\sever\node_modules\koa-router\node_modules\koa-compose\index.js:36:12
    at dispatch (D:\A\sever\node_modules\koa-router\lib\router.js:351:31)
    at dispatch (D:\A\sever\node_modules\koa-compose\index.js:42:32)
    at next (D:\A\sever\node_modules\koa-compose\index.js:43:18)
    at module.exports (D:\A\sever\middlewares\errorHandle.js:20:15)
    at dispatch (D:\A\sever\node_modules\koa-compose\index.js:42:32)
    at next (D:\A\sever\node_modules\koa-compose\index.js:43:18)
    at module.exports (D:\A\sever\middlewares\response.js:25:11)
    at dispatch (D:\A\sever\node_modules\koa-compose\index.js:42:32)
    at next (D:\A\sever\node_modules\koa-compose\index.js:43:18)
    at bodyParser (D:\A\sever\node_modules\koa-bodyparser\index.js:86:11)
    at <anonymous>
    at process._tickCallback (internal/process/next_tick.js:188:7) (in errorHandle.js:24)[22m[39m
[31m[1m16:15:10.61 <error> UnauthorizedError: no token detected in http header Authorization
    at Object.throw (D:\A\sever\node_modules\koa\lib\context.js:93:11)
    at module.exports (D:\A\sever\middlewares\checkToken.js:29:18)
    at dispatch (D:\A\sever\node_modules\koa-router\node_modules\koa-compose\index.js:44:32)
    at next (D:\A\sever\node_modules\koa-router\node_modules\koa-compose\index.js:45:18)
    at D:\A\sever\node_modules\koa-router\lib\router.js:346:16
    at dispatch (D:\A\sever\node_modules\koa-router\node_modules\koa-compose\index.js:44:32)
    at D:\A\sever\node_modules\koa-router\node_modules\koa-compose\index.js:36:12
    at dispatch (D:\A\sever\node_modules\koa-router\lib\router.js:351:31)
    at dispatch (D:\A\sever\node_modules\koa-compose\index.js:42:32)
    at next (D:\A\sever\node_modules\koa-compose\index.js:43:18)
    at module.exports (D:\A\sever\middlewares\errorHandle.js:20:15)
    at dispatch (D:\A\sever\node_modules\koa-compose\index.js:42:32)
    at next (D:\A\sever\node_modules\koa-compose\index.js:43:18)
    at module.exports (D:\A\sever\middlewares\response.js:25:11)
    at dispatch (D:\A\sever\node_modules\koa-compose\index.js:42:32)
    at next (D:\A\sever\node_modules\koa-compose\index.js:43:18)
    at bodyParser (D:\A\sever\node_modules\koa-bodyparser\index.js:86:11)
    at <anonymous>
    at process._tickCallback (internal/process/next_tick.js:188:7) (in errorHandle.js:24)[22m[39m
[31m[1m16:15:32.04 <error> UnauthorizedError: no token detected in http header Authorization
    at Object.throw (D:\A\sever\node_modules\koa\lib\context.js:93:11)
    at module.exports (D:\A\sever\middlewares\checkToken.js:29:18)
    at dispatch (D:\A\sever\node_modules\koa-router\node_modules\koa-compose\index.js:44:32)
    at next (D:\A\sever\node_modules\koa-router\node_modules\koa-compose\index.js:45:18)
    at D:\A\sever\node_modules\koa-router\lib\router.js:346:16
    at dispatch (D:\A\sever\node_modules\koa-router\node_modules\koa-compose\index.js:44:32)
    at D:\A\sever\node_modules\koa-router\node_modules\koa-compose\index.js:36:12
    at dispatch (D:\A\sever\node_modules\koa-router\lib\router.js:351:31)
    at dispatch (D:\A\sever\node_modules\koa-compose\index.js:42:32)
    at next (D:\A\sever\node_modules\koa-compose\index.js:43:18)
    at module.exports (D:\A\sever\middlewares\errorHandle.js:20:15)
    at dispatch (D:\A\sever\node_modules\koa-compose\index.js:42:32)
    at next (D:\A\sever\node_modules\koa-compose\index.js:43:18)
    at module.exports (D:\A\sever\middlewares\response.js:25:11)
    at dispatch (D:\A\sever\node_modules\koa-compose\index.js:42:32)
    at next (D:\A\sever\node_modules\koa-compose\index.js:43:18)
    at bodyParser (D:\A\sever\node_modules\koa-bodyparser\index.js:86:11)
    at <anonymous>
    at process._tickCallback (internal/process/next_tick.js:188:7) (in errorHandle.js:24)[22m[39m
[31m[1m17:53:40.41 <error> Error: next() called multiple times
    at dispatch (D:\A\sever\node_modules\koa-router\node_modules\koa-compose\index.js:38:45)
    at next (D:\A\sever\node_modules\koa-router\node_modules\koa-compose\index.js:45:18)
    at module.exports (D:\A\sever\middlewares\checkToken.js:29:11)
    at <anonymous> (in errorHandle.js:24)[22m[39m
[31m[1m11:30:56.42 <error> InternalServerError: ÊúçÂä°Âô®ÂÜÖÈÉ®ÈîôËØØ-createÈîôËØØ!
    at Object.throw (D:\A\sever\node_modules\koa\lib\context.js:93:11)
    at S.User.create.catch (D:\A\sever\controllers\user.js:36:22)
    at tryCatcher (D:\A\sever\node_modules\bluebird\js\release\util.js:16:23)
    at Promise._settlePromiseFromHandler (D:\A\sever\node_modules\bluebird\js\release\promise.js:512:31)
    at Promise._settlePromise (D:\A\sever\node_modules\bluebird\js\release\promise.js:569:18)
    at Promise._settlePromise0 (D:\A\sever\node_modules\bluebird\js\release\promise.js:614:10)
    at Promise._settlePromises (D:\A\sever\node_modules\bluebird\js\release\promise.js:689:18)
    at Async._drainQueue (D:\A\sever\node_modules\bluebird\js\release\async.js:133:16)
    at Async._drainQueues (D:\A\sever\node_modules\bluebird\js\release\async.js:143:10)
    at Immediate.Async.drainQueues (D:\A\sever\node_modules\bluebird\js\release\async.js:17:14)
    at runCallback (timers.js:789:20)
    at tryOnImmediate (timers.js:751:5)
    at processImmediate [as _immediateCallback] (timers.js:722:5) (in errorHandle.js:24)[22m[39m
[31m[1m11:55:33.40 <error> InternalServerError: ÊúçÂä°Âô®ÂÜÖÈÉ®ÈîôËØØ-createÈîôËØØ!
    at Object.throw (D:\A\sever\node_modules\koa\lib\context.js:93:11)
    at S.User.create.catch (D:\A\sever\controllers\user.js:36:22)
    at tryCatcher (D:\A\sever\node_modules\bluebird\js\release\util.js:16:23)
    at Promise._settlePromiseFromHandler (D:\A\sever\node_modules\bluebird\js\release\promise.js:512:31)
    at Promise._settlePromise (D:\A\sever\node_modules\bluebird\js\release\promise.js:569:18)
    at Promise._settlePromise0 (D:\A\sever\node_modules\bluebird\js\release\promise.js:614:10)
    at Promise._settlePromises (D:\A\sever\node_modules\bluebird\js\release\promise.js:689:18)
    at Async._drainQueue (D:\A\sever\node_modules\bluebird\js\release\async.js:133:16)
    at Async._drainQueues (D:\A\sever\node_modules\bluebird\js\release\async.js:143:10)
    at Immediate.Async.drainQueues (D:\A\sever\node_modules\bluebird\js\release\async.js:17:14)
    at runCallback (timers.js:789:20)
    at tryOnImmediate (timers.js:751:5)
    at processImmediate [as _immediateCallback] (timers.js:722:5) (in errorHandle.js:24)[22m[39m
[31m[1m11:56:48.89 <error> InternalServerError: ÊúçÂä°Âô®ÂÜÖÈÉ®ÈîôËØØ-createÈîôËØØ!
    at Object.throw (D:\A\sever\node_modules\koa\lib\context.js:93:11)
    at S.User.create.catch (D:\A\sever\controllers\user.js:36:22)
    at tryCatcher (D:\A\sever\node_modules\bluebird\js\release\util.js:16:23)
    at Promise._settlePromiseFromHandler (D:\A\sever\node_modules\bluebird\js\release\promise.js:512:31)
    at Promise._settlePromise (D:\A\sever\node_modules\bluebird\js\release\promise.js:569:18)
    at Promise._settlePromise0 (D:\A\sever\node_modules\bluebird\js\release\promise.js:614:10)
    at Promise._settlePromises (D:\A\sever\node_modules\bluebird\js\release\promise.js:689:18)
    at Async._drainQueue (D:\A\sever\node_modules\bluebird\js\release\async.js:133:16)
    at Async._drainQueues (D:\A\sever\node_modules\bluebird\js\release\async.js:143:10)
    at Immediate.Async.drainQueues (D:\A\sever\node_modules\bluebird\js\release\async.js:17:14)
    at runCallback (timers.js:789:20)
    at tryOnImmediate (timers.js:751:5)
    at processImmediate [as _immediateCallback] (timers.js:722:5) (in errorHandle.js:24)[22m[39m
[31m[1m11:58:00.39 <error> InternalServerError: ÊúçÂä°Âô®ÂÜÖÈÉ®ÈîôËØØ-createÈîôËØØ!
    at Object.throw (D:\A\sever\node_modules\koa\lib\context.js:93:11)
    at S.User.create.catch (D:\A\sever\controllers\user.js:36:22)
    at tryCatcher (D:\A\sever\node_modules\bluebird\js\release\util.js:16:23)
    at Promise._settlePromiseFromHandler (D:\A\sever\node_modules\bluebird\js\release\promise.js:512:31)
    at Promise._settlePromise (D:\A\sever\node_modules\bluebird\js\release\promise.js:569:18)
    at Promise._settlePromise0 (D:\A\sever\node_modules\bluebird\js\release\promise.js:614:10)
    at Promise._settlePromises (D:\A\sever\node_modules\bluebird\js\release\promise.js:689:18)
    at Async._drainQueue (D:\A\sever\node_modules\bluebird\js\release\async.js:133:16)
    at Async._drainQueues (D:\A\sever\node_modules\bluebird\js\release\async.js:143:10)
    at Immediate.Async.drainQueues (D:\A\sever\node_modules\bluebird\js\release\async.js:17:14)
    at runCallback (timers.js:789:20)
    at tryOnImmediate (timers.js:751:5)
    at processImmediate [as _immediateCallback] (timers.js:722:5) (in errorHandle.js:24)[22m[39m
[31m[1m11:58:38.40 <error> InternalServerError: ÊúçÂä°Âô®ÂÜÖÈÉ®ÈîôËØØ-createÈîôËØØ!
    at Object.throw (D:\A\sever\node_modules\koa\lib\context.js:93:11)
    at S.User.create.catch (D:\A\sever\controllers\user.js:36:22)
    at tryCatcher (D:\A\sever\node_modules\bluebird\js\release\util.js:16:23)
    at Promise._settlePromiseFromHandler (D:\A\sever\node_modules\bluebird\js\release\promise.js:512:31)
    at Promise._settlePromise (D:\A\sever\node_modules\bluebird\js\release\promise.js:569:18)
    at Promise._settlePromise0 (D:\A\sever\node_modules\bluebird\js\release\promise.js:614:10)
    at Promise._settlePromises (D:\A\sever\node_modules\bluebird\js\release\promise.js:689:18)
    at Async._drainQueue (D:\A\sever\node_modules\bluebird\js\release\async.js:133:16)
    at Async._drainQueues (D:\A\sever\node_modules\bluebird\js\release\async.js:143:10)
    at Immediate.Async.drainQueues (D:\A\sever\node_modules\bluebird\js\release\async.js:17:14)
    at runCallback (timers.js:789:20)
    at tryOnImmediate (timers.js:751:5)
    at processImmediate [as _immediateCallback] (timers.js:722:5) (in errorHandle.js:24)[22m[39m
[31m[1m11:58:57.75 <error> InternalServerError: ÊúçÂä°Âô®ÂÜÖÈÉ®ÈîôËØØ-createÈîôËØØ!
    at Object.throw (D:\A\sever\node_modules\koa\lib\context.js:93:11)
    at S.User.create.catch (D:\A\sever\controllers\user.js:36:22)
    at tryCatcher (D:\A\sever\node_modules\bluebird\js\release\util.js:16:23)
    at Promise._settlePromiseFromHandler (D:\A\sever\node_modules\bluebird\js\release\promise.js:512:31)
    at Promise._settlePromise (D:\A\sever\node_modules\bluebird\js\release\promise.js:569:18)
    at Promise._settlePromise0 (D:\A\sever\node_modules\bluebird\js\release\promise.js:614:10)
    at Promise._settlePromises (D:\A\sever\node_modules\bluebird\js\release\promise.js:689:18)
    at Async._drainQueue (D:\A\sever\node_modules\bluebird\js\release\async.js:133:16)
    at Async._drainQueues (D:\A\sever\node_modules\bluebird\js\release\async.js:143:10)
    at Immediate.Async.drainQueues (D:\A\sever\node_modules\bluebird\js\release\async.js:17:14)
    at runCallback (timers.js:789:20)
    at tryOnImmediate (timers.js:751:5)
    at processImmediate [as _immediateCallback] (timers.js:722:5) (in errorHandle.js:24)[22m[39m
[31m[1m15:37:28.45 <error> UnauthorizedError: expired token
    at Object.throw (D:\A\sever\node_modules\koa\lib\context.js:93:11)
    at module.exports (D:\A\sever\middlewares\checkToken.js:34:22)
    at <anonymous>
    at process._tickCallback (internal/process/next_tick.js:188:7) (in errorHandle.js:24)[22m[39m
[31m[1m15:39:31.86 <error> UnauthorizedError: expired token
    at Object.throw (D:\A\sever\node_modules\koa\lib\context.js:93:11)
    at module.exports (D:\A\sever\middlewares\checkToken.js:34:22)
    at <anonymous>
    at process._tickCallback (internal/process/next_tick.js:188:7) (in errorHandle.js:24)[22m[39m
[31m[1m15:40:41.88 <error> UnauthorizedError: expired token
    at Object.throw (D:\A\sever\node_modules\koa\lib\context.js:93:11)
    at module.exports (D:\A\sever\middlewares\checkToken.js:34:22)
    at <anonymous>
    at process._tickCallback (internal/process/next_tick.js:188:7) (in errorHandle.js:24)[22m[39m
[31m[1m15:41:54.38 <error> UnauthorizedError: expired token
    at Object.throw (D:\A\sever\node_modules\koa\lib\context.js:93:11)
    at module.exports (D:\A\sever\middlewares\checkToken.js:34:22)
    at <anonymous>
    at process._tickCallback (internal/process/next_tick.js:188:7) (in errorHandle.js:24)[22m[39m
[31m[1m15:51:58.99 <error> UnauthorizedError: expired token
    at Object.throw (D:\A\sever\node_modules\koa\lib\context.js:93:11)
    at module.exports (D:\A\sever\middlewares\checkToken.js:34:22)
    at <anonymous>
    at process._tickCallback (internal/process/next_tick.js:188:7) (in errorHandle.js:24)[22m[39m
[31m[1m15:53:43.26 <error> UnauthorizedError: expired token
    at Object.throw (D:\A\sever\node_modules\koa\lib\context.js:93:11)
    at module.exports (D:\A\sever\middlewares\checkToken.js:36:22)
    at <anonymous>
    at process._tickCallback (internal/process/next_tick.js:188:7) (in errorHandle.js:24)[22m[39m
[31m[1m15:56:19.07 <error> UnauthorizedError: expired token
    at Object.throw (D:\A\sever\node_modules\koa\lib\context.js:93:11)
    at module.exports (D:\A\sever\middlewares\checkToken.js:36:22)
    at <anonymous>
    at process._tickCallback (internal/process/next_tick.js:188:7) (in errorHandle.js:24)[22m[39m
[31m[1m15:56:58.99 <error> UnauthorizedError: expired token
    at Object.throw (D:\A\sever\node_modules\koa\lib\context.js:93:11)
    at module.exports (D:\A\sever\middlewares\checkToken.js:36:22)
    at <anonymous>
    at process._tickCallback (internal/process/next_tick.js:188:7) (in errorHandle.js:24)[22m[39m
[31m[1m15:59:48.62 <error> UnauthorizedError: expired token
    at Object.throw (D:\A\sever\node_modules\koa\lib\context.js:93:11)
    at module.exports (D:\A\sever\middlewares\checkToken.js:36:22)
    at <anonymous>
    at process._tickCallback (internal/process/next_tick.js:188:7) (in errorHandle.js:24)[22m[39m
[31m[1m16:00:47.61 <error> UnauthorizedError: expired token
    at Object.throw (D:\A\sever\node_modules\koa\lib\context.js:93:11)
    at module.exports (D:\A\sever\middlewares\checkToken.js:36:22)
    at <anonymous>
    at process._tickCallback (internal/process/next_tick.js:188:7) (in errorHandle.js:24)[22m[39m
[31m[1m16:05:10.23 <error> UnauthorizedError: expired token
    at Object.throw (D:\A\sever\node_modules\koa\lib\context.js:93:11)
    at module.exports (D:\A\sever\middlewares\checkToken.js:37:22)
    at <anonymous>
    at process._tickCallback (internal/process/next_tick.js:188:7) (in errorHandle.js:24)[22m[39m
[31m[1m16:10:22.97 <error> UnauthorizedError: expired token
    at Object.throw (D:\A\sever\node_modules\koa\lib\context.js:93:11)
    at module.exports (D:\A\sever\middlewares\checkToken.js:37:22)
    at <anonymous>
    at process._tickCallback (internal/process/next_tick.js:188:7) (in errorHandle.js:24)[22m[39m
[31m[1m16:10:49.35 <error> UnauthorizedError: expired token
    at Object.throw (D:\A\sever\node_modules\koa\lib\context.js:93:11)
    at module.exports (D:\A\sever\middlewares\checkToken.js:37:22)
    at <anonymous>
    at process._tickCallback (internal/process/next_tick.js:188:7) (in errorHandle.js:24)[22m[39m
[31m[1m16:11:24.55 <error> UnauthorizedError: expired token
    at Object.throw (D:\A\sever\node_modules\koa\lib\context.js:93:11)
    at module.exports (D:\A\sever\middlewares\checkToken.js:37:22)
    at <anonymous>
    at process._tickCallback (internal/process/next_tick.js:188:7) (in errorHandle.js:24)[22m[39m
[31m[1m16:12:05.78 <error> UnauthorizedError: expired token
    at Object.throw (D:\A\sever\node_modules\koa\lib\context.js:93:11)
    at module.exports (D:\A\sever\middlewares\checkToken.js:37:22)
    at <anonymous>
    at process._tickCallback (internal/process/next_tick.js:188:7) (in errorHandle.js:24)[22m[39m
[31m[1m16:12:11.38 <error> UnauthorizedError: expired token
    at Object.throw (D:\A\sever\node_modules\koa\lib\context.js:93:11)
    at module.exports (D:\A\sever\middlewares\checkToken.js:37:22)
    at <anonymous>
    at process._tickCallback (internal/process/next_tick.js:188:7) (in errorHandle.js:24)[22m[39m
[31m[1m16:13:39.27 <error> UnauthorizedError: expired token
    at Object.throw (D:\A\sever\node_modules\koa\lib\context.js:93:11)
    at module.exports (D:\A\sever\middlewares\checkToken.js:37:22)
    at <anonymous>
    at process._tickCallback (internal/process/next_tick.js:188:7) (in errorHandle.js:24)[22m[39m
[31m[1m16:15:32.86 <error> UnauthorizedError: expired token
    at Object.throw (D:\A\sever\node_modules\koa\lib\context.js:93:11)
    at module.exports (D:\A\sever\middlewares\checkToken.js:37:22)
    at <anonymous>
    at process._tickCallback (internal/process/next_tick.js:188:7) (in errorHandle.js:24)[22m[39m
[31m[1m16:16:51.58 <error> TypeError: S.Article.findAll(...).sort is not a function
    at getAllArticles (D:\A\sever\controllers\article.js:199:14)
    at dispatch (D:\A\sever\node_modules\koa-router\node_modules\koa-compose\index.js:44:32)
    at next (D:\A\sever\node_modules\koa-router\node_modules\koa-compose\index.js:45:18)
    at D:\A\sever\node_modules\koa-router\lib\router.js:346:16
    at dispatch (D:\A\sever\node_modules\koa-router\node_modules\koa-compose\index.js:44:32)
    at D:\A\sever\node_modules\koa-router\node_modules\koa-compose\index.js:36:12
    at dispatch (D:\A\sever\node_modules\koa-router\lib\router.js:351:31)
    at dispatch (D:\A\sever\node_modules\koa-compose\index.js:42:32)
    at next (D:\A\sever\node_modules\koa-compose\index.js:43:18)
    at module.exports (D:\A\sever\middlewares\errorHandle.js:20:15)
    at dispatch (D:\A\sever\node_modules\koa-compose\index.js:42:32)
    at next (D:\A\sever\node_modules\koa-compose\index.js:43:18)
    at module.exports (D:\A\sever\middlewares\response.js:25:11)
    at dispatch (D:\A\sever\node_modules\koa-compose\index.js:42:32)
    at next (D:\A\sever\node_modules\koa-compose\index.js:43:18)
    at bodyParser (D:\A\sever\node_modules\koa-bodyparser\index.js:86:11)
    at <anonymous>
    at process._tickCallback (internal/process/next_tick.js:188:7) (in errorHandle.js:24)[22m[39m
[31m[1m16:17:18.01 <error> TypeError: S.Article.findAll(...).sort is not a function
    at getAllArticles (D:\A\sever\controllers\article.js:199:14)
    at dispatch (D:\A\sever\node_modules\koa-router\node_modules\koa-compose\index.js:44:32)
    at next (D:\A\sever\node_modules\koa-router\node_modules\koa-compose\index.js:45:18)
    at D:\A\sever\node_modules\koa-router\lib\router.js:346:16
    at dispatch (D:\A\sever\node_modules\koa-router\node_modules\koa-compose\index.js:44:32)
    at D:\A\sever\node_modules\koa-router\node_modules\koa-compose\index.js:36:12
    at dispatch (D:\A\sever\node_modules\koa-router\lib\router.js:351:31)
    at dispatch (D:\A\sever\node_modules\koa-compose\index.js:42:32)
    at next (D:\A\sever\node_modules\koa-compose\index.js:43:18)
    at module.exports (D:\A\sever\middlewares\errorHandle.js:20:15)
    at dispatch (D:\A\sever\node_modules\koa-compose\index.js:42:32)
    at next (D:\A\sever\node_modules\koa-compose\index.js:43:18)
    at module.exports (D:\A\sever\middlewares\response.js:25:11)
    at dispatch (D:\A\sever\node_modules\koa-compose\index.js:42:32)
    at next (D:\A\sever\node_modules\koa-compose\index.js:43:18)
    at bodyParser (D:\A\sever\node_modules\koa-bodyparser\index.js:86:11)
    at <anonymous>
    at process._tickCallback (internal/process/next_tick.js:188:7) (in errorHandle.js:24)[22m[39m
[31m[1m16:17:42.06 <error> TypeError: S.Article.find(...).sort is not a function
    at getAllArticles (D:\A\sever\controllers\article.js:199:14)
    at dispatch (D:\A\sever\node_modules\koa-router\node_modules\koa-compose\index.js:44:32)
    at next (D:\A\sever\node_modules\koa-router\node_modules\koa-compose\index.js:45:18)
    at D:\A\sever\node_modules\koa-router\lib\router.js:346:16
    at dispatch (D:\A\sever\node_modules\koa-router\node_modules\koa-compose\index.js:44:32)
    at D:\A\sever\node_modules\koa-router\node_modules\koa-compose\index.js:36:12
    at dispatch (D:\A\sever\node_modules\koa-router\lib\router.js:351:31)
    at dispatch (D:\A\sever\node_modules\koa-compose\index.js:42:32)
    at next (D:\A\sever\node_modules\koa-compose\index.js:43:18)
    at module.exports (D:\A\sever\middlewares\errorHandle.js:20:15)
    at dispatch (D:\A\sever\node_modules\koa-compose\index.js:42:32)
    at next (D:\A\sever\node_modules\koa-compose\index.js:43:18)
    at module.exports (D:\A\sever\middlewares\response.js:25:11)
    at dispatch (D:\A\sever\node_modules\koa-compose\index.js:42:32)
    at next (D:\A\sever\node_modules\koa-compose\index.js:43:18)
    at bodyParser (D:\A\sever\node_modules\koa-bodyparser\index.js:86:11)
    at <anonymous>
    at process._tickCallback (internal/process/next_tick.js:188:7) (in errorHandle.js:24)[22m[39m
[31m[1m16:21:00.35 <error> UnauthorizedError: expired token
    at Object.throw (D:\A\sever\node_modules\koa\lib\context.js:93:11)
    at module.exports (D:\A\sever\middlewares\checkToken.js:37:22)
    at <anonymous> (in errorHandle.js:24)[22m[39m
[31m[1m16:21:08.05 <error> UnauthorizedError: expired token
    at Object.throw (D:\A\sever\node_modules\koa\lib\context.js:93:11)
    at module.exports (D:\A\sever\middlewares\checkToken.js:37:22)
    at <anonymous> (in errorHandle.js:24)[22m[39m
[31m[1m16:21:45.47 <error> UnauthorizedError: expired token
    at Object.throw (D:\A\sever\node_modules\koa\lib\context.js:93:11)
    at module.exports (D:\A\sever\middlewares\checkToken.js:37:22)
    at <anonymous> (in errorHandle.js:24)[22m[39m
[31m[1m16:38:21.19 <error> UnauthorizedError: expired token
    at Object.throw (D:\A\sever\node_modules\koa\lib\context.js:93:11)
    at module.exports (D:\A\sever\middlewares\checkToken.js:37:22)
    at <anonymous> (in errorHandle.js:24)[22m[39m
[31m[1m16:42:30.95 <error> UnauthorizedError: expired token
    at Object.throw (D:\A\sever\node_modules\koa\lib\context.js:93:11)
    at module.exports (D:\A\sever\middlewares\checkToken.js:37:22)
    at <anonymous>
    at process._tickCallback (internal/process/next_tick.js:188:7) (in errorHandle.js:24)[22m[39m
[31m[1m17:13:57.65 <error> UnauthorizedError: expired token
    at Object.throw (D:\A\sever\node_modules\koa\lib\context.js:93:11)
    at module.exports (D:\A\sever\middlewares\checkToken.js:37:22)
    at <anonymous>
    at process._tickCallback (internal/process/next_tick.js:188:7) (in errorHandle.js:24)[22m[39m
[31m[1m17:17:16.72 <error> UnauthorizedError: expired token
    at Object.throw (D:\A\sever\node_modules\koa\lib\context.js:93:11)
    at module.exports (D:\A\sever\middlewares\checkToken.js:30:22)
    at <anonymous> (in errorHandle.js:24)[22m[39m
[31m[1m17:29:57.48 <error> UnauthorizedError: expired token
    at Object.throw (D:\A\sever\node_modules\koa\lib\context.js:93:11)
    at module.exports (D:\A\sever\middlewares\checkToken.js:30:22)
    at <anonymous> (in errorHandle.js:24)[22m[39m
[31m[1m17:36:54.84 <error> UnauthorizedError: expired token
    at Object.throw (D:\A\sever\node_modules\koa\lib\context.js:93:11)
    at module.exports (D:\A\sever\middlewares\checkToken.js:30:22)
    at <anonymous> (in errorHandle.js:24)[22m[39m
[31m[1m17:38:02.41 <error> UnauthorizedError: expired token
    at Object.throw (D:\A\sever\node_modules\koa\lib\context.js:93:11)
    at module.exports (D:\A\sever\middlewares\checkToken.js:30:22)
    at <anonymous> (in errorHandle.js:24)[22m[39m
[31m[1m17:50:05.07 <error> UnauthorizedError: expired token
    at Object.throw (D:\A\sever\node_modules\koa\lib\context.js:93:11)
    at module.exports (D:\A\sever\middlewares\checkToken.js:30:22)
    at <anonymous> (in errorHandle.js:24)[22m[39m
[31m[1m17:50:59.33 <error> UnauthorizedError: expired token
    at Object.throw (D:\A\sever\node_modules\koa\lib\context.js:93:11)
    at module.exports (D:\A\sever\middlewares\checkToken.js:30:22)
    at <anonymous> (in errorHandle.js:24)[22m[39m
[31m[1m17:53:56.81 <error> UnauthorizedError: expired token
    at Object.throw (D:\A\sever\node_modules\koa\lib\context.js:93:11)
    at module.exports (D:\A\sever\middlewares\checkToken.js:30:22)
    at <anonymous> (in errorHandle.js:24)[22m[39m
[31m[1m17:53:57.71 <error> UnauthorizedError: expired token
    at Object.throw (D:\A\sever\node_modules\koa\lib\context.js:93:11)
    at module.exports (D:\A\sever\middlewares\checkToken.js:30:22)
    at <anonymous> (in errorHandle.js:24)[22m[39m
[31m[1m17:58:55.30 <error> UnauthorizedError: expired token
    at Object.throw (D:\A\sever\node_modules\koa\lib\context.js:93:11)
    at module.exports (D:\A\sever\middlewares\checkToken.js:30:22)
    at <anonymous> (in errorHandle.js:24)[22m[39m
[31m[1m17:59:22.55 <error> UnauthorizedError: expired token
    at Object.throw (D:\A\sever\node_modules\koa\lib\context.js:93:11)
    at module.exports (D:\A\sever\middlewares\checkToken.js:30:22)
    at <anonymous> (in errorHandle.js:24)[22m[39m
[31m[1m17:59:38.49 <error> UnauthorizedError: expired token
    at Object.throw (D:\A\sever\node_modules\koa\lib\context.js:93:11)
    at module.exports (D:\A\sever\middlewares\checkToken.js:30:22)
    at <anonymous> (in errorHandle.js:24)[22m[39m
[31m[1m17:59:41.89 <error> UnauthorizedError: expired token
    at Object.throw (D:\A\sever\node_modules\koa\lib\context.js:93:11)
    at module.exports (D:\A\sever\middlewares\checkToken.js:30:22)
    at <anonymous> (in errorHandle.js:24)[22m[39m
[31m[1m17:59:42.55 <error> UnauthorizedError: expired token
    at Object.throw (D:\A\sever\node_modules\koa\lib\context.js:93:11)
    at module.exports (D:\A\sever\middlewares\checkToken.js:30:22)
    at <anonymous> (in errorHandle.js:24)[22m[39m
[31m[1m17:59:45.96 <error> UnauthorizedError: expired token
    at Object.throw (D:\A\sever\node_modules\koa\lib\context.js:93:11)
    at module.exports (D:\A\sever\middlewares\checkToken.js:30:22)
    at <anonymous> (in errorHandle.js:24)[22m[39m
[31m[1m18:00:08.48 <error> UnauthorizedError: expired token
    at Object.throw (D:\A\sever\node_modules\koa\lib\context.js:93:11)
    at module.exports (D:\A\sever\middlewares\checkToken.js:30:22)
    at <anonymous> (in errorHandle.js:24)[22m[39m
[31m[1m18:00:16.67 <error> UnauthorizedError: expired token
    at Object.throw (D:\A\sever\node_modules\koa\lib\context.js:93:11)
    at module.exports (D:\A\sever\middlewares\checkToken.js:30:22)
    at <anonymous> (in errorHandle.js:24)[22m[39m
[31m[1m18:00:17.55 <error> UnauthorizedError: expired token
    at Object.throw (D:\A\sever\node_modules\koa\lib\context.js:93:11)
    at module.exports (D:\A\sever\middlewares\checkToken.js:30:22)
    at <anonymous> (in errorHandle.js:24)[22m[39m
[31m[1m18:00:20.75 <error> UnauthorizedError: expired token
    at Object.throw (D:\A\sever\node_modules\koa\lib\context.js:93:11)
    at module.exports (D:\A\sever\middlewares\checkToken.js:30:22)
    at <anonymous> (in errorHandle.js:24)[22m[39m
[31m[1m09:03:28.85 <error> UnauthorizedError: expired token
    at Object.throw (D:\A\sever\node_modules\koa\lib\context.js:93:11)
    at module.exports (D:\A\sever\middlewares\checkToken.js:30:22)
    at <anonymous> (in errorHandle.js:24)[22m[39m
[31m[1m09:03:38.50 <error> UnauthorizedError: expired token
    at Object.throw (D:\A\sever\node_modules\koa\lib\context.js:93:11)
    at module.exports (D:\A\sever\middlewares\checkToken.js:30:22)
    at <anonymous> (in errorHandle.js:24)[22m[39m
[31m[1m09:05:53.23 <error> UnauthorizedError: expired token
    at Object.throw (D:\A\sever\node_modules\koa\lib\context.js:93:11)
    at module.exports (D:\A\sever\middlewares\checkToken.js:30:22)
    at <anonymous> (in errorHandle.js:24)[22m[39m
[31m[1m09:06:14.97 <error> UnauthorizedError: expired token
    at Object.throw (D:\A\sever\node_modules\koa\lib\context.js:93:11)
    at module.exports (D:\A\sever\middlewares\checkToken.js:30:22)
    at <anonymous> (in errorHandle.js:24)[22m[39m
[31m[1m09:06:15.56 <error> UnauthorizedError: expired token
    at Object.throw (D:\A\sever\node_modules\koa\lib\context.js:93:11)
    at module.exports (D:\A\sever\middlewares\checkToken.js:30:22)
    at <anonymous> (in errorHandle.js:24)[22m[39m
[31m[1m09:06:16.11 <error> UnauthorizedError: expired token
    at Object.throw (D:\A\sever\node_modules\koa\lib\context.js:93:11)
    at module.exports (D:\A\sever\middlewares\checkToken.js:30:22)
    at <anonymous> (in errorHandle.js:24)[22m[39m
[31m[1m09:06:16.72 <error> UnauthorizedError: expired token
    at Object.throw (D:\A\sever\node_modules\koa\lib\context.js:93:11)
    at module.exports (D:\A\sever\middlewares\checkToken.js:30:22)
    at <anonymous> (in errorHandle.js:24)[22m[39m
[31m[1m09:06:17.48 <error> UnauthorizedError: expired token
    at Object.throw (D:\A\sever\node_modules\koa\lib\context.js:93:11)
    at module.exports (D:\A\sever\middlewares\checkToken.js:30:22)
    at <anonymous> (in errorHandle.js:24)[22m[39m
[31m[1m09:06:18.60 <error> UnauthorizedError: expired token
    at Object.throw (D:\A\sever\node_modules\koa\lib\context.js:93:11)
    at module.exports (D:\A\sever\middlewares\checkToken.js:30:22)
    at <anonymous> (in errorHandle.js:24)[22m[39m
[31m[1m09:06:19.23 <error> UnauthorizedError: expired token
    at Object.throw (D:\A\sever\node_modules\koa\lib\context.js:93:11)
    at module.exports (D:\A\sever\middlewares\checkToken.js:30:22)
    at <anonymous> (in errorHandle.js:24)[22m[39m
[31m[1m09:07:19.75 <error> UnauthorizedError: expired token
    at Object.throw (D:\A\sever\node_modules\koa\lib\context.js:93:11)
    at module.exports (D:\A\sever\middlewares\checkToken.js:30:22)
    at <anonymous> (in errorHandle.js:24)[22m[39m
[31m[1m09:24:02.85 <error> UnauthorizedError: expired token
    at Object.throw (D:\A\sever\node_modules\koa\lib\context.js:93:11)
    at module.exports (D:\A\sever\middlewares\checkToken.js:30:22)
    at <anonymous> (in errorHandle.js:24)[22m[39m
[31m[1m09:24:03.51 <error> UnauthorizedError: expired token
    at Object.throw (D:\A\sever\node_modules\koa\lib\context.js:93:11)
    at module.exports (D:\A\sever\middlewares\checkToken.js:30:22)
    at <anonymous> (in errorHandle.js:24)[22m[39m
[31m[1m09:24:11.52 <error> UnauthorizedError: expired token
    at Object.throw (D:\A\sever\node_modules\koa\lib\context.js:93:11)
    at module.exports (D:\A\sever\middlewares\checkToken.js:30:22)
    at <anonymous> (in errorHandle.js:24)[22m[39m
[31m[1m09:24:39.54 <error> UnauthorizedError: expired token
    at Object.throw (D:\A\sever\node_modules\koa\lib\context.js:93:11)
    at module.exports (D:\A\sever\middlewares\checkToken.js:30:22)
    at <anonymous> (in errorHandle.js:24)[22m[39m
[31m[1m09:25:18.39 <error> UnauthorizedError: expired token
    at Object.throw (D:\A\sever\node_modules\koa\lib\context.js:93:11)
    at module.exports (D:\A\sever\middlewares\checkToken.js:30:22)
    at <anonymous> (in errorHandle.js:24)[22m[39m
[31m[1m09:25:19.74 <error> UnauthorizedError: expired token
    at Object.throw (D:\A\sever\node_modules\koa\lib\context.js:93:11)
    at module.exports (D:\A\sever\middlewares\checkToken.js:30:22)
    at <anonymous> (in errorHandle.js:24)[22m[39m
[31m[1m09:25:28.40 <error> UnauthorizedError: expired token
    at Object.throw (D:\A\sever\node_modules\koa\lib\context.js:93:11)
    at module.exports (D:\A\sever\middlewares\checkToken.js:30:22)
    at <anonymous> (in errorHandle.js:24)[22m[39m
[31m[1m09:25:31.82 <error> UnauthorizedError: expired token
    at Object.throw (D:\A\sever\node_modules\koa\lib\context.js:93:11)
    at module.exports (D:\A\sever\middlewares\checkToken.js:30:22)
    at <anonymous> (in errorHandle.js:24)[22m[39m
[31m[1m09:25:32.38 <error> UnauthorizedError: expired token
    at Object.throw (D:\A\sever\node_modules\koa\lib\context.js:93:11)
    at module.exports (D:\A\sever\middlewares\checkToken.js:30:22)
    at <anonymous> (in errorHandle.js:24)[22m[39m
[31m[1m09:25:32.79 <error> UnauthorizedError: expired token
    at Object.throw (D:\A\sever\node_modules\koa\lib\context.js:93:11)
    at module.exports (D:\A\sever\middlewares\checkToken.js:30:22)
    at <anonymous> (in errorHandle.js:24)[22m[39m
[31m[1m09:25:33.23 <error> UnauthorizedError: expired token
    at Object.throw (D:\A\sever\node_modules\koa\lib\context.js:93:11)
    at module.exports (D:\A\sever\middlewares\checkToken.js:30:22)
    at <anonymous> (in errorHandle.js:24)[22m[39m
[31m[1m09:25:56.89 <error> UnauthorizedError: expired token
    at Object.throw (D:\A\sever\node_modules\koa\lib\context.js:93:11)
    at module.exports (D:\A\sever\middlewares\checkToken.js:30:22)
    at <anonymous> (in errorHandle.js:24)[22m[39m
[31m[1m09:25:58.36 <error> UnauthorizedError: expired token
    at Object.throw (D:\A\sever\node_modules\koa\lib\context.js:93:11)
    at module.exports (D:\A\sever\middlewares\checkToken.js:30:22)
    at <anonymous> (in errorHandle.js:24)[22m[39m
[31m[1m09:26:28.39 <error> UnauthorizedError: expired token
    at Object.throw (D:\A\sever\node_modules\koa\lib\context.js:93:11)
    at module.exports (D:\A\sever\middlewares\checkToken.js:30:22)
    at <anonymous> (in errorHandle.js:24)[22m[39m
[31m[1m09:26:52.84 <error> UnauthorizedError: expired token
    at Object.throw (D:\A\sever\node_modules\koa\lib\context.js:93:11)
    at module.exports (D:\A\sever\middlewares\checkToken.js:30:22)
    at <anonymous> (in errorHandle.js:24)[22m[39m
[31m[1m09:26:56.06 <error> UnauthorizedError: expired token
    at Object.throw (D:\A\sever\node_modules\koa\lib\context.js:93:11)
    at module.exports (D:\A\sever\middlewares\checkToken.js:30:22)
    at <anonymous> (in errorHandle.js:24)[22m[39m
[31m[1m09:26:58.37 <error> UnauthorizedError: expired token
    at Object.throw (D:\A\sever\node_modules\koa\lib\context.js:93:11)
    at module.exports (D:\A\sever\middlewares\checkToken.js:30:22)
    at <anonymous> (in errorHandle.js:24)[22m[39m
[31m[1m09:27:33.90 <error> UnauthorizedError: expired token
    at Object.throw (D:\A\sever\node_modules\koa\lib\context.js:93:11)
    at module.exports (D:\A\sever\middlewares\checkToken.js:30:22)
    at <anonymous> (in errorHandle.js:24)[22m[39m
[31m[1m09:27:34.75 <error> UnauthorizedError: expired token
    at Object.throw (D:\A\sever\node_modules\koa\lib\context.js:93:11)
    at module.exports (D:\A\sever\middlewares\checkToken.js:30:22)
    at <anonymous> (in errorHandle.js:24)[22m[39m
[31m[1m09:27:35.64 <error> UnauthorizedError: expired token
    at Object.throw (D:\A\sever\node_modules\koa\lib\context.js:93:11)
    at module.exports (D:\A\sever\middlewares\checkToken.js:30:22)
    at <anonymous> (in errorHandle.js:24)[22m[39m
[31m[1m09:27:39.10 <error> UnauthorizedError: expired token
    at Object.throw (D:\A\sever\node_modules\koa\lib\context.js:93:11)
    at module.exports (D:\A\sever\middlewares\checkToken.js:30:22)
    at <anonymous> (in errorHandle.js:24)[22m[39m
[31m[1m09:28:55.73 <error> UnauthorizedError: expired token
    at Object.throw (D:\A\sever\node_modules\koa\lib\context.js:93:11)
    at module.exports (D:\A\sever\middlewares\checkToken.js:30:22)
    at <anonymous> (in errorHandle.js:24)[22m[39m
[31m[1m09:29:01.37 <error> UnauthorizedError: expired token
    at Object.throw (D:\A\sever\node_modules\koa\lib\context.js:93:11)
    at module.exports (D:\A\sever\middlewares\checkToken.js:30:22)
    at <anonymous> (in errorHandle.js:24)[22m[39m
[31m[1m09:29:48.59 <error> UnauthorizedError: expired token
    at Object.throw (D:\A\sever\node_modules\koa\lib\context.js:93:11)
    at module.exports (D:\A\sever\middlewares\checkToken.js:30:22)
    at <anonymous> (in errorHandle.js:24)[22m[39m
[31m[1m09:30:36.64 <error> UnauthorizedError: expired token
    at Object.throw (D:\A\sever\node_modules\koa\lib\context.js:93:11)
    at module.exports (D:\A\sever\middlewares\checkToken.js:30:22)
    at <anonymous> (in errorHandle.js:24)[22m[39m
[31m[1m09:37:10.85 <error> UnauthorizedError: expired token
    at Object.throw (D:\A\sever\node_modules\koa\lib\context.js:93:11)
    at module.exports (D:\A\sever\middlewares\checkToken.js:30:22)
    at <anonymous> (in errorHandle.js:24)[22m[39m
[31m[1m09:37:11.91 <error> UnauthorizedError: expired token
    at Object.throw (D:\A\sever\node_modules\koa\lib\context.js:93:11)
    at module.exports (D:\A\sever\middlewares\checkToken.js:30:22)
    at <anonymous> (in errorHandle.js:24)[22m[39m
[31m[1m09:37:13.20 <error> UnauthorizedError: expired token
    at Object.throw (D:\A\sever\node_modules\koa\lib\context.js:93:11)
    at module.exports (D:\A\sever\middlewares\checkToken.js:30:22)
    at <anonymous> (in errorHandle.js:24)[22m[39m
[31m[1m09:37:17.59 <error> UnauthorizedError: expired token
    at Object.throw (D:\A\sever\node_modules\koa\lib\context.js:93:11)
    at module.exports (D:\A\sever\middlewares\checkToken.js:30:22)
    at <anonymous> (in errorHandle.js:24)[22m[39m
[31m[1m09:46:56.25 <error> ReferenceError: results is not defined
    at getAllArticles (D:\A\sever\controllers\article.js:203:17)
    at <anonymous> (in errorHandle.js:24)[22m[39m
[31m[1m09:49:15.23 <error> TypeError: D:\A\sever\views\admin\allArticles.ejs:38
    36|         </thead>
    37|         <tbody>
 >> 38|             <% for(let result of results){%>
    39|                 <tr>
    40|                     <td><a href="http://www.a.com/articles/<%= result.id%>"><%= result.id%></a></td>
    41|                     <td><a href="http://www.a.com/articles/<%= result.id%>"><%= result.title%></a></td>

results is not iterable
    at eval (eval at compile (D:\A\sever\node_modules\ejs\lib\ejs.js:549:12), <anonymous>:11:26)
    at returnedFn (D:\A\sever\node_modules\ejs\lib\ejs.js:580:17)
    at D:\A\sever\node_modules\consolidate\lib\consolidate.js:651:16
    at D:\A\sever\node_modules\consolidate\lib\consolidate.js:162:5
    at Promise._execute (D:\A\sever\node_modules\bluebird\js\release\debuggability.js:303:9)
    at Promise._resolveFromExecutor (D:\A\sever\node_modules\bluebird\js\release\promise.js:483:18)
    at new Promise (D:\A\sever\node_modules\bluebird\js\release\promise.js:79:10)
    at promisify (D:\A\sever\node_modules\consolidate\lib\consolidate.js:155:10)
    at Function.exports.ejs.render (D:\A\sever\node_modules\consolidate\lib\consolidate.js:647:10)
    at D:\A\sever\node_modules\consolidate\lib\consolidate.js:183:27
    at D:\A\sever\node_modules\consolidate\lib\consolidate.js:101:5
    at FSReqWrap.readFileAfterClose [as oncomplete] (fs.js:511:3) (in errorHandle.js:24)[22m[39m
[31m[1m09:53:37.79 <error> TypeError: D:\A\sever\views\admin\allArticles.ejs:38
    36|         </thead>
    37|         <tbody>
 >> 38|             <% for(let result of results){%>
    39|                 <tr>
    40|                     <td><a href="http://www.a.com/articles/<%= result.id%>"><%= result.id%></a></td>
    41|                     <td><a href="http://www.a.com/articles/<%= result.id%>"><%= result.title%></a></td>

results is not iterable
    at eval (eval at compile (D:\A\sever\node_modules\ejs\lib\ejs.js:549:12), <anonymous>:11:26)
    at returnedFn (D:\A\sever\node_modules\ejs\lib\ejs.js:580:17)
    at D:\A\sever\node_modules\consolidate\lib\consolidate.js:651:16
    at D:\A\sever\node_modules\consolidate\lib\consolidate.js:162:5
    at Promise._execute (D:\A\sever\node_modules\bluebird\js\release\debuggability.js:303:9)
    at Promise._resolveFromExecutor (D:\A\sever\node_modules\bluebird\js\release\promise.js:483:18)
    at new Promise (D:\A\sever\node_modules\bluebird\js\release\promise.js:79:10)
    at promisify (D:\A\sever\node_modules\consolidate\lib\consolidate.js:155:10)
    at Function.exports.ejs.render (D:\A\sever\node_modules\consolidate\lib\consolidate.js:647:10)
    at D:\A\sever\node_modules\consolidate\lib\consolidate.js:183:27
    at D:\A\sever\node_modules\consolidate\lib\consolidate.js:101:5
    at FSReqWrap.readFileAfterClose [as oncomplete] (fs.js:511:3) (in errorHandle.js:24)[22m[39m
[31m[1m10:51:47.68 <error> TypeError: D:\A\sever\views\blog\article.ejs:32
    30|     <div id="main" class="w">
    31|         <div class="article">
 >> 32|             <h1><%= article.title%></h1>
    33|             <div class="info">
    34|                 <span class="pubtime"><%= article.save_time%></span>
    35|                 <a href="/categories/<%= article.category_id%>"><%= article.Category.category_name%></a>

Cannot read property 'title' of undefined
    at eval (eval at compile (D:\A\sever\node_modules\ejs\lib\ejs.js:549:12), <anonymous>:11:34)
    at returnedFn (D:\A\sever\node_modules\ejs\lib\ejs.js:580:17)
    at D:\A\sever\node_modules\consolidate\lib\consolidate.js:651:16
    at D:\A\sever\node_modules\consolidate\lib\consolidate.js:162:5
    at Promise._execute (D:\A\sever\node_modules\bluebird\js\release\debuggability.js:303:9)
    at Promise._resolveFromExecutor (D:\A\sever\node_modules\bluebird\js\release\promise.js:483:18)
    at new Promise (D:\A\sever\node_modules\bluebird\js\release\promise.js:79:10)
    at promisify (D:\A\sever\node_modules\consolidate\lib\consolidate.js:155:10)
    at Function.exports.ejs.render (D:\A\sever\node_modules\consolidate\lib\consolidate.js:647:10)
    at D:\A\sever\node_modules\consolidate\lib\consolidate.js:183:27
    at D:\A\sever\node_modules\consolidate\lib\consolidate.js:101:5
    at FSReqWrap.readFileAfterClose [as oncomplete] (fs.js:511:3) (in errorHandle.js:24)[22m[39m
[31m[1m11:25:14.77 <error> TypeError: S.Article.findByIdAndRemove is not a function
    at deleteArticleById (D:\A\sever\controllers\article.js:141:38)
    at dispatch (D:\A\sever\node_modules\koa-router\node_modules\koa-compose\index.js:44:32)
    at next (D:\A\sever\node_modules\koa-router\node_modules\koa-compose\index.js:45:18)
    at module.exports (D:\A\sever\middlewares\checkToken.js:33:11)
    at dispatch (D:\A\sever\node_modules\koa-router\node_modules\koa-compose\index.js:44:32)
    at next (D:\A\sever\node_modules\koa-router\node_modules\koa-compose\index.js:45:18)
    at D:\A\sever\node_modules\koa-router\lib\router.js:346:16
    at dispatch (D:\A\sever\node_modules\koa-router\node_modules\koa-compose\index.js:44:32)
    at D:\A\sever\node_modules\koa-router\node_modules\koa-compose\index.js:36:12
    at dispatch (D:\A\sever\node_modules\koa-router\lib\router.js:351:31)
    at dispatch (D:\A\sever\node_modules\koa-compose\index.js:42:32)
    at next (D:\A\sever\node_modules\koa-compose\index.js:43:18)
    at module.exports (D:\A\sever\middlewares\errorHandle.js:20:15)
    at dispatch (D:\A\sever\node_modules\koa-compose\index.js:42:32)
    at next (D:\A\sever\node_modules\koa-compose\index.js:43:18)
    at module.exports (D:\A\sever\middlewares\response.js:25:11)
    at dispatch (D:\A\sever\node_modules\koa-compose\index.js:42:32)
    at next (D:\A\sever\node_modules\koa-compose\index.js:43:18)
    at bodyParser (D:\A\sever\node_modules\koa-bodyparser\index.js:86:11)
    at <anonymous>
    at process._tickCallback (internal/process/next_tick.js:188:7) (in errorHandle.js:24)[22m[39m
[31m[1m11:26:28.81 <error> Error: Missing where or truncate attribute in the options parameter of model.destroy.
    at Function.destroy (D:\A\sever\node_modules\sequelize\lib\model.js:2504:13)
    at deleteArticleById (D:\A\sever\controllers\article.js:141:38)
    at dispatch (D:\A\sever\node_modules\koa-router\node_modules\koa-compose\index.js:44:32)
    at next (D:\A\sever\node_modules\koa-router\node_modules\koa-compose\index.js:45:18)
    at module.exports (D:\A\sever\middlewares\checkToken.js:33:11)
    at dispatch (D:\A\sever\node_modules\koa-router\node_modules\koa-compose\index.js:44:32)
    at next (D:\A\sever\node_modules\koa-router\node_modules\koa-compose\index.js:45:18)
    at D:\A\sever\node_modules\koa-router\lib\router.js:346:16
    at dispatch (D:\A\sever\node_modules\koa-router\node_modules\koa-compose\index.js:44:32)
    at D:\A\sever\node_modules\koa-router\node_modules\koa-compose\index.js:36:12
    at dispatch (D:\A\sever\node_modules\koa-router\lib\router.js:351:31)
    at dispatch (D:\A\sever\node_modules\koa-compose\index.js:42:32)
    at next (D:\A\sever\node_modules\koa-compose\index.js:43:18)
    at module.exports (D:\A\sever\middlewares\errorHandle.js:20:15)
    at dispatch (D:\A\sever\node_modules\koa-compose\index.js:42:32)
    at next (D:\A\sever\node_modules\koa-compose\index.js:43:18)
    at module.exports (D:\A\sever\middlewares\response.js:25:11)
    at dispatch (D:\A\sever\node_modules\koa-compose\index.js:42:32)
    at next (D:\A\sever\node_modules\koa-compose\index.js:43:18)
    at bodyParser (D:\A\sever\node_modules\koa-bodyparser\index.js:86:11)
    at <anonymous>
    at process._tickCallback (internal/process/next_tick.js:188:7) (in errorHandle.js:24)[22m[39m
[31m[1m17:05:55.87 <error> ReferenceError: result is not defined
    at createArticle (D:\A\sever\controllers\article.js:34:19)
    at dispatch (D:\A\sever\node_modules\koa-router\node_modules\koa-compose\index.js:44:32)
    at next (D:\A\sever\node_modules\koa-router\node_modules\koa-compose\index.js:45:18)
    at module.exports (D:\A\sever\middlewares\checkToken.js:33:11)
    at dispatch (D:\A\sever\node_modules\koa-router\node_modules\koa-compose\index.js:44:32)
    at next (D:\A\sever\node_modules\koa-router\node_modules\koa-compose\index.js:45:18)
    at D:\A\sever\node_modules\koa-router\lib\router.js:346:16
    at dispatch (D:\A\sever\node_modules\koa-router\node_modules\koa-compose\index.js:44:32)
    at D:\A\sever\node_modules\koa-router\node_modules\koa-compose\index.js:36:12
    at dispatch (D:\A\sever\node_modules\koa-router\lib\router.js:351:31)
    at dispatch (D:\A\sever\node_modules\koa-compose\index.js:42:32)
    at next (D:\A\sever\node_modules\koa-compose\index.js:43:18)
    at module.exports (D:\A\sever\middlewares\errorHandle.js:20:15)
    at dispatch (D:\A\sever\node_modules\koa-compose\index.js:42:32)
    at next (D:\A\sever\node_modules\koa-compose\index.js:43:18)
    at module.exports (D:\A\sever\middlewares\response.js:25:11)
    at dispatch (D:\A\sever\node_modules\koa-compose\index.js:42:32)
    at next (D:\A\sever\node_modules\koa-compose\index.js:43:18)
    at bodyParser (D:\A\sever\node_modules\koa-bodyparser\index.js:86:11)
    at <anonymous>
    at process._tickCallback (internal/process/next_tick.js:188:7) (in errorHandle.js:24)[22m[39m
[31m[1m17:06:45.29 <error> ReferenceError: result is not defined
    at createArticle (D:\A\sever\controllers\article.js:34:19)
    at dispatch (D:\A\sever\node_modules\koa-router\node_modules\koa-compose\index.js:44:32)
    at next (D:\A\sever\node_modules\koa-router\node_modules\koa-compose\index.js:45:18)
    at module.exports (D:\A\sever\middlewares\checkToken.js:33:11)
    at dispatch (D:\A\sever\node_modules\koa-router\node_modules\koa-compose\index.js:44:32)
    at next (D:\A\sever\node_modules\koa-router\node_modules\koa-compose\index.js:45:18)
    at D:\A\sever\node_modules\koa-router\lib\router.js:346:16
    at dispatch (D:\A\sever\node_modules\koa-router\node_modules\koa-compose\index.js:44:32)
    at D:\A\sever\node_modules\koa-router\node_modules\koa-compose\index.js:36:12
    at dispatch (D:\A\sever\node_modules\koa-router\lib\router.js:351:31)
    at dispatch (D:\A\sever\node_modules\koa-compose\index.js:42:32)
    at next (D:\A\sever\node_modules\koa-compose\index.js:43:18)
    at module.exports (D:\A\sever\middlewares\errorHandle.js:20:15)
    at dispatch (D:\A\sever\node_modules\koa-compose\index.js:42:32)
    at next (D:\A\sever\node_modules\koa-compose\index.js:43:18)
    at module.exports (D:\A\sever\middlewares\response.js:25:11)
    at dispatch (D:\A\sever\node_modules\koa-compose\index.js:42:32)
    at next (D:\A\sever\node_modules\koa-compose\index.js:43:18)
    at bodyParser (D:\A\sever\node_modules\koa-bodyparser\index.js:86:11)
    at <anonymous>
    at process._tickCallback (internal/process/next_tick.js:188:7) (in errorHandle.js:24)[22m[39m
[31m[1m10:14:48.93 <error> ReferenceError: str_intro is not defined
    at createArticle (D:\A\sever\controllers\article.js:38:20)
    at dispatch (D:\A\sever\node_modules\koa-router\node_modules\koa-compose\index.js:44:32)
    at next (D:\A\sever\node_modules\koa-router\node_modules\koa-compose\index.js:45:18)
    at module.exports (D:\A\sever\middlewares\checkToken.js:33:11)
    at dispatch (D:\A\sever\node_modules\koa-router\node_modules\koa-compose\index.js:44:32)
    at next (D:\A\sever\node_modules\koa-router\node_modules\koa-compose\index.js:45:18)
    at D:\A\sever\node_modules\koa-router\lib\router.js:346:16
    at dispatch (D:\A\sever\node_modules\koa-router\node_modules\koa-compose\index.js:44:32)
    at D:\A\sever\node_modules\koa-router\node_modules\koa-compose\index.js:36:12
    at dispatch (D:\A\sever\node_modules\koa-router\lib\router.js:351:31)
    at dispatch (D:\A\sever\node_modules\koa-compose\index.js:42:32)
    at next (D:\A\sever\node_modules\koa-compose\index.js:43:18)
    at module.exports (D:\A\sever\middlewares\errorHandle.js:20:15)
    at dispatch (D:\A\sever\node_modules\koa-compose\index.js:42:32)
    at next (D:\A\sever\node_modules\koa-compose\index.js:43:18)
    at module.exports (D:\A\sever\middlewares\response.js:25:11)
    at dispatch (D:\A\sever\node_modules\koa-compose\index.js:42:32)
    at next (D:\A\sever\node_modules\koa-compose\index.js:43:18)
    at bodyParser (D:\A\sever\node_modules\koa-bodyparser\index.js:86:11)
    at <anonymous>
    at process._tickCallback (internal/process/next_tick.js:188:7) (in errorHandle.js:24)[22m[39m
[31m[1m10:15:02.95 <error> ReferenceError: str_intro is not defined
    at createArticle (D:\A\sever\controllers\article.js:38:20)
    at dispatch (D:\A\sever\node_modules\koa-router\node_modules\koa-compose\index.js:44:32)
    at next (D:\A\sever\node_modules\koa-router\node_modules\koa-compose\index.js:45:18)
    at module.exports (D:\A\sever\middlewares\checkToken.js:33:11)
    at dispatch (D:\A\sever\node_modules\koa-router\node_modules\koa-compose\index.js:44:32)
    at next (D:\A\sever\node_modules\koa-router\node_modules\koa-compose\index.js:45:18)
    at D:\A\sever\node_modules\koa-router\lib\router.js:346:16
    at dispatch (D:\A\sever\node_modules\koa-router\node_modules\koa-compose\index.js:44:32)
    at D:\A\sever\node_modules\koa-router\node_modules\koa-compose\index.js:36:12
    at dispatch (D:\A\sever\node_modules\koa-router\lib\router.js:351:31)
    at dispatch (D:\A\sever\node_modules\koa-compose\index.js:42:32)
    at next (D:\A\sever\node_modules\koa-compose\index.js:43:18)
    at module.exports (D:\A\sever\middlewares\errorHandle.js:20:15)
    at dispatch (D:\A\sever\node_modules\koa-compose\index.js:42:32)
    at next (D:\A\sever\node_modules\koa-compose\index.js:43:18)
    at module.exports (D:\A\sever\middlewares\response.js:25:11)
    at dispatch (D:\A\sever\node_modules\koa-compose\index.js:42:32)
    at next (D:\A\sever\node_modules\koa-compose\index.js:43:18)
    at bodyParser (D:\A\sever\node_modules\koa-bodyparser\index.js:86:11)
    at <anonymous>
    at process._tickCallback (internal/process/next_tick.js:188:7) (in errorHandle.js:24)[22m[39m
[31m[1m11:01:39.30 <error> TypeError: Cannot read property 'findAll' of undefined
    at createArticle (D:\A\sever\controllers\article.js:36:49)
    at dispatch (D:\A\sever\node_modules\koa-router\node_modules\koa-compose\index.js:44:32)
    at next (D:\A\sever\node_modules\koa-router\node_modules\koa-compose\index.js:45:18)
    at module.exports (D:\A\sever\middlewares\checkToken.js:34:11)
    at dispatch (D:\A\sever\node_modules\koa-router\node_modules\koa-compose\index.js:44:32)
    at next (D:\A\sever\node_modules\koa-router\node_modules\koa-compose\index.js:45:18)
    at D:\A\sever\node_modules\koa-router\lib\router.js:346:16
    at dispatch (D:\A\sever\node_modules\koa-router\node_modules\koa-compose\index.js:44:32)
    at D:\A\sever\node_modules\koa-router\node_modules\koa-compose\index.js:36:12
    at dispatch (D:\A\sever\node_modules\koa-router\lib\router.js:351:31)
    at dispatch (D:\A\sever\node_modules\koa-compose\index.js:42:32)
    at next (D:\A\sever\node_modules\koa-compose\index.js:43:18)
    at module.exports (D:\A\sever\middlewares\errorHandle.js:20:15)
    at dispatch (D:\A\sever\node_modules\koa-compose\index.js:42:32)
    at next (D:\A\sever\node_modules\koa-compose\index.js:43:18)
    at module.exports (D:\A\sever\middlewares\response.js:25:11)
    at dispatch (D:\A\sever\node_modules\koa-compose\index.js:42:32)
    at next (D:\A\sever\node_modules\koa-compose\index.js:43:18)
    at bodyParser (D:\A\sever\node_modules\koa-bodyparser\index.js:86:11)
    at <anonymous>
    at process._tickCallback (internal/process/next_tick.js:188:7) (in errorHandle.js:24)[22m[39m
[31m[1m11:04:14.76 <error> InternalServerError: ÊúçÂä°Âô®ÂÜÖÈÉ®ÈîôËØØ-Keywords.findAllÈîôËØØ!
    at Object.throw (D:\A\sever\node_modules\koa\lib\context.js:93:11)
    at S.Keyword.findAll.catch.err (D:\A\sever\controllers\article.js:43:26)
    at tryCatcher (D:\A\sever\node_modules\bluebird\js\release\util.js:16:23)
    at Promise._settlePromiseFromHandler (D:\A\sever\node_modules\bluebird\js\release\promise.js:512:31)
    at Promise._settlePromise (D:\A\sever\node_modules\bluebird\js\release\promise.js:569:18)
    at Promise._settlePromise0 (D:\A\sever\node_modules\bluebird\js\release\promise.js:614:10)
    at Promise._settlePromises (D:\A\sever\node_modules\bluebird\js\release\promise.js:689:18)
    at Async._drainQueue (D:\A\sever\node_modules\bluebird\js\release\async.js:133:16)
    at Async._drainQueues (D:\A\sever\node_modules\bluebird\js\release\async.js:143:10)
    at Immediate.Async.drainQueues (D:\A\sever\node_modules\bluebird\js\release\async.js:17:14)
    at runCallback (timers.js:789:20)
    at tryOnImmediate (timers.js:751:5)
    at processImmediate [as _immediateCallback] (timers.js:722:5) (in errorHandle.js:24)[22m[39m
[31m[1m11:04:52.55 <error> InternalServerError: ÊúçÂä°Âô®ÂÜÖÈÉ®ÈîôËØØ-Keywords.findAllÈîôËØØ!
    at Object.throw (D:\A\sever\node_modules\koa\lib\context.js:93:11)
    at S.Keyword.findAll.catch.err (D:\A\sever\controllers\article.js:43:26)
    at tryCatcher (D:\A\sever\node_modules\bluebird\js\release\util.js:16:23)
    at Promise._settlePromiseFromHandler (D:\A\sever\node_modules\bluebird\js\release\promise.js:512:31)
    at Promise._settlePromise (D:\A\sever\node_modules\bluebird\js\release\promise.js:569:18)
    at Promise._settlePromise0 (D:\A\sever\node_modules\bluebird\js\release\promise.js:614:10)
    at Promise._settlePromises (D:\A\sever\node_modules\bluebird\js\release\promise.js:689:18)
    at Async._drainQueue (D:\A\sever\node_modules\bluebird\js\release\async.js:133:16)
    at Async._drainQueues (D:\A\sever\node_modules\bluebird\js\release\async.js:143:10)
    at Immediate.Async.drainQueues (D:\A\sever\node_modules\bluebird\js\release\async.js:17:14)
    at runCallback (timers.js:789:20)
    at tryOnImmediate (timers.js:751:5)
    at processImmediate [as _immediateCallback] (timers.js:722:5) (in errorHandle.js:24)[22m[39m
[31m[1m11:26:24.35 <error> InternalServerError: ÊúçÂä°Âô®ÂÜÖÈÉ®ÈîôËØØ-Article.createÈîôËØØ!
    at Object.throw (D:\A\sever\node_modules\koa\lib\context.js:93:11)
    at S.Article.create.catch.err (D:\A\sever\controllers\article.js:73:22)
    at tryCatcher (D:\A\sever\node_modules\bluebird\js\release\util.js:16:23)
    at Promise._settlePromiseFromHandler (D:\A\sever\node_modules\bluebird\js\release\promise.js:512:31)
    at Promise._settlePromise (D:\A\sever\node_modules\bluebird\js\release\promise.js:569:18)
    at Promise._settlePromise0 (D:\A\sever\node_modules\bluebird\js\release\promise.js:614:10)
    at Promise._settlePromises (D:\A\sever\node_modules\bluebird\js\release\promise.js:689:18)
    at Async._drainQueue (D:\A\sever\node_modules\bluebird\js\release\async.js:133:16)
    at Async._drainQueues (D:\A\sever\node_modules\bluebird\js\release\async.js:143:10)
    at Immediate.Async.drainQueues (D:\A\sever\node_modules\bluebird\js\release\async.js:17:14)
    at runCallback (timers.js:789:20)
    at tryOnImmediate (timers.js:751:5)
    at processImmediate [as _immediateCallback] (timers.js:722:5) (in errorHandle.js:24)[22m[39m
[31m[1m11:29:28.68 <error> ReferenceError: category_name is not defined
    at createArticle (D:\A\sever\controllers\article.js:37:31)
    at dispatch (D:\A\sever\node_modules\koa-router\node_modules\koa-compose\index.js:44:32)
    at next (D:\A\sever\node_modules\koa-router\node_modules\koa-compose\index.js:45:18)
    at module.exports (D:\A\sever\middlewares\checkToken.js:34:11)
    at dispatch (D:\A\sever\node_modules\koa-router\node_modules\koa-compose\index.js:44:32)
    at next (D:\A\sever\node_modules\koa-router\node_modules\koa-compose\index.js:45:18)
    at D:\A\sever\node_modules\koa-router\lib\router.js:346:16
    at dispatch (D:\A\sever\node_modules\koa-router\node_modules\koa-compose\index.js:44:32)
    at D:\A\sever\node_modules\koa-router\node_modules\koa-compose\index.js:36:12
    at dispatch (D:\A\sever\node_modules\koa-router\lib\router.js:351:31)
    at dispatch (D:\A\sever\node_modules\koa-compose\index.js:42:32)
    at next (D:\A\sever\node_modules\koa-compose\index.js:43:18)
    at module.exports (D:\A\sever\middlewares\errorHandle.js:20:15)
    at dispatch (D:\A\sever\node_modules\koa-compose\index.js:42:32)
    at next (D:\A\sever\node_modules\koa-compose\index.js:43:18)
    at module.exports (D:\A\sever\middlewares\response.js:25:11)
    at dispatch (D:\A\sever\node_modules\koa-compose\index.js:42:32)
    at next (D:\A\sever\node_modules\koa-compose\index.js:43:18)
    at bodyParser (D:\A\sever\node_modules\koa-bodyparser\index.js:86:11)
    at <anonymous>
    at process._tickCallback (internal/process/next_tick.js:188:7) (in errorHandle.js:24)[22m[39m
[31m[1m11:30:02.68 <error> ReferenceError: category_name is not defined
    at createArticle (D:\A\sever\controllers\article.js:37:31)
    at dispatch (D:\A\sever\node_modules\koa-router\node_modules\koa-compose\index.js:44:32)
    at next (D:\A\sever\node_modules\koa-router\node_modules\koa-compose\index.js:45:18)
    at module.exports (D:\A\sever\middlewares\checkToken.js:34:11)
    at dispatch (D:\A\sever\node_modules\koa-router\node_modules\koa-compose\index.js:44:32)
    at next (D:\A\sever\node_modules\koa-router\node_modules\koa-compose\index.js:45:18)
    at D:\A\sever\node_modules\koa-router\lib\router.js:346:16
    at dispatch (D:\A\sever\node_modules\koa-router\node_modules\koa-compose\index.js:44:32)
    at D:\A\sever\node_modules\koa-router\node_modules\koa-compose\index.js:36:12
    at dispatch (D:\A\sever\node_modules\koa-router\lib\router.js:351:31)
    at dispatch (D:\A\sever\node_modules\koa-compose\index.js:42:32)
    at next (D:\A\sever\node_modules\koa-compose\index.js:43:18)
    at module.exports (D:\A\sever\middlewares\errorHandle.js:20:15)
    at dispatch (D:\A\sever\node_modules\koa-compose\index.js:42:32)
    at next (D:\A\sever\node_modules\koa-compose\index.js:43:18)
    at module.exports (D:\A\sever\middlewares\response.js:25:11)
    at dispatch (D:\A\sever\node_modules\koa-compose\index.js:42:32)
    at next (D:\A\sever\node_modules\koa-compose\index.js:43:18)
    at bodyParser (D:\A\sever\node_modules\koa-bodyparser\index.js:86:11)
    at <anonymous>
    at process._tickCallback (internal/process/next_tick.js:188:7) (in errorHandle.js:24)[22m[39m
[31m[1m11:30:35.46 <error> ReferenceError: category_name is not defined
    at createArticle (D:\A\sever\controllers\article.js:37:31)
    at dispatch (D:\A\sever\node_modules\koa-router\node_modules\koa-compose\index.js:44:32)
    at next (D:\A\sever\node_modules\koa-router\node_modules\koa-compose\index.js:45:18)
    at module.exports (D:\A\sever\middlewares\checkToken.js:34:11)
    at dispatch (D:\A\sever\node_modules\koa-router\node_modules\koa-compose\index.js:44:32)
    at next (D:\A\sever\node_modules\koa-router\node_modules\koa-compose\index.js:45:18)
    at D:\A\sever\node_modules\koa-router\lib\router.js:346:16
    at dispatch (D:\A\sever\node_modules\koa-router\node_modules\koa-compose\index.js:44:32)
    at D:\A\sever\node_modules\koa-router\node_modules\koa-compose\index.js:36:12
    at dispatch (D:\A\sever\node_modules\koa-router\lib\router.js:351:31)
    at dispatch (D:\A\sever\node_modules\koa-compose\index.js:42:32)
    at next (D:\A\sever\node_modules\koa-compose\index.js:43:18)
    at module.exports (D:\A\sever\middlewares\errorHandle.js:20:15)
    at dispatch (D:\A\sever\node_modules\koa-compose\index.js:42:32)
    at next (D:\A\sever\node_modules\koa-compose\index.js:43:18)
    at module.exports (D:\A\sever\middlewares\response.js:25:11)
    at dispatch (D:\A\sever\node_modules\koa-compose\index.js:42:32)
    at next (D:\A\sever\node_modules\koa-compose\index.js:43:18)
    at bodyParser (D:\A\sever\node_modules\koa-bodyparser\index.js:86:11)
    at <anonymous>
    at process._tickCallback (internal/process/next_tick.js:188:7) (in errorHandle.js:24)[22m[39m
[31m[1m11:30:46.41 <error> ReferenceError: category_name is not defined
    at createArticle (D:\A\sever\controllers\article.js:37:31)
    at dispatch (D:\A\sever\node_modules\koa-router\node_modules\koa-compose\index.js:44:32)
    at next (D:\A\sever\node_modules\koa-router\node_modules\koa-compose\index.js:45:18)
    at module.exports (D:\A\sever\middlewares\checkToken.js:34:11)
    at dispatch (D:\A\sever\node_modules\koa-router\node_modules\koa-compose\index.js:44:32)
    at next (D:\A\sever\node_modules\koa-router\node_modules\koa-compose\index.js:45:18)
    at D:\A\sever\node_modules\koa-router\lib\router.js:346:16
    at dispatch (D:\A\sever\node_modules\koa-router\node_modules\koa-compose\index.js:44:32)
    at D:\A\sever\node_modules\koa-router\node_modules\koa-compose\index.js:36:12
    at dispatch (D:\A\sever\node_modules\koa-router\lib\router.js:351:31)
    at dispatch (D:\A\sever\node_modules\koa-compose\index.js:42:32)
    at next (D:\A\sever\node_modules\koa-compose\index.js:43:18)
    at module.exports (D:\A\sever\middlewares\errorHandle.js:20:15)
    at dispatch (D:\A\sever\node_modules\koa-compose\index.js:42:32)
    at next (D:\A\sever\node_modules\koa-compose\index.js:43:18)
    at module.exports (D:\A\sever\middlewares\response.js:25:11)
    at dispatch (D:\A\sever\node_modules\koa-compose\index.js:42:32)
    at next (D:\A\sever\node_modules\koa-compose\index.js:43:18)
    at bodyParser (D:\A\sever\node_modules\koa-bodyparser\index.js:86:11)
    at <anonymous>
    at process._tickCallback (internal/process/next_tick.js:188:7) (in errorHandle.js:24)[22m[39m
[31m[1m11:31:20.31 <error> InternalServerError: ÊúçÂä°Âô®ÂÜÖÈÉ®ÈîôËØØ-Article.createÈîôËØØ!
    at Object.throw (D:\A\sever\node_modules\koa\lib\context.js:93:11)
    at S.Article.create.catch.err (D:\A\sever\controllers\article.js:79:22)
    at tryCatcher (D:\A\sever\node_modules\bluebird\js\release\util.js:16:23)
    at Promise._settlePromiseFromHandler (D:\A\sever\node_modules\bluebird\js\release\promise.js:512:31)
    at Promise._settlePromise (D:\A\sever\node_modules\bluebird\js\release\promise.js:569:18)
    at Promise._settlePromise0 (D:\A\sever\node_modules\bluebird\js\release\promise.js:614:10)
    at Promise._settlePromises (D:\A\sever\node_modules\bluebird\js\release\promise.js:689:18)
    at Async._drainQueue (D:\A\sever\node_modules\bluebird\js\release\async.js:133:16)
    at Async._drainQueues (D:\A\sever\node_modules\bluebird\js\release\async.js:143:10)
    at Immediate.Async.drainQueues (D:\A\sever\node_modules\bluebird\js\release\async.js:17:14)
    at runCallback (timers.js:789:20)
    at tryOnImmediate (timers.js:751:5)
    at processImmediate [as _immediateCallback] (timers.js:722:5) (in errorHandle.js:24)[22m[39m
[31m[1m11:32:33.61 <error> TypeError: Assignment to constant variable.
    at createArticle (D:\A\sever\controllers\article.js:41:22)
    at <anonymous> (in errorHandle.js:24)[22m[39m
[31m[1m11:33:12.50 <error> InternalServerError: ÊúçÂä°Âô®ÂÜÖÈÉ®ÈîôËØØ-Article.createÈîôËØØ!
    at Object.throw (D:\A\sever\node_modules\koa\lib\context.js:93:11)
    at S.Article.create.catch.err (D:\A\sever\controllers\article.js:81:22)
    at tryCatcher (D:\A\sever\node_modules\bluebird\js\release\util.js:16:23)
    at Promise._settlePromiseFromHandler (D:\A\sever\node_modules\bluebird\js\release\promise.js:512:31)
    at Promise._settlePromise (D:\A\sever\node_modules\bluebird\js\release\promise.js:569:18)
    at Promise._settlePromise0 (D:\A\sever\node_modules\bluebird\js\release\promise.js:614:10)
    at Promise._settlePromises (D:\A\sever\node_modules\bluebird\js\release\promise.js:689:18)
    at Async._drainQueue (D:\A\sever\node_modules\bluebird\js\release\async.js:133:16)
    at Async._drainQueues (D:\A\sever\node_modules\bluebird\js\release\async.js:143:10)
    at Immediate.Async.drainQueues (D:\A\sever\node_modules\bluebird\js\release\async.js:17:14)
    at runCallback (timers.js:789:20)
    at tryOnImmediate (timers.js:751:5)
    at processImmediate [as _immediateCallback] (timers.js:722:5) (in errorHandle.js:24)[22m[39m
[31m[1m11:33:51.28 <error> TypeError: Cannot read property 'id' of undefined
    at createArticle (D:\A\sever\controllers\article.js:41:40)
    at <anonymous> (in errorHandle.js:24)[22m[39m
[31m[1m11:34:09.67 <error> InternalServerError: ÊúçÂä°Âô®ÂÜÖÈÉ®ÈîôËØØ-Article.createÈîôËØØ!
    at Object.throw (D:\A\sever\node_modules\koa\lib\context.js:93:11)
    at S.Article.create.catch.err (D:\A\sever\controllers\article.js:81:22)
    at tryCatcher (D:\A\sever\node_modules\bluebird\js\release\util.js:16:23)
    at Promise._settlePromiseFromHandler (D:\A\sever\node_modules\bluebird\js\release\promise.js:512:31)
    at Promise._settlePromise (D:\A\sever\node_modules\bluebird\js\release\promise.js:569:18)
    at Promise._settlePromise0 (D:\A\sever\node_modules\bluebird\js\release\promise.js:614:10)
    at Promise._settlePromises (D:\A\sever\node_modules\bluebird\js\release\promise.js:689:18)
    at Async._drainQueue (D:\A\sever\node_modules\bluebird\js\release\async.js:133:16)
    at Async._drainQueues (D:\A\sever\node_modules\bluebird\js\release\async.js:143:10)
    at Immediate.Async.drainQueues (D:\A\sever\node_modules\bluebird\js\release\async.js:17:14)
    at runCallback (timers.js:789:20)
    at tryOnImmediate (timers.js:751:5)
    at processImmediate [as _immediateCallback] (timers.js:722:5) (in errorHandle.js:24)[22m[39m
[31m[1m11:34:58.21 <error> TypeError: Assignment to constant variable.
    at createArticle (D:\A\sever\controllers\article.js:41:22)
    at <anonymous> (in errorHandle.js:24)[22m[39m
[31m[1m11:35:33.06 <error> TypeError: Cannot read property 'dataValues' of undefined
    at createArticle (D:\A\sever\controllers\article.js:41:39)
    at <anonymous> (in errorHandle.js:24)[22m[39m
[31m[1m11:36:25.34 <error> TypeError: Assignment to constant variable.
    at createArticle (D:\A\sever\controllers\article.js:41:22)
    at <anonymous> (in errorHandle.js:24)[22m[39m
[31m[1m11:58:03.62 <error> ReferenceError: D:\A\sever\views\admin\article.ejs:25
    23| </head>
    24| <body>
 >> 25|     <% var articleInfo = article%>
    26|     <form class="layui-form layui-form-pane" action="" method="POST">
    27|         <div class="layui-form-item">
    28|             <div class="layui-inline">

article is not defined
    at eval (eval at compile (D:\A\sever\node_modules\ejs\lib\ejs.js:549:12), <anonymous>:11:26)
    at returnedFn (D:\A\sever\node_modules\ejs\lib\ejs.js:580:17)
    at D:\A\sever\node_modules\consolidate\lib\consolidate.js:651:16
    at D:\A\sever\node_modules\consolidate\lib\consolidate.js:162:5
    at Promise._execute (D:\A\sever\node_modules\bluebird\js\release\debuggability.js:303:9)
    at Promise._resolveFromExecutor (D:\A\sever\node_modules\bluebird\js\release\promise.js:483:18)
    at new Promise (D:\A\sever\node_modules\bluebird\js\release\promise.js:79:10)
    at promisify (D:\A\sever\node_modules\consolidate\lib\consolidate.js:155:10)
    at Function.exports.ejs.render (D:\A\sever\node_modules\consolidate\lib\consolidate.js:647:10)
    at D:\A\sever\node_modules\consolidate\lib\consolidate.js:183:27
    at D:\A\sever\node_modules\consolidate\lib\consolidate.js:101:5
    at FSReqWrap.readFileAfterClose [as oncomplete] (fs.js:511:3) (in errorHandle.js:24)[22m[39m
[31m[1m11:59:39.66 <error> ReferenceError: D:\A\sever\views\admin\article.ejs:25
    23| </head>
    24| <body>
 >> 25|     <% var articleInfo = article%>
    26|     <form class="layui-form layui-form-pane" action="" method="POST">
    27|         <div class="layui-form-item">
    28|             <div class="layui-inline">

article is not defined
    at eval (eval at compile (D:\A\sever\node_modules\ejs\lib\ejs.js:549:12), <anonymous>:11:26)
    at returnedFn (D:\A\sever\node_modules\ejs\lib\ejs.js:580:17)
    at D:\A\sever\node_modules\consolidate\lib\consolidate.js:651:16
    at D:\A\sever\node_modules\consolidate\lib\consolidate.js:162:5
    at Promise._execute (D:\A\sever\node_modules\bluebird\js\release\debuggability.js:303:9)
    at Promise._resolveFromExecutor (D:\A\sever\node_modules\bluebird\js\release\promise.js:483:18)
    at new Promise (D:\A\sever\node_modules\bluebird\js\release\promise.js:79:10)
    at promisify (D:\A\sever\node_modules\consolidate\lib\consolidate.js:155:10)
    at Function.exports.ejs.render (D:\A\sever\node_modules\consolidate\lib\consolidate.js:647:10)
    at D:\A\sever\node_modules\consolidate\lib\consolidate.js:183:27
    at D:\A\sever\node_modules\consolidate\lib\consolidate.js:101:5
    at FSReqWrap.readFileAfterClose [as oncomplete] (fs.js:511:3) (in errorHandle.js:24)[22m[39m
[31m[1m13:06:26.04 <error> ReferenceError: D:\A\sever\views\admin\article.ejs:25
    23| </head>
    24| <body>
 >> 25|     <% var articleInfo = article%>
    26|     <form class="layui-form layui-form-pane" action="" method="POST">
    27|         <div class="layui-form-item">
    28|             <div class="layui-inline">

article is not defined
    at eval (eval at compile (D:\A\sever\node_modules\ejs\lib\ejs.js:549:12), <anonymous>:11:26)
    at returnedFn (D:\A\sever\node_modules\ejs\lib\ejs.js:580:17)
    at D:\A\sever\node_modules\consolidate\lib\consolidate.js:651:16
    at D:\A\sever\node_modules\consolidate\lib\consolidate.js:162:5
    at Promise._execute (D:\A\sever\node_modules\bluebird\js\release\debuggability.js:303:9)
    at Promise._resolveFromExecutor (D:\A\sever\node_modules\bluebird\js\release\promise.js:483:18)
    at new Promise (D:\A\sever\node_modules\bluebird\js\release\promise.js:79:10)
    at promisify (D:\A\sever\node_modules\consolidate\lib\consolidate.js:155:10)
    at Function.exports.ejs.render (D:\A\sever\node_modules\consolidate\lib\consolidate.js:647:10)
    at D:\A\sever\node_modules\consolidate\lib\consolidate.js:183:27
    at D:\A\sever\node_modules\consolidate\lib\consolidate.js:101:5
    at FSReqWrap.readFileAfterClose [as oncomplete] (fs.js:511:3) (in errorHandle.js:24)[22m[39m
[31m[1m13:31:59.27 <error> TypeError: Cannot read property 'category' of undefined
    at showArticle (D:\A\sever\controllers\article.js:43:39)
    at <anonymous> (in errorHandle.js:24)[22m[39m
[31m[1m13:33:22.80 <error> TypeError: Cannot read property 'category' of undefined
    at showArticle (D:\A\sever\controllers\article.js:40:40)
    at <anonymous> (in errorHandle.js:24)[22m[39m
[31m[1m13:34:14.43 <error> TypeError: Cannot read property 'category' of undefined
    at showArticle (D:\A\sever\controllers\article.js:45:40)
    at <anonymous> (in errorHandle.js:24)[22m[39m
[31m[1m13:34:56.70 <error> TypeError: Cannot read property 'category_name' of undefined
    at showArticle (D:\A\sever\controllers\article.js:47:22)
    at <anonymous> (in errorHandle.js:24)[22m[39m
[31m[1m13:35:20.42 <error> TypeError: Cannot read property 'category_name' of undefined
    at showArticle (D:\A\sever\controllers\article.js:47:22)
    at <anonymous> (in errorHandle.js:24)[22m[39m
[31m[1m13:45:52.99 <error> ReferenceError: D:\A\sever\views\admin\showArticle.ejs:45
    43|                 <label class="layui-form-label" style="width: 150px;">ÊòØÂê¶ÁΩÆÈ°∂ÊñáÁ´†</label>
    44|                 <div class="layui-input-inline">
 >> 45|                     <input id="is_stick" type="checkbox" name="is_stick" <% article.is_stick == 1 ? checked : null%> lay-skin="switch" lay-text="YES|NO">
    46|                 </div>
    47|             </div>
    48|         </div>

checked is not defined
    at eval (eval at compile (D:\A\sever\node_modules\ejs\lib\ejs.js:549:12), <anonymous>:30:32)
    at returnedFn (D:\A\sever\node_modules\ejs\lib\ejs.js:580:17)
    at D:\A\sever\node_modules\consolidate\lib\consolidate.js:651:16
    at D:\A\sever\node_modules\consolidate\lib\consolidate.js:162:5
    at Promise._execute (D:\A\sever\node_modules\bluebird\js\release\debuggability.js:303:9)
    at Promise._resolveFromExecutor (D:\A\sever\node_modules\bluebird\js\release\promise.js:483:18)
    at new Promise (D:\A\sever\node_modules\bluebird\js\release\promise.js:79:10)
    at promisify (D:\A\sever\node_modules\consolidate\lib\consolidate.js:155:10)
    at Function.exports.ejs.render (D:\A\sever\node_modules\consolidate\lib\consolidate.js:647:10)
    at D:\A\sever\node_modules\consolidate\lib\consolidate.js:183:27
    at D:\A\sever\node_modules\consolidate\lib\consolidate.js:101:5
    at FSReqWrap.readFileAfterClose [as oncomplete] (fs.js:511:3) (in errorHandle.js:24)[22m[39m
[31m[1m14:14:17.74 <error> TypeError: S.Article.findByIdAndUpdate is not a function
    at modifyArticle (D:\A\sever\controllers\article.js:250:38)
    at dispatch (D:\A\sever\node_modules\koa-router\node_modules\koa-compose\index.js:44:32)
    at next (D:\A\sever\node_modules\koa-router\node_modules\koa-compose\index.js:45:18)
    at module.exports (D:\A\sever\middlewares\checkToken.js:34:11)
    at dispatch (D:\A\sever\node_modules\koa-router\node_modules\koa-compose\index.js:44:32)
    at next (D:\A\sever\node_modules\koa-router\node_modules\koa-compose\index.js:45:18)
    at D:\A\sever\node_modules\koa-router\lib\router.js:346:16
    at dispatch (D:\A\sever\node_modules\koa-router\node_modules\koa-compose\index.js:44:32)
    at D:\A\sever\node_modules\koa-router\node_modules\koa-compose\index.js:36:12
    at dispatch (D:\A\sever\node_modules\koa-router\lib\router.js:351:31)
    at dispatch (D:\A\sever\node_modules\koa-compose\index.js:42:32)
    at next (D:\A\sever\node_modules\koa-compose\index.js:43:18)
    at module.exports (D:\A\sever\middlewares\errorHandle.js:20:15)
    at dispatch (D:\A\sever\node_modules\koa-compose\index.js:42:32)
    at next (D:\A\sever\node_modules\koa-compose\index.js:43:18)
    at module.exports (D:\A\sever\middlewares\response.js:25:11)
    at dispatch (D:\A\sever\node_modules\koa-compose\index.js:42:32)
    at next (D:\A\sever\node_modules\koa-compose\index.js:43:18)
    at bodyParser (D:\A\sever\node_modules\koa-bodyparser\index.js:86:11)
    at <anonymous>
    at process._tickCallback (internal/process/next_tick.js:188:7) (in errorHandle.js:24)[22m[39m
[31m[1m16:21:35.51 <error> TypeError: article is not iterable
    at getArticleById (D:\A\sever\controllers\article.js:146:22)
    at <anonymous> (in errorHandle.js:24)[22m[39m
[31m[1m17:16:59.84 <error> TypeError: Cannot read property 'dataValues' of null
    at getArticleById (D:\A\sever\controllers\article.js:146:17)
    at <anonymous> (in errorHandle.js:24)[22m[39m
[31m[1m17:17:11.45 <error> TypeError: Cannot read property 'dataValues' of null
    at getArticleById (D:\A\sever\controllers\article.js:146:17)
    at <anonymous> (in errorHandle.js:24)[22m[39m
[31m[1m17:18:15.60 <error> TypeError: Cannot read property 'keyword' of null
    at getArticleById (D:\A\sever\controllers\article.js:146:35)
    at <anonymous> (in errorHandle.js:24)[22m[39m
[31m[1m17:18:36.04 <error> TypeError: Cannot read property 'keyword' of null
    at getArticleById (D:\A\sever\controllers\article.js:148:35)
    at <anonymous> (in errorHandle.js:24)[22m[39m
[31m[1m17:18:49.95 <error> TypeError: Cannot read property 'keyword' of null
    at getArticleById (D:\A\sever\controllers\article.js:148:35)
    at <anonymous> (in errorHandle.js:24)[22m[39m
[31m[1m17:20:13.78 <error> TypeError: Cannot read property 'keyword' of null
    at getArticleById (D:\A\sever\controllers\article.js:145:35)
    at <anonymous> (in errorHandle.js:24)[22m[39m
[31m[1m17:20:53.39 <error> TypeError: Cannot read property 'split' of undefined
    at getArticleById (D:\A\sever\controllers\article.js:145:43)
    at <anonymous> (in errorHandle.js:24)[22m[39m
[31m[1m17:22:04.15 <error> TypeError: D:\A\sever\views\blog\article.ejs:32
    30|     <div id="main" class="w">
    31|         <div class="article">
 >> 32|             <h1><%= article.title%></h1>
    33|             <div class="info">
    34|                 <span class="pubtime"><%= article.save_time%></span>
    35|                 <a href="/categories/<%= article.category_id%>"><%= article.Category.category_name%></a>

Cannot read property 'title' of undefined
    at eval (eval at compile (D:\A\sever\node_modules\ejs\lib\ejs.js:549:12), <anonymous>:11:34)
    at returnedFn (D:\A\sever\node_modules\ejs\lib\ejs.js:580:17)
    at D:\A\sever\node_modules\consolidate\lib\consolidate.js:651:16
    at D:\A\sever\node_modules\consolidate\lib\consolidate.js:162:5
    at Promise._execute (D:\A\sever\node_modules\bluebird\js\release\debuggability.js:303:9)
    at Promise._resolveFromExecutor (D:\A\sever\node_modules\bluebird\js\release\promise.js:483:18)
    at new Promise (D:\A\sever\node_modules\bluebird\js\release\promise.js:79:10)
    at promisify (D:\A\sever\node_modules\consolidate\lib\consolidate.js:155:10)
    at Function.exports.ejs.render (D:\A\sever\node_modules\consolidate\lib\consolidate.js:647:10)
    at D:\A\sever\node_modules\consolidate\lib\consolidate.js:183:27
    at D:\A\sever\node_modules\consolidate\lib\consolidate.js:101:5
    at FSReqWrap.readFileAfterClose [as oncomplete] (fs.js:511:3) (in errorHandle.js:24)[22m[39m
[31m[1m17:23:28.95 <error> TypeError: D:\A\sever\views\blog\article.ejs:32
    30|     <div id="main" class="w">
    31|         <div class="article">
 >> 32|             <h1><%= article.title%></h1>
    33|             <div class="info">
    34|                 <span class="pubtime"><%= article.save_time%></span>
    35|                 <a href="/categories/<%= article.category_id%>"><%= article.Category.category_name%></a>

Cannot read property 'title' of undefined
    at eval (eval at compile (D:\A\sever\node_modules\ejs\lib\ejs.js:549:12), <anonymous>:11:34)
    at returnedFn (D:\A\sever\node_modules\ejs\lib\ejs.js:580:17)
    at D:\A\sever\node_modules\consolidate\lib\consolidate.js:651:16
    at D:\A\sever\node_modules\consolidate\lib\consolidate.js:162:5
    at Promise._execute (D:\A\sever\node_modules\bluebird\js\release\debuggability.js:303:9)
    at Promise._resolveFromExecutor (D:\A\sever\node_modules\bluebird\js\release\promise.js:483:18)
    at new Promise (D:\A\sever\node_modules\bluebird\js\release\promise.js:79:10)
    at promisify (D:\A\sever\node_modules\consolidate\lib\consolidate.js:155:10)
    at Function.exports.ejs.render (D:\A\sever\node_modules\consolidate\lib\consolidate.js:647:10)
    at D:\A\sever\node_modules\consolidate\lib\consolidate.js:183:27
    at D:\A\sever\node_modules\consolidate\lib\consolidate.js:101:5
    at FSReqWrap.readFileAfterClose [as oncomplete] (fs.js:511:3) (in errorHandle.js:24)[22m[39m
[31m[1m17:24:41.56 <error> TypeError: D:\A\sever\views\blog\article.ejs:32
    30|     <div id="main" class="w">
    31|         <div class="article">
 >> 32|             <h1><%= article.title%></h1>
    33|             <div class="info">
    34|                 <span class="pubtime"><%= article.save_time%></span>
    35|                 <a href="/categories/<%= article.category_id%>"><%= article.Category.category_name%></a>

Cannot read property 'title' of undefined
    at eval (eval at compile (D:\A\sever\node_modules\ejs\lib\ejs.js:549:12), <anonymous>:11:34)
    at returnedFn (D:\A\sever\node_modules\ejs\lib\ejs.js:580:17)
    at D:\A\sever\node_modules\consolidate\lib\consolidate.js:651:16
    at D:\A\sever\node_modules\consolidate\lib\consolidate.js:162:5
    at Promise._execute (D:\A\sever\node_modules\bluebird\js\release\debuggability.js:303:9)
    at Promise._resolveFromExecutor (D:\A\sever\node_modules\bluebird\js\release\promise.js:483:18)
    at new Promise (D:\A\sever\node_modules\bluebird\js\release\promise.js:79:10)
    at promisify (D:\A\sever\node_modules\consolidate\lib\consolidate.js:155:10)
    at Function.exports.ejs.render (D:\A\sever\node_modules\consolidate\lib\consolidate.js:647:10)
    at D:\A\sever\node_modules\consolidate\lib\consolidate.js:183:27
    at D:\A\sever\node_modules\consolidate\lib\consolidate.js:101:5
    at FSReqWrap.readFileAfterClose [as oncomplete] (fs.js:511:3) (in errorHandle.js:24)[22m[39m
[31m[1m17:26:00.74 <error> TypeError: D:\A\sever\views\blog\article.ejs:35
    33|             <div class="info">
    34|                 <span class="pubtime"><%= article.save_time%></span>
 >> 35|                 <a href="/categories/<%= article.category_id%>"><%= article.Category.category_name%></a>
    36|             </div>
    37|             <div id="content" class="content">
    38|                

Cannot read property 'category_name' of undefined
    at eval (eval at compile (D:\A\sever\node_modules\ejs\lib\ejs.js:549:12), <anonymous>:19:43)
    at returnedFn (D:\A\sever\node_modules\ejs\lib\ejs.js:580:17)
    at D:\A\sever\node_modules\consolidate\lib\consolidate.js:651:16
    at D:\A\sever\node_modules\consolidate\lib\consolidate.js:162:5
    at Promise._execute (D:\A\sever\node_modules\bluebird\js\release\debuggability.js:303:9)
    at Promise._resolveFromExecutor (D:\A\sever\node_modules\bluebird\js\release\promise.js:483:18)
    at new Promise (D:\A\sever\node_modules\bluebird\js\release\promise.js:79:10)
    at promisify (D:\A\sever\node_modules\consolidate\lib\consolidate.js:155:10)
    at Function.exports.ejs.render (D:\A\sever\node_modules\consolidate\lib\consolidate.js:647:10)
    at D:\A\sever\node_modules\consolidate\lib\consolidate.js:183:27
    at D:\A\sever\node_modules\consolidate\lib\consolidate.js:101:5
    at FSReqWrap.readFileAfterClose [as oncomplete] (fs.js:511:3) (in errorHandle.js:24)[22m[39m
[31m[1m17:28:20.49 <error> ReferenceError: D:\A\sever\views\blog\article.ejs:35
    33|             <div class="info">
    34|                 <span class="pubtime"><%= article.save_time%></span>
 >> 35|                 <a href="/categories/<%= category.id%>"><%= Category.category_name%></a>
    36|             </div>
    37|             <div id="content" class="content">
    38|                

Category is not defined
    at eval (eval at compile (D:\A\sever\node_modules\ejs\lib\ejs.js:549:12), <anonymous>:19:26)
    at returnedFn (D:\A\sever\node_modules\ejs\lib\ejs.js:580:17)
    at D:\A\sever\node_modules\consolidate\lib\consolidate.js:651:16
    at D:\A\sever\node_modules\consolidate\lib\consolidate.js:162:5
    at Promise._execute (D:\A\sever\node_modules\bluebird\js\release\debuggability.js:303:9)
    at Promise._resolveFromExecutor (D:\A\sever\node_modules\bluebird\js\release\promise.js:483:18)
    at new Promise (D:\A\sever\node_modules\bluebird\js\release\promise.js:79:10)
    at promisify (D:\A\sever\node_modules\consolidate\lib\consolidate.js:155:10)
    at Function.exports.ejs.render (D:\A\sever\node_modules\consolidate\lib\consolidate.js:647:10)
    at D:\A\sever\node_modules\consolidate\lib\consolidate.js:183:27
    at D:\A\sever\node_modules\consolidate\lib\consolidate.js:101:5
    at FSReqWrap.readFileAfterClose [as oncomplete] (fs.js:511:3) (in errorHandle.js:24)[22m[39m
[31m[1m17:55:07.97 <error> TypeError: Cannot read property 'dataValues' of null
    at getArticleById (D:\A\sever\controllers\article.js:143:17)
    at <anonymous> (in errorHandle.js:24)[22m[39m
[31m[1m17:55:20.80 <error> TypeError: Cannot read property 'dataValues' of null
    at getArticleById (D:\A\sever\controllers\article.js:143:17)
    at <anonymous> (in errorHandle.js:24)[22m[39m
[31m[1m17:57:21.07 <error> TypeError: Cannot read property 'dataValues' of null
    at getArticleById (D:\A\sever\controllers\article.js:143:17)
    at <anonymous> (in errorHandle.js:24)[22m[39m
[31m[1m09:39:46.97 <error> TypeError: Cannot read property 'dataValues' of null
    at getArticleById (D:\A\sever\controllers\article.js:143:17)
    at <anonymous> (in errorHandle.js:24)[22m[39m
[31m[1m09:39:58.15 <error> TypeError: Cannot read property 'dataValues' of null
    at getArticleById (D:\A\sever\controllers\article.js:143:17)
    at <anonymous> (in errorHandle.js:24)[22m[39m
[31m[1m09:52:47.66 <error> TypeError: Cannot read property 'dataValues' of null
    at getArticleById (D:\A\sever\controllers\article.js:143:17)
    at <anonymous> (in errorHandle.js:24)[22m[39m
[31m[1m09:59:52.35 <error> TypeError: Cannot read property 'dataValues' of null
    at showArticle (D:\A\sever\controllers\article.js:44:29)
    at <anonymous> (in errorHandle.js:24)[22m[39m
[31m[1m10:00:52.30 <error> TypeError: Cannot read property 'dataValues' of null
    at getArticleById (D:\A\sever\controllers\article.js:143:17)
    at <anonymous> (in errorHandle.js:24)[22m[39m
[31m[1m11:52:53.77 <error> TypeError: Cannot read property 'dataValues' of null
    at getArticleById (D:\A\sever\controllers\article.js:143:17)
    at <anonymous> (in errorHandle.js:24)[22m[39m
[31m[1m13:13:12.85 <error> TypeError: Cannot read property 'dataValues' of null
    at showArticle (D:\A\sever\controllers\article.js:44:29)
    at <anonymous> (in errorHandle.js:24)[22m[39m
[31m[1m13:25:01.16 <error> TypeError: Cannot read property 'dataValues' of null
    at showArticle (D:\A\sever\controllers\article.js:44:29)
    at <anonymous> (in errorHandle.js:24)[22m[39m
[31m[1m13:28:51.68 <error> TypeError: Cannot read property 'dataValues' of null
    at getArticleById (D:\A\sever\controllers\article.js:144:17)
    at <anonymous> (in errorHandle.js:24)[22m[39m
[31m[1m13:33:15.77 <error> TypeError: Cannot read property 'dataValues' of null
    at showArticle (D:\A\sever\controllers\article.js:44:29)
    at <anonymous> (in errorHandle.js:24)[22m[39m
[31m[1m13:41:30.47 <error> TypeError: Cannot read property 'dataValues' of null
    at getArticleById (D:\A\sever\controllers\article.js:144:17)
    at <anonymous> (in errorHandle.js:24)[22m[39m
[31m[1m13:44:46.34 <error> TypeError: Cannot read property 'dataValues' of null
    at showArticle (D:\A\sever\controllers\article.js:44:29)
    at <anonymous> (in errorHandle.js:24)[22m[39m
[31m[1m17:29:02.96 <error> ReferenceError: id is not defined
    at getArticleById (D:\A\sever\controllers\article.js:134:33)
    at dispatch (D:\A\sever\node_modules\koa-router\node_modules\koa-compose\index.js:44:32)
    at next (D:\A\sever\node_modules\koa-router\node_modules\koa-compose\index.js:45:18)
    at D:\A\sever\node_modules\koa-router\lib\router.js:346:16
    at dispatch (D:\A\sever\node_modules\koa-router\node_modules\koa-compose\index.js:44:32)
    at D:\A\sever\node_modules\koa-router\node_modules\koa-compose\index.js:36:12
    at dispatch (D:\A\sever\node_modules\koa-router\lib\router.js:351:31)
    at dispatch (D:\A\sever\node_modules\koa-compose\index.js:42:32)
    at next (D:\A\sever\node_modules\koa-compose\index.js:43:18)
    at module.exports (D:\A\sever\middlewares\errorHandle.js:20:15)
    at dispatch (D:\A\sever\node_modules\koa-compose\index.js:42:32)
    at next (D:\A\sever\node_modules\koa-compose\index.js:43:18)
    at module.exports (D:\A\sever\middlewares\response.js:25:11)
    at dispatch (D:\A\sever\node_modules\koa-compose\index.js:42:32)
    at next (D:\A\sever\node_modules\koa-compose\index.js:43:18)
    at bodyParser (D:\A\sever\node_modules\koa-bodyparser\index.js:86:11)
    at <anonymous>
    at process._tickCallback (internal/process/next_tick.js:188:7) (in errorHandle.js:24)[22m[39m
[31m[1m18:03:24.93 <error> SyntaxError: Identifier 'msg' has already been declared
    at dispatch (D:\A\sever\node_modules\koa-router\node_modules\koa-compose\index.js:44:32)
    at next (D:\A\sever\node_modules\koa-router\node_modules\koa-compose\index.js:45:18)
    at D:\A\sever\node_modules\koa-router\lib\router.js:346:16
    at dispatch (D:\A\sever\node_modules\koa-router\node_modules\koa-compose\index.js:44:32)
    at D:\A\sever\node_modules\koa-router\node_modules\koa-compose\index.js:36:12
    at dispatch (D:\A\sever\node_modules\koa-router\lib\router.js:351:31)
    at dispatch (D:\A\sever\node_modules\koa-compose\index.js:42:32)
    at next (D:\A\sever\node_modules\koa-compose\index.js:43:18)
    at module.exports (D:\A\sever\middlewares\errorHandle.js:20:15)
    at dispatch (D:\A\sever\node_modules\koa-compose\index.js:42:32)
    at next (D:\A\sever\node_modules\koa-compose\index.js:43:18)
    at module.exports (D:\A\sever\middlewares\response.js:25:11)
    at dispatch (D:\A\sever\node_modules\koa-compose\index.js:42:32)
    at next (D:\A\sever\node_modules\koa-compose\index.js:43:18)
    at bodyParser (D:\A\sever\node_modules\koa-bodyparser\index.js:86:11)
    at <anonymous>
    at process._tickCallback (internal/process/next_tick.js:188:7) (in errorHandle.js:24)[22m[39m
[31m[1m18:15:37.00 <error> SyntaxError: Identifier 'msg' has already been declared
    at dispatch (D:\A\sever\node_modules\koa-router\node_modules\koa-compose\index.js:44:32)
    at next (D:\A\sever\node_modules\koa-router\node_modules\koa-compose\index.js:45:18)
    at D:\A\sever\node_modules\koa-router\lib\router.js:346:16
    at dispatch (D:\A\sever\node_modules\koa-router\node_modules\koa-compose\index.js:44:32)
    at D:\A\sever\node_modules\koa-router\node_modules\koa-compose\index.js:36:12
    at dispatch (D:\A\sever\node_modules\koa-router\lib\router.js:351:31)
    at dispatch (D:\A\sever\node_modules\koa-compose\index.js:42:32)
    at next (D:\A\sever\node_modules\koa-compose\index.js:43:18)
    at module.exports (D:\A\sever\middlewares\errorHandle.js:20:15)
    at dispatch (D:\A\sever\node_modules\koa-compose\index.js:42:32)
    at next (D:\A\sever\node_modules\koa-compose\index.js:43:18)
    at module.exports (D:\A\sever\middlewares\response.js:25:11)
    at dispatch (D:\A\sever\node_modules\koa-compose\index.js:42:32)
    at next (D:\A\sever\node_modules\koa-compose\index.js:43:18)
    at bodyParser (D:\A\sever\node_modules\koa-bodyparser\index.js:86:11)
    at <anonymous>
    at process._tickCallback (internal/process/next_tick.js:188:7) (in errorHandle.js:24)[22m[39m
[31m[1m18:19:14.80 <error> InternalServerError: ÊúçÂä°Âô®ÂÜÖÈÉ®ÈîôËØØ-Message.createÈîôËØØ!
    at Object.throw (D:\A\sever\node_modules\koa\lib\context.js:93:11)
    at S.Message.create.catch.err (D:\A\sever\controllers\article.js:341:22)
    at tryCatcher (D:\A\sever\node_modules\bluebird\js\release\util.js:16:23)
    at Promise._settlePromiseFromHandler (D:\A\sever\node_modules\bluebird\js\release\promise.js:512:31)
    at Promise._settlePromise (D:\A\sever\node_modules\bluebird\js\release\promise.js:569:18)
    at Promise._settlePromise0 (D:\A\sever\node_modules\bluebird\js\release\promise.js:614:10)
    at Promise._settlePromises (D:\A\sever\node_modules\bluebird\js\release\promise.js:689:18)
    at Async._drainQueue (D:\A\sever\node_modules\bluebird\js\release\async.js:133:16)
    at Async._drainQueues (D:\A\sever\node_modules\bluebird\js\release\async.js:143:10)
    at Immediate.Async.drainQueues (D:\A\sever\node_modules\bluebird\js\release\async.js:17:14)
    at runCallback (timers.js:789:20)
    at tryOnImmediate (timers.js:751:5)
    at processImmediate [as _immediateCallback] (timers.js:722:5) (in errorHandle.js:24)[22m[39m
[31m[1m09:31:20.82 <error> TypeError: Cannot read property 'dataValues' of null
    at getArticleById (D:\A\sever\controllers\article.js:141:17)
    at <anonymous> (in errorHandle.js:24)[22m[39m
[31m[1m09:31:29.24 <error> TypeError: Cannot read property 'dataValues' of null
    at getArticleById (D:\A\sever\controllers\article.js:141:17)
    at <anonymous> (in errorHandle.js:24)[22m[39m
[31m[1m15:19:04.26 <error> ReferenceError: sequelize is not defined
    at showTimeline (D:\A\sever\controllers\article.js:75:33)
    at dispatch (D:\A\sever\node_modules\koa-router\node_modules\koa-compose\index.js:44:32)
    at next (D:\A\sever\node_modules\koa-router\node_modules\koa-compose\index.js:45:18)
    at D:\A\sever\node_modules\koa-router\lib\router.js:346:16
    at dispatch (D:\A\sever\node_modules\koa-router\node_modules\koa-compose\index.js:44:32)
    at D:\A\sever\node_modules\koa-router\node_modules\koa-compose\index.js:36:12
    at dispatch (D:\A\sever\node_modules\koa-router\lib\router.js:351:31)
    at dispatch (D:\A\sever\node_modules\koa-compose\index.js:42:32)
    at next (D:\A\sever\node_modules\koa-compose\index.js:43:18)
    at module.exports (D:\A\sever\middlewares\errorHandle.js:20:15)
    at dispatch (D:\A\sever\node_modules\koa-compose\index.js:42:32)
    at next (D:\A\sever\node_modules\koa-compose\index.js:43:18)
    at module.exports (D:\A\sever\middlewares\response.js:25:11)
    at dispatch (D:\A\sever\node_modules\koa-compose\index.js:42:32)
    at next (D:\A\sever\node_modules\koa-compose\index.js:43:18)
    at bodyParser (D:\A\sever\node_modules\koa-bodyparser\index.js:86:11)
    at <anonymous>
    at process._tickCallback (internal/process/next_tick.js:188:7) (in errorHandle.js:24)[22m[39m
[31m[1m15:58:32.63 <error> SequelizeDatabaseError: You have an error in your SQL syntax; check the manual that corresponds to your MySQL server version for the right syntax to use near 'as savetime) FROM articles  GROUP BY DATE_FORMAT(save_time, "%Y-%m")' at line 1
    at Query.formatError (D:\A\sever\node_modules\sequelize\lib\dialects\mysql\query.js:247:16)
    at Query.handler [as onResult] (D:\A\sever\node_modules\sequelize\lib\dialects\mysql\query.js:68:23)
    at Query.Command.execute (D:\A\sever\node_modules\mysql2\lib\commands\command.js:30:12)
    at Connection.handlePacket (D:\A\sever\node_modules\mysql2\lib\connection.js:502:28)
    at PacketParser.onPacket (D:\A\sever\node_modules\mysql2\lib\connection.js:81:16)
    at PacketParser.executeStart (D:\A\sever\node_modules\mysql2\lib\packet_parser.js:77:14)
    at Socket.<anonymous> (D:\A\sever\node_modules\mysql2\lib\connection.js:89:29)
    at emitOne (events.js:116:13)
    at Socket.emit (events.js:211:7)
    at addChunk (_stream_readable.js:263:12)
    at readableAddChunk (_stream_readable.js:250:11)
    at Socket.Readable.push (_stream_readable.js:208:10)
    at TCP.onread (net.js:594:20) (in errorHandle.js:24)[22m[39m
[31m[1m16:12:13.37 <error> SequelizeDatabaseError: You have an error in your SQL syntax; check the manual that corresponds to your MySQL server version for the right syntax to use near 'as savetime),group_concat(title) FROM articles  GROUP BY DATE_FORMAT(save_time, ' at line 1
    at Query.formatError (D:\A\sever\node_modules\sequelize\lib\dialects\mysql\query.js:247:16)
    at Query.handler [as onResult] (D:\A\sever\node_modules\sequelize\lib\dialects\mysql\query.js:68:23)
    at Query.Command.execute (D:\A\sever\node_modules\mysql2\lib\commands\command.js:30:12)
    at Connection.handlePacket (D:\A\sever\node_modules\mysql2\lib\connection.js:502:28)
    at PacketParser.onPacket (D:\A\sever\node_modules\mysql2\lib\connection.js:81:16)
    at PacketParser.executeStart (D:\A\sever\node_modules\mysql2\lib\packet_parser.js:77:14)
    at Socket.<anonymous> (D:\A\sever\node_modules\mysql2\lib\connection.js:89:29)
    at emitOne (events.js:116:13)
    at Socket.emit (events.js:211:7)
    at addChunk (_stream_readable.js:263:12)
    at readableAddChunk (_stream_readable.js:250:11)
    at Socket.Readable.push (_stream_readable.js:208:10)
    at TCP.onread (net.js:594:20) (in errorHandle.js:24)[22m[39m
[31m[1m16:48:46.88 <error> SequelizeDatabaseError: Every derived table must have its own alias
    at Query.formatError (D:\A\sever\node_modules\sequelize\lib\dialects\mysql\query.js:247:16)
    at Query.handler [as onResult] (D:\A\sever\node_modules\sequelize\lib\dialects\mysql\query.js:68:23)
    at Query.Command.execute (D:\A\sever\node_modules\mysql2\lib\commands\command.js:30:12)
    at Connection.handlePacket (D:\A\sever\node_modules\mysql2\lib\connection.js:502:28)
    at PacketParser.onPacket (D:\A\sever\node_modules\mysql2\lib\connection.js:81:16)
    at PacketParser.executeStart (D:\A\sever\node_modules\mysql2\lib\packet_parser.js:77:14)
    at Socket.<anonymous> (D:\A\sever\node_modules\mysql2\lib\connection.js:89:29)
    at emitOne (events.js:116:13)
    at Socket.emit (events.js:211:7)
    at addChunk (_stream_readable.js:263:12)
    at readableAddChunk (_stream_readable.js:250:11)
    at Socket.Readable.push (_stream_readable.js:208:10)
    at TCP.onread (net.js:594:20) (in errorHandle.js:24)[22m[39m
[31m[1m16:49:39.88 <error> SequelizeDatabaseError: Every derived table must have its own alias
    at Query.formatError (D:\A\sever\node_modules\sequelize\lib\dialects\mysql\query.js:247:16)
    at Query.handler [as onResult] (D:\A\sever\node_modules\sequelize\lib\dialects\mysql\query.js:68:23)
    at Query.Command.execute (D:\A\sever\node_modules\mysql2\lib\commands\command.js:30:12)
    at Connection.handlePacket (D:\A\sever\node_modules\mysql2\lib\connection.js:502:28)
    at PacketParser.onPacket (D:\A\sever\node_modules\mysql2\lib\connection.js:81:16)
    at PacketParser.executeStart (D:\A\sever\node_modules\mysql2\lib\packet_parser.js:77:14)
    at Socket.<anonymous> (D:\A\sever\node_modules\mysql2\lib\connection.js:89:29)
    at emitOne (events.js:116:13)
    at Socket.emit (events.js:211:7)
    at addChunk (_stream_readable.js:263:12)
    at readableAddChunk (_stream_readable.js:250:11)
    at Socket.Readable.push (_stream_readable.js:208:10)
    at TCP.onread (net.js:594:20) (in errorHandle.js:24)[22m[39m
[31m[1m17:23:31.50 <error> SequelizeDatabaseError: You have an error in your SQL syntax; check the manual that corresponds to your MySQL server version for the right syntax to use near '(save_time, "%Y-%m-NaN %H:%i:undefined") as savetime  FROM articles  GROUP BY DATE_FORMA' at line 1
    at Query.formatError (D:\A\sever\node_modules\sequelize\lib\dialects\mysql\query.js:247:16)
    at Query.handler [as onResult] (D:\A\sever\node_modules\sequelize\lib\dialects\mysql\query.js:68:23)
    at Query.Command.execute (D:\A\sever\node_modules\mysql2\lib\commands\command.js:30:12)
    at Connection.handlePacket (D:\A\sever\node_modules\mysql2\lib\connection.js:502:28)
    at PacketParser.onPacket (D:\A\sever\node_modules\mysql2\lib\connection.js:81:16)
    at PacketParser.executeStart (D:\A\sever\node_modules\mysql2\lib\packet_parser.js:77:14)
    at Socket.<anonymous> (D:\A\sever\node_modules\mysql2\lib\connection.js:89:29)
    at emitOne (events.js:116:13)
    at Socket.emit (events.js:211:7)
    at addChunk (_stream_readable.js:263:12)
    at readableAddChunk (_stream_readable.js:250:11)
    at Socket.Readable.push (_stream_readable.js:208:10)
    at TCP.onread (net.js:594:20) (in errorHandle.js:24)[22m[39m
[31m[1m17:30:24.90 <error> SequelizeDatabaseError: Operand should contain 1 column(s)
    at Query.formatError (D:\A\sever\node_modules\sequelize\lib\dialects\mysql\query.js:247:16)
    at Query.handler [as onResult] (D:\A\sever\node_modules\sequelize\lib\dialects\mysql\query.js:68:23)
    at Query.Command.execute (D:\A\sever\node_modules\mysql2\lib\commands\command.js:30:12)
    at Connection.handlePacket (D:\A\sever\node_modules\mysql2\lib\connection.js:502:28)
    at PacketParser.onPacket (D:\A\sever\node_modules\mysql2\lib\connection.js:81:16)
    at PacketParser.executeStart (D:\A\sever\node_modules\mysql2\lib\packet_parser.js:77:14)
    at Socket.<anonymous> (D:\A\sever\node_modules\mysql2\lib\connection.js:89:29)
    at emitOne (events.js:116:13)
    at Socket.emit (events.js:211:7)
    at addChunk (_stream_readable.js:263:12)
    at readableAddChunk (_stream_readable.js:250:11)
    at Socket.Readable.push (_stream_readable.js:208:10)
    at TCP.onread (net.js:594:20) (in errorHandle.js:24)[22m[39m
[31m[1m17:30:46.43 <error> SequelizeDatabaseError: Operand should contain 1 column(s)
    at Query.formatError (D:\A\sever\node_modules\sequelize\lib\dialects\mysql\query.js:247:16)
    at Query.handler [as onResult] (D:\A\sever\node_modules\sequelize\lib\dialects\mysql\query.js:68:23)
    at Query.Command.execute (D:\A\sever\node_modules\mysql2\lib\commands\command.js:30:12)
    at Connection.handlePacket (D:\A\sever\node_modules\mysql2\lib\connection.js:502:28)
    at PacketParser.onPacket (D:\A\sever\node_modules\mysql2\lib\connection.js:81:16)
    at PacketParser.executeStart (D:\A\sever\node_modules\mysql2\lib\packet_parser.js:77:14)
    at Socket.<anonymous> (D:\A\sever\node_modules\mysql2\lib\connection.js:89:29)
    at emitOne (events.js:116:13)
    at Socket.emit (events.js:211:7)
    at addChunk (_stream_readable.js:263:12)
    at readableAddChunk (_stream_readable.js:250:11)
    at Socket.Readable.push (_stream_readable.js:208:10)
    at TCP.onread (net.js:594:20) (in errorHandle.js:24)[22m[39m
[31m[1m17:35:05.95 <error> SequelizeDatabaseError: Operand should contain 1 column(s)
    at Query.formatError (D:\A\sever\node_modules\sequelize\lib\dialects\mysql\query.js:247:16)
    at Query.handler [as onResult] (D:\A\sever\node_modules\sequelize\lib\dialects\mysql\query.js:68:23)
    at Query.Command.execute (D:\A\sever\node_modules\mysql2\lib\commands\command.js:30:12)
    at Connection.handlePacket (D:\A\sever\node_modules\mysql2\lib\connection.js:502:28)
    at PacketParser.onPacket (D:\A\sever\node_modules\mysql2\lib\connection.js:81:16)
    at PacketParser.executeStart (D:\A\sever\node_modules\mysql2\lib\packet_parser.js:77:14)
    at Socket.<anonymous> (D:\A\sever\node_modules\mysql2\lib\connection.js:89:29)
    at emitOne (events.js:116:13)
    at Socket.emit (events.js:211:7)
    at addChunk (_stream_readable.js:263:12)
    at readableAddChunk (_stream_readable.js:250:11)
    at Socket.Readable.push (_stream_readable.js:208:10)
    at TCP.onread (net.js:594:20) (in errorHandle.js:24)[22m[39m
[31m[1m08:28:45.76 <error> ReferenceError: r is not defined
    at showTimeline (D:\A\sever\controllers\article.js:84:148)
    at <anonymous> (in errorHandle.js:24)[22m[39m
[31m[1m08:56:33.45 <error> TypeError: Cannot read property 'dataValues' of null
    at getArticleById (D:\A\sever\controllers\article.js:113:17)
    at <anonymous> (in errorHandle.js:24)[22m[39m
[31m[1m08:59:55.82 <error> ReferenceError: D:\A\sever\views\blog\timeline.ejs:31
    29|     </div>
    30|     <div id="main" >
 >> 31|         <% if(relate.prev){%>
    32|             
    33|         <% }else{%>
    34|             <h1>Timeline</h1>

relate is not defined
    at eval (eval at compile (D:\A\sever\node_modules\ejs\lib\ejs.js:549:12), <anonymous>:11:8)
    at returnedFn (D:\A\sever\node_modules\ejs\lib\ejs.js:580:17)
    at D:\A\sever\node_modules\consolidate\lib\consolidate.js:651:16
    at D:\A\sever\node_modules\consolidate\lib\consolidate.js:162:5
    at Promise._execute (D:\A\sever\node_modules\bluebird\js\release\debuggability.js:303:9)
    at Promise._resolveFromExecutor (D:\A\sever\node_modules\bluebird\js\release\promise.js:483:18)
    at new Promise (D:\A\sever\node_modules\bluebird\js\release\promise.js:79:10)
    at promisify (D:\A\sever\node_modules\consolidate\lib\consolidate.js:155:10)
    at Function.exports.ejs.render (D:\A\sever\node_modules\consolidate\lib\consolidate.js:647:10)
    at D:\A\sever\node_modules\consolidate\lib\consolidate.js:183:27
    at D:\A\sever\node_modules\consolidate\lib\consolidate.js:101:5
    at FSReqWrap.readFileAfterClose [as oncomplete] (fs.js:511:3) (in errorHandle.js:24)[22m[39m
[31m[1m09:18:04.14 <error> ReferenceError: D:\A\sever\views\blog\timeline.ejs:43
    41|             <h1>Timeline</h1>
    42|             <div class="list">
 >> 43|                 <% for(let t of timeline){%>
    44|                     <h4><%= t.savetime%></h4>
    45|                     <ul>
    46|                         <% for(let a of t.info){%>

timeline is not defined
    at eval (eval at compile (D:\A\sever\node_modules\ejs\lib\ejs.js:549:12), <anonymous>:33:21)
    at returnedFn (D:\A\sever\node_modules\ejs\lib\ejs.js:580:17)
    at D:\A\sever\node_modules\consolidate\lib\consolidate.js:651:16
    at D:\A\sever\node_modules\consolidate\lib\consolidate.js:162:5
    at Promise._execute (D:\A\sever\node_modules\bluebird\js\release\debuggability.js:303:9)
    at Promise._resolveFromExecutor (D:\A\sever\node_modules\bluebird\js\release\promise.js:483:18)
    at new Promise (D:\A\sever\node_modules\bluebird\js\release\promise.js:79:10)
    at promisify (D:\A\sever\node_modules\consolidate\lib\consolidate.js:155:10)
    at Function.exports.ejs.render (D:\A\sever\node_modules\consolidate\lib\consolidate.js:647:10)
    at D:\A\sever\node_modules\consolidate\lib\consolidate.js:183:27
    at D:\A\sever\node_modules\consolidate\lib\consolidate.js:101:5
    at FSReqWrap.readFileAfterClose [as oncomplete] (fs.js:511:3) (in errorHandle.js:24)[22m[39m
[31m[1m09:40:45.73 <error> TypeError: Cannot read property 'dataValues' of null
    at getArticleById (D:\A\sever\controllers\article.js:143:17)
    at <anonymous> (in errorHandle.js:24)[22m[39m
[31m[1m14:14:43.43 <error> ReferenceError: D:\A\sever\views\blog\index.ejs:55
    53|                 <div class="content">
    54|                     <ul>
 >> 55|                         <% for(let stick of sticks){%>
    56|                             <li><span><%= stick.save_time%></span> <a href="/articles/<%= stick.id%>"><%= stick.title%></a></li>
    57|                         <% }%>
    58|                     </ul>

sticks is not defined
    at eval (eval at compile (D:\A\sever\node_modules\ejs\lib\ejs.js:549:12), <anonymous>:48:25)
    at returnedFn (D:\A\sever\node_modules\ejs\lib\ejs.js:580:17)
    at D:\A\sever\node_modules\consolidate\lib\consolidate.js:651:16
    at D:\A\sever\node_modules\consolidate\lib\consolidate.js:162:5
    at Promise._execute (D:\A\sever\node_modules\bluebird\js\release\debuggability.js:303:9)
    at Promise._resolveFromExecutor (D:\A\sever\node_modules\bluebird\js\release\promise.js:483:18)
    at new Promise (D:\A\sever\node_modules\bluebird\js\release\promise.js:79:10)
    at promisify (D:\A\sever\node_modules\consolidate\lib\consolidate.js:155:10)
    at Function.exports.ejs.render (D:\A\sever\node_modules\consolidate\lib\consolidate.js:647:10)
    at D:\A\sever\node_modules\consolidate\lib\consolidate.js:183:27
    at D:\A\sever\node_modules\consolidate\lib\consolidate.js:101:5
    at FSReqWrap.readFileAfterClose [as oncomplete] (fs.js:511:3) (in errorHandle.js:24)[22m[39m
[31m[1m15:58:47.85 <error> TypeError: S.findOne is not a function
    at showAbout (D:\A\sever\controllers\article.js:179:34)
    at dispatch (D:\A\sever\node_modules\koa-router\node_modules\koa-compose\index.js:44:32)
    at next (D:\A\sever\node_modules\koa-router\node_modules\koa-compose\index.js:45:18)
    at D:\A\sever\node_modules\koa-router\lib\router.js:346:16
    at dispatch (D:\A\sever\node_modules\koa-router\node_modules\koa-compose\index.js:44:32)
    at D:\A\sever\node_modules\koa-router\node_modules\koa-compose\index.js:36:12
    at dispatch (D:\A\sever\node_modules\koa-router\lib\router.js:351:31)
    at dispatch (D:\A\sever\node_modules\koa-compose\index.js:42:32)
    at next (D:\A\sever\node_modules\koa-compose\index.js:43:18)
    at module.exports (D:\A\sever\middlewares\errorHandle.js:20:15)
    at dispatch (D:\A\sever\node_modules\koa-compose\index.js:42:32)
    at next (D:\A\sever\node_modules\koa-compose\index.js:43:18)
    at module.exports (D:\A\sever\middlewares\response.js:25:11)
    at dispatch (D:\A\sever\node_modules\koa-compose\index.js:42:32)
    at next (D:\A\sever\node_modules\koa-compose\index.js:43:18)
    at bodyParser (D:\A\sever\node_modules\koa-bodyparser\index.js:86:11)
    at <anonymous>
    at process._tickCallback (internal/process/next_tick.js:188:7) (in errorHandle.js:24)[22m[39m
[31m[1m15:59:09.34 <error> ReferenceError: id is not defined
    at showAbout (D:\A\sever\controllers\article.js:191:33)
    at <anonymous> (in errorHandle.js:24)[22m[39m
[31m[1m16:00:00.85 <error> ReferenceError: D:\A\sever\views\blog\article.ejs:38
    36|             <div class="info">
    37|                 <span class="pubtime"><%= article.save_time%></span>
 >> 38|                 <a href="/categories/<%= category.id%>"><%= category.category_name%></a>
    39|             </div>
    40|             <div id="content" class="content markdown-body">
    41|                

category is not defined
    at eval (eval at compile (D:\A\sever\node_modules\ejs\lib\ejs.js:549:12), <anonymous>:23:26)
    at returnedFn (D:\A\sever\node_modules\ejs\lib\ejs.js:580:17)
    at D:\A\sever\node_modules\consolidate\lib\consolidate.js:651:16
    at D:\A\sever\node_modules\consolidate\lib\consolidate.js:162:5
    at Promise._execute (D:\A\sever\node_modules\bluebird\js\release\debuggability.js:303:9)
    at Promise._resolveFromExecutor (D:\A\sever\node_modules\bluebird\js\release\promise.js:483:18)
    at new Promise (D:\A\sever\node_modules\bluebird\js\release\promise.js:79:10)
    at promisify (D:\A\sever\node_modules\consolidate\lib\consolidate.js:155:10)
    at Function.exports.ejs.render (D:\A\sever\node_modules\consolidate\lib\consolidate.js:647:10)
    at D:\A\sever\node_modules\consolidate\lib\consolidate.js:183:27
    at D:\A\sever\node_modules\consolidate\lib\consolidate.js:101:5
    at FSReqWrap.readFileAfterClose [as oncomplete] (fs.js:511:3) (in errorHandle.js:24)[22m[39m
[31m[1m16:00:30.53 <error> ReferenceError: D:\A\sever\views\blog\about.ejs:43
    41|         <div class="comments">
    42|             <div class="header">
 >> 43|                 <span>comments</span><span>|</span><span><%=msgCount%>Êù°ËØÑËÆ∫</span>
    44|             </div>
    45|            
    46|             

msgCount is not defined
    at eval (eval at compile (D:\A\sever\node_modules\ejs\lib\ejs.js:549:12), <anonymous>:20:25)
    at returnedFn (D:\A\sever\node_modules\ejs\lib\ejs.js:580:17)
    at D:\A\sever\node_modules\consolidate\lib\consolidate.js:651:16
    at D:\A\sever\node_modules\consolidate\lib\consolidate.js:162:5
    at Promise._execute (D:\A\sever\node_modules\bluebird\js\release\debuggability.js:303:9)
    at Promise._resolveFromExecutor (D:\A\sever\node_modules\bluebird\js\release\promise.js:483:18)
    at new Promise (D:\A\sever\node_modules\bluebird\js\release\promise.js:79:10)
    at promisify (D:\A\sever\node_modules\consolidate\lib\consolidate.js:155:10)
    at Function.exports.ejs.render (D:\A\sever\node_modules\consolidate\lib\consolidate.js:647:10)
    at D:\A\sever\node_modules\consolidate\lib\consolidate.js:183:27
    at D:\A\sever\node_modules\consolidate\lib\consolidate.js:101:5
    at FSReqWrap.readFileAfterClose [as oncomplete] (fs.js:511:3) (in errorHandle.js:24)[22m[39m
[31m[1m09:30:50.11 <error> TypeError: Cannot read property 'dataValues' of null
    at getArticleById (D:\A\sever\controllers\article.js:236:17)
    at <anonymous> (in errorHandle.js:24)[22m[39m
[31m[1m14:46:30.50 <error> TypeError: results.map is not a function
    at Query.handleSelectQuery (D:\A\sever\node_modules\sequelize\lib\dialects\abstract\query.js:267:24)
    at Query.formatResults (D:\A\sever\node_modules\sequelize\lib\dialects\mysql\query.js:135:21)
    at Utils.Promise.then.then.results (D:\A\sever\node_modules\sequelize\lib\dialects\mysql\query.js:88:29)
    at tryCatcher (D:\A\sever\node_modules\bluebird\js\release\util.js:16:23)
    at Promise._settlePromiseFromHandler (D:\A\sever\node_modules\bluebird\js\release\promise.js:512:31)
    at Promise._settlePromise (D:\A\sever\node_modules\bluebird\js\release\promise.js:569:18)
    at Promise._settlePromise0 (D:\A\sever\node_modules\bluebird\js\release\promise.js:614:10)
    at Promise._settlePromises (D:\A\sever\node_modules\bluebird\js\release\promise.js:693:18)
    at Async._drainQueue (D:\A\sever\node_modules\bluebird\js\release\async.js:133:16)
    at Async._drainQueues (D:\A\sever\node_modules\bluebird\js\release\async.js:143:10)
    at Immediate.Async.drainQueues (D:\A\sever\node_modules\bluebird\js\release\async.js:17:14)
    at runCallback (timers.js:789:20)
    at tryOnImmediate (timers.js:751:5)
    at processImmediate [as _immediateCallback] (timers.js:722:5) (in errorHandle.js:24)[22m[39m
[31m[1m14:48:13.67 <error> InternalServerError: ÊúçÂä°Âô®ÂÜÖÈÉ®ÈîôËØØ-updateÈîôËØØ!
    at Object.throw (D:\A\sever\node_modules\koa\lib\context.js:93:11)
    at S.query.catch.err (D:\A\sever\controllers\article.js:231:22)
    at tryCatcher (D:\A\sever\node_modules\bluebird\js\release\util.js:16:23)
    at Promise._settlePromiseFromHandler (D:\A\sever\node_modules\bluebird\js\release\promise.js:512:31)
    at Promise._settlePromise (D:\A\sever\node_modules\bluebird\js\release\promise.js:569:18)
    at Promise._settlePromise0 (D:\A\sever\node_modules\bluebird\js\release\promise.js:614:10)
    at Promise._settlePromises (D:\A\sever\node_modules\bluebird\js\release\promise.js:689:18)
    at Async._drainQueue (D:\A\sever\node_modules\bluebird\js\release\async.js:133:16)
    at Async._drainQueues (D:\A\sever\node_modules\bluebird\js\release\async.js:143:10)
    at Immediate.Async.drainQueues (D:\A\sever\node_modules\bluebird\js\release\async.js:17:14)
    at runCallback (timers.js:789:20)
    at tryOnImmediate (timers.js:751:5)
    at processImmediate [as _immediateCallback] (timers.js:722:5) (in errorHandle.js:24)[22m[39m
[31m[1m17:07:48.32 <error> InternalServerError: ÊúçÂä°Âô®ÂÜÖÈÉ®ÈîôËØØ-Article.createÈîôËØØ!
    at Object.throw (D:\A\sever\node_modules\koa\lib\context.js:93:11)
    at S.Article.create.catch.err (D:\A\sever\controllers\article.js:483:22)
    at tryCatcher (D:\A\sever\node_modules\bluebird\js\release\util.js:16:23)
    at Promise._settlePromiseFromHandler (D:\A\sever\node_modules\bluebird\js\release\promise.js:512:31)
    at Promise._settlePromise (D:\A\sever\node_modules\bluebird\js\release\promise.js:569:18)
    at Promise._settlePromise0 (D:\A\sever\node_modules\bluebird\js\release\promise.js:614:10)
    at Promise._settlePromises (D:\A\sever\node_modules\bluebird\js\release\promise.js:689:18)
    at Async._drainQueue (D:\A\sever\node_modules\bluebird\js\release\async.js:133:16)
    at Async._drainQueues (D:\A\sever\node_modules\bluebird\js\release\async.js:143:10)
    at Immediate.Async.drainQueues (D:\A\sever\node_modules\bluebird\js\release\async.js:17:14)
    at runCallback (timers.js:789:20)
    at tryOnImmediate (timers.js:751:5)
    at processImmediate [as _immediateCallback] (timers.js:722:5) (in errorHandle.js:24)[22m[39m
